

Started GET "/users" for 127.0.0.1 at 2016-04-24 21:17:00 +0300
  [1m[36mActiveRecord::SchemaMigration Load (0.4ms)[0m  [1mSELECT "schema_migrations".* FROM "schema_migrations"[0m
Processing by UsersController#index as HTML
  Parameters: {"user"=>{}}
  [1m[35mUser Load (1.0ms)[0m  SELECT  "users".* FROM "users" WHERE "users"."token" = ? LIMIT 1  [["token", "a60a93de6ca842388820812d456c37bf"]]
  Rendered users/_user.json.jbuilder (1.7ms)
  Rendered users/index.json.jbuilder (13.1ms)
Completed 200 OK in 60ms (Views: 24.2ms | ActiveRecord: 2.0ms)


Started GET "/users" for 127.0.0.1 at 2016-04-24 21:20:14 +0300
Processing by UsersController#index as HTML
  Parameters: {"user"=>{}}
  [1m[36mUser Load (0.1ms)[0m  [1mSELECT  "users".* FROM "users" WHERE "users"."token" = ? LIMIT 1[0m  [["token", "a60a93de6ca842388820812d456c37bf"]]
  Rendered users/_user.json.jbuilder (0.5ms)
  Rendered users/index.json.jbuilder (1.1ms)
Completed 200 OK in 3ms (Views: 2.6ms | ActiveRecord: 0.1ms)


Started GET "/users" for 127.0.0.1 at 2016-04-24 21:20:21 +0300
Processing by UsersController#index as HTML
  Parameters: {"user"=>{}}
  [1m[35mUser Load (0.1ms)[0m  SELECT  "users".* FROM "users" WHERE "users"."token" = ? LIMIT 1  [["token", "a60a93de6ca842388820812d456c37bf"]]
  Rendered users/_user.json.jbuilder (12.2ms)
  Rendered users/index.json.jbuilder (12.9ms)
Completed 500 Internal Server Error in 15ms (ActiveRecord: 0.1ms)

ActionView::Template::Error (undefined method `to_float' for #<BigDecimal:7fae57c8a188,'0.4E1',9(18)>):
    1: json.extract! user, :id, :email, :name, :rating_count, :created_at, :updated_at
    2: json.rating user.rating.to_float
  app/views/users/_user.json.jbuilder:2:in `_app_views_users__user_json_jbuilder___2701659334150746983_70193386915960'
  app/views/users/index.json.jbuilder:1:in `_app_views_users_index_json_jbuilder__985070821292671808_70193387162400'


  Rendered /Users/arielpollack/.rvm/rubies/ruby-2.1.2/lib/ruby/gems/2.1.0/gems/actionpack-4.2.6/lib/action_dispatch/middleware/templates/rescues/_source.erb (9.6ms)
  Rendered /Users/arielpollack/.rvm/rubies/ruby-2.1.2/lib/ruby/gems/2.1.0/gems/actionpack-4.2.6/lib/action_dispatch/middleware/templates/rescues/_trace.html.erb (3.0ms)
  Rendered /Users/arielpollack/.rvm/rubies/ruby-2.1.2/lib/ruby/gems/2.1.0/gems/actionpack-4.2.6/lib/action_dispatch/middleware/templates/rescues/_request_and_response.html.erb (10.5ms)
  Rendered /Users/arielpollack/.rvm/rubies/ruby-2.1.2/lib/ruby/gems/2.1.0/gems/actionpack-4.2.6/lib/action_dispatch/middleware/templates/rescues/template_error.html.erb within rescues/layout (39.9ms)
  Rendered /Users/arielpollack/.rvm/rubies/ruby-2.1.2/lib/ruby/gems/2.1.0/gems/web-console-2.3.0/lib/web_console/templates/_markup.html.erb (0.5ms)
  Rendered /Users/arielpollack/.rvm/rubies/ruby-2.1.2/lib/ruby/gems/2.1.0/gems/web-console-2.3.0/lib/web_console/templates/_inner_console_markup.html.erb within layouts/inlined_string (0.3ms)
  Rendered /Users/arielpollack/.rvm/rubies/ruby-2.1.2/lib/ruby/gems/2.1.0/gems/web-console-2.3.0/lib/web_console/templates/_prompt_box_markup.html.erb within layouts/inlined_string (0.3ms)
  Rendered /Users/arielpollack/.rvm/rubies/ruby-2.1.2/lib/ruby/gems/2.1.0/gems/web-console-2.3.0/lib/web_console/templates/style.css.erb within layouts/inlined_string (0.3ms)
  Rendered /Users/arielpollack/.rvm/rubies/ruby-2.1.2/lib/ruby/gems/2.1.0/gems/web-console-2.3.0/lib/web_console/templates/console.js.erb within layouts/javascript (27.4ms)
  Rendered /Users/arielpollack/.rvm/rubies/ruby-2.1.2/lib/ruby/gems/2.1.0/gems/web-console-2.3.0/lib/web_console/templates/main.js.erb within layouts/javascript (0.4ms)
  Rendered /Users/arielpollack/.rvm/rubies/ruby-2.1.2/lib/ruby/gems/2.1.0/gems/web-console-2.3.0/lib/web_console/templates/error_page.js.erb within layouts/javascript (0.5ms)
  Rendered /Users/arielpollack/.rvm/rubies/ruby-2.1.2/lib/ruby/gems/2.1.0/gems/web-console-2.3.0/lib/web_console/templates/index.html.erb (51.2ms)


Started GET "/users" for 127.0.0.1 at 2016-04-24 21:20:28 +0300
Processing by UsersController#index as HTML
  Parameters: {"user"=>{}}
  [1m[36mUser Load (0.1ms)[0m  [1mSELECT  "users".* FROM "users" WHERE "users"."token" = ? LIMIT 1[0m  [["token", "a60a93de6ca842388820812d456c37bf"]]
  Rendered users/_user.json.jbuilder (2.2ms)
  Rendered users/index.json.jbuilder (2.8ms)
Completed 500 Internal Server Error in 6ms (ActiveRecord: 0.1ms)

ActionView::Template::Error (undefined method `to_decimal' for #<BigDecimal:7fae57b7a9c8,'0.4E1',9(18)>):
    1: json.extract! user, :id, :email, :name, :rating_count, :created_at, :updated_at
    2: json.rating user.rating.to_decimal
  app/views/users/_user.json.jbuilder:2:in `_app_views_users__user_json_jbuilder___2701659334150746983_70193397484300'
  app/views/users/index.json.jbuilder:1:in `_app_views_users_index_json_jbuilder__985070821292671808_70193387162400'


  Rendered /Users/arielpollack/.rvm/rubies/ruby-2.1.2/lib/ruby/gems/2.1.0/gems/actionpack-4.2.6/lib/action_dispatch/middleware/templates/rescues/_source.erb (7.2ms)
  Rendered /Users/arielpollack/.rvm/rubies/ruby-2.1.2/lib/ruby/gems/2.1.0/gems/actionpack-4.2.6/lib/action_dispatch/middleware/templates/rescues/_trace.html.erb (2.5ms)
  Rendered /Users/arielpollack/.rvm/rubies/ruby-2.1.2/lib/ruby/gems/2.1.0/gems/actionpack-4.2.6/lib/action_dispatch/middleware/templates/rescues/_request_and_response.html.erb (1.0ms)
  Rendered /Users/arielpollack/.rvm/rubies/ruby-2.1.2/lib/ruby/gems/2.1.0/gems/actionpack-4.2.6/lib/action_dispatch/middleware/templates/rescues/template_error.html.erb within rescues/layout (22.5ms)
  Rendered /Users/arielpollack/.rvm/rubies/ruby-2.1.2/lib/ruby/gems/2.1.0/gems/web-console-2.3.0/lib/web_console/templates/_markup.html.erb (0.4ms)
  Rendered /Users/arielpollack/.rvm/rubies/ruby-2.1.2/lib/ruby/gems/2.1.0/gems/web-console-2.3.0/lib/web_console/templates/_inner_console_markup.html.erb within layouts/inlined_string (0.2ms)
  Rendered /Users/arielpollack/.rvm/rubies/ruby-2.1.2/lib/ruby/gems/2.1.0/gems/web-console-2.3.0/lib/web_console/templates/_prompt_box_markup.html.erb within layouts/inlined_string (0.2ms)
  Rendered /Users/arielpollack/.rvm/rubies/ruby-2.1.2/lib/ruby/gems/2.1.0/gems/web-console-2.3.0/lib/web_console/templates/style.css.erb within layouts/inlined_string (0.5ms)
  Rendered /Users/arielpollack/.rvm/rubies/ruby-2.1.2/lib/ruby/gems/2.1.0/gems/web-console-2.3.0/lib/web_console/templates/console.js.erb within layouts/javascript (14.0ms)
  Rendered /Users/arielpollack/.rvm/rubies/ruby-2.1.2/lib/ruby/gems/2.1.0/gems/web-console-2.3.0/lib/web_console/templates/main.js.erb within layouts/javascript (0.3ms)
  Rendered /Users/arielpollack/.rvm/rubies/ruby-2.1.2/lib/ruby/gems/2.1.0/gems/web-console-2.3.0/lib/web_console/templates/error_page.js.erb within layouts/javascript (0.4ms)
  Rendered /Users/arielpollack/.rvm/rubies/ruby-2.1.2/lib/ruby/gems/2.1.0/gems/web-console-2.3.0/lib/web_console/templates/index.html.erb (31.1ms)


Started GET "/users" for 127.0.0.1 at 2016-04-24 21:20:56 +0300
Processing by UsersController#index as HTML
  Parameters: {"user"=>{}}
  [1m[35mUser Load (0.1ms)[0m  SELECT  "users".* FROM "users" WHERE "users"."token" = ? LIMIT 1  [["token", "a60a93de6ca842388820812d456c37bf"]]
  Rendered users/_user.json.jbuilder (0.6ms)
  Rendered users/index.json.jbuilder (1.9ms)
Completed 200 OK in 4ms (Views: 3.4ms | ActiveRecord: 0.1ms)


Started GET "/users/1/reviews" for 127.0.0.1 at 2016-04-24 21:21:39 +0300
Processing by ReviewsController#index as HTML
  Parameters: {"user_id"=>"1", "review"=>{}}
  Rendered reviews/index.json.jbuilder (2.3ms)
Completed 500 Internal Server Error in 7ms (ActiveRecord: 0.1ms)

ActionView::Template::Error (undefined method `reviews' for nil:NilClass):
    1: json.array! @user.reviews do |review|
    2: 	json.partial! 'reviews/review', :review => review
    3: end
  app/views/reviews/index.json.jbuilder:1:in `_app_views_reviews_index_json_jbuilder__1939701356823899063_70193385802160'


  Rendered /Users/arielpollack/.rvm/rubies/ruby-2.1.2/lib/ruby/gems/2.1.0/gems/actionpack-4.2.6/lib/action_dispatch/middleware/templates/rescues/_source.erb (6.3ms)
  Rendered /Users/arielpollack/.rvm/rubies/ruby-2.1.2/lib/ruby/gems/2.1.0/gems/actionpack-4.2.6/lib/action_dispatch/middleware/templates/rescues/_trace.html.erb (2.4ms)
  Rendered /Users/arielpollack/.rvm/rubies/ruby-2.1.2/lib/ruby/gems/2.1.0/gems/actionpack-4.2.6/lib/action_dispatch/middleware/templates/rescues/_request_and_response.html.erb (0.9ms)
  Rendered /Users/arielpollack/.rvm/rubies/ruby-2.1.2/lib/ruby/gems/2.1.0/gems/actionpack-4.2.6/lib/action_dispatch/middleware/templates/rescues/template_error.html.erb within rescues/layout (20.4ms)
  Rendered /Users/arielpollack/.rvm/rubies/ruby-2.1.2/lib/ruby/gems/2.1.0/gems/web-console-2.3.0/lib/web_console/templates/_markup.html.erb (0.3ms)
  Rendered /Users/arielpollack/.rvm/rubies/ruby-2.1.2/lib/ruby/gems/2.1.0/gems/web-console-2.3.0/lib/web_console/templates/_inner_console_markup.html.erb within layouts/inlined_string (0.2ms)
  Rendered /Users/arielpollack/.rvm/rubies/ruby-2.1.2/lib/ruby/gems/2.1.0/gems/web-console-2.3.0/lib/web_console/templates/_prompt_box_markup.html.erb within layouts/inlined_string (0.5ms)
  Rendered /Users/arielpollack/.rvm/rubies/ruby-2.1.2/lib/ruby/gems/2.1.0/gems/web-console-2.3.0/lib/web_console/templates/style.css.erb within layouts/inlined_string (0.4ms)
  Rendered /Users/arielpollack/.rvm/rubies/ruby-2.1.2/lib/ruby/gems/2.1.0/gems/web-console-2.3.0/lib/web_console/templates/console.js.erb within layouts/javascript (13.9ms)
  Rendered /Users/arielpollack/.rvm/rubies/ruby-2.1.2/lib/ruby/gems/2.1.0/gems/web-console-2.3.0/lib/web_console/templates/main.js.erb within layouts/javascript (0.2ms)
  Rendered /Users/arielpollack/.rvm/rubies/ruby-2.1.2/lib/ruby/gems/2.1.0/gems/web-console-2.3.0/lib/web_console/templates/error_page.js.erb within layouts/javascript (0.4ms)
  Rendered /Users/arielpollack/.rvm/rubies/ruby-2.1.2/lib/ruby/gems/2.1.0/gems/web-console-2.3.0/lib/web_console/templates/index.html.erb (27.9ms)
  [1m[36mUser Load (0.2ms)[0m  [1mSELECT  "users".* FROM "users"  ORDER BY "users"."id" ASC LIMIT 1[0m
  [1m[35mReview Load (0.9ms)[0m  SELECT "reviews".* FROM "reviews" WHERE "reviews"."user_id" = ?  [["user_id", 1]]


Started GET "/users/1/reviews" for 127.0.0.1 at 2016-04-24 21:28:04 +0300
Processing by ReviewsController#index as HTML
  Parameters: {"user_id"=>"1", "review"=>{}}
Completed 500 Internal Server Error in 10ms (ActiveRecord: 0.5ms)

NoMethodError (undefined method `contains' for #<Class:0x007fae59018dd0>):
  app/controllers/reviews_controller.rb:7:in `index'


  Rendered /Users/arielpollack/.rvm/rubies/ruby-2.1.2/lib/ruby/gems/2.1.0/gems/actionpack-4.2.6/lib/action_dispatch/middleware/templates/rescues/_source.erb (12.1ms)
  Rendered /Users/arielpollack/.rvm/rubies/ruby-2.1.2/lib/ruby/gems/2.1.0/gems/actionpack-4.2.6/lib/action_dispatch/middleware/templates/rescues/_trace.html.erb (2.4ms)
  Rendered /Users/arielpollack/.rvm/rubies/ruby-2.1.2/lib/ruby/gems/2.1.0/gems/actionpack-4.2.6/lib/action_dispatch/middleware/templates/rescues/_request_and_response.html.erb (1.2ms)
  Rendered /Users/arielpollack/.rvm/rubies/ruby-2.1.2/lib/ruby/gems/2.1.0/gems/actionpack-4.2.6/lib/action_dispatch/middleware/templates/rescues/diagnostics.html.erb within rescues/layout (28.9ms)
  Rendered /Users/arielpollack/.rvm/rubies/ruby-2.1.2/lib/ruby/gems/2.1.0/gems/web-console-2.3.0/lib/web_console/templates/_markup.html.erb (0.5ms)
  Rendered /Users/arielpollack/.rvm/rubies/ruby-2.1.2/lib/ruby/gems/2.1.0/gems/web-console-2.3.0/lib/web_console/templates/_inner_console_markup.html.erb within layouts/inlined_string (0.3ms)
  Rendered /Users/arielpollack/.rvm/rubies/ruby-2.1.2/lib/ruby/gems/2.1.0/gems/web-console-2.3.0/lib/web_console/templates/_prompt_box_markup.html.erb within layouts/inlined_string (0.4ms)
  Rendered /Users/arielpollack/.rvm/rubies/ruby-2.1.2/lib/ruby/gems/2.1.0/gems/web-console-2.3.0/lib/web_console/templates/style.css.erb within layouts/inlined_string (0.4ms)
  Rendered /Users/arielpollack/.rvm/rubies/ruby-2.1.2/lib/ruby/gems/2.1.0/gems/web-console-2.3.0/lib/web_console/templates/console.js.erb within layouts/javascript (15.6ms)
  Rendered /Users/arielpollack/.rvm/rubies/ruby-2.1.2/lib/ruby/gems/2.1.0/gems/web-console-2.3.0/lib/web_console/templates/main.js.erb within layouts/javascript (0.3ms)
  Rendered /Users/arielpollack/.rvm/rubies/ruby-2.1.2/lib/ruby/gems/2.1.0/gems/web-console-2.3.0/lib/web_console/templates/error_page.js.erb within layouts/javascript (0.5ms)
  Rendered /Users/arielpollack/.rvm/rubies/ruby-2.1.2/lib/ruby/gems/2.1.0/gems/web-console-2.3.0/lib/web_console/templates/index.html.erb (34.4ms)


Started GET "/users/1/reviews" for 127.0.0.1 at 2016-04-24 21:29:31 +0300
Processing by ReviewsController#index as HTML
  Parameters: {"user_id"=>"1", "review"=>{}}
  [1m[36mUser Load (0.2ms)[0m  [1mSELECT  "users".* FROM "users" WHERE "users"."token" = ? LIMIT 1[0m  [["token", "a60a93de6ca842388820812d456c37bf"]]
Completed 500 Internal Server Error in 21ms (ActiveRecord: 1.2ms)

NoMethodError (undefined method `contains' for #<Class:0x007fae57d19220>):
  app/controllers/reviews_controller.rb:6:in `index'


  Rendered /Users/arielpollack/.rvm/rubies/ruby-2.1.2/lib/ruby/gems/2.1.0/gems/actionpack-4.2.6/lib/action_dispatch/middleware/templates/rescues/_source.erb (4.4ms)
  Rendered /Users/arielpollack/.rvm/rubies/ruby-2.1.2/lib/ruby/gems/2.1.0/gems/actionpack-4.2.6/lib/action_dispatch/middleware/templates/rescues/_trace.html.erb (2.1ms)
  Rendered /Users/arielpollack/.rvm/rubies/ruby-2.1.2/lib/ruby/gems/2.1.0/gems/actionpack-4.2.6/lib/action_dispatch/middleware/templates/rescues/_request_and_response.html.erb (1.0ms)
  Rendered /Users/arielpollack/.rvm/rubies/ruby-2.1.2/lib/ruby/gems/2.1.0/gems/actionpack-4.2.6/lib/action_dispatch/middleware/templates/rescues/diagnostics.html.erb within rescues/layout (18.8ms)
  Rendered /Users/arielpollack/.rvm/rubies/ruby-2.1.2/lib/ruby/gems/2.1.0/gems/web-console-2.3.0/lib/web_console/templates/_markup.html.erb (0.3ms)
  Rendered /Users/arielpollack/.rvm/rubies/ruby-2.1.2/lib/ruby/gems/2.1.0/gems/web-console-2.3.0/lib/web_console/templates/_inner_console_markup.html.erb within layouts/inlined_string (0.3ms)
  Rendered /Users/arielpollack/.rvm/rubies/ruby-2.1.2/lib/ruby/gems/2.1.0/gems/web-console-2.3.0/lib/web_console/templates/_prompt_box_markup.html.erb within layouts/inlined_string (0.3ms)
  Rendered /Users/arielpollack/.rvm/rubies/ruby-2.1.2/lib/ruby/gems/2.1.0/gems/web-console-2.3.0/lib/web_console/templates/style.css.erb within layouts/inlined_string (0.4ms)
  Rendered /Users/arielpollack/.rvm/rubies/ruby-2.1.2/lib/ruby/gems/2.1.0/gems/web-console-2.3.0/lib/web_console/templates/console.js.erb within layouts/javascript (14.9ms)
  Rendered /Users/arielpollack/.rvm/rubies/ruby-2.1.2/lib/ruby/gems/2.1.0/gems/web-console-2.3.0/lib/web_console/templates/main.js.erb within layouts/javascript (0.2ms)
  Rendered /Users/arielpollack/.rvm/rubies/ruby-2.1.2/lib/ruby/gems/2.1.0/gems/web-console-2.3.0/lib/web_console/templates/error_page.js.erb within layouts/javascript (0.4ms)
  Rendered /Users/arielpollack/.rvm/rubies/ruby-2.1.2/lib/ruby/gems/2.1.0/gems/web-console-2.3.0/lib/web_console/templates/index.html.erb (29.9ms)


Started GET "/users/1/reviews" for 127.0.0.1 at 2016-04-24 21:31:14 +0300
Processing by ReviewsController#index as HTML
  Parameters: {"user_id"=>"1", "review"=>{}}
  [1m[35mUser Load (0.1ms)[0m  SELECT  "users".* FROM "users" WHERE "users"."token" = ? LIMIT 1  [["token", "a60a93de6ca842388820812d456c37bf"]]
  [1m[36mUser Load (0.2ms)[0m  [1mSELECT  "users".* FROM "users" WHERE "users"."id" = ? LIMIT 1[0m  [["id", 1]]
  [1m[35mReview Load (0.2ms)[0m  SELECT "reviews".* FROM "reviews" WHERE "reviews"."user_id" IN (1)
  Rendered reviews/_review.json.jbuilder (2.9ms)
  Rendered reviews/index.json.jbuilder (4.1ms)
Completed 500 Internal Server Error in 62ms (ActiveRecord: 1.5ms)

ActionView::Template::Error (undefined method `details' for #<Review:0x007fae57d09cf8>):
    1: json.extract! review, :id, :rate, :details, :created_at, :updated_at
    2: json.user do
    3: 	json.partial! 'users/user', :user => review.user
    4: end
  app/views/reviews/_review.json.jbuilder:1:in `_app_views_reviews__review_json_jbuilder___183137597541038492_70193397713960'
  app/views/reviews/index.json.jbuilder:2:in `block in _app_views_reviews_index_json_jbuilder__1939701356823899063_70193385802160'
  app/views/reviews/index.json.jbuilder:1:in `_app_views_reviews_index_json_jbuilder__1939701356823899063_70193385802160'


  Rendered /Users/arielpollack/.rvm/rubies/ruby-2.1.2/lib/ruby/gems/2.1.0/gems/actionpack-4.2.6/lib/action_dispatch/middleware/templates/rescues/_source.erb (6.9ms)
  Rendered /Users/arielpollack/.rvm/rubies/ruby-2.1.2/lib/ruby/gems/2.1.0/gems/actionpack-4.2.6/lib/action_dispatch/middleware/templates/rescues/_trace.html.erb (2.8ms)
  Rendered /Users/arielpollack/.rvm/rubies/ruby-2.1.2/lib/ruby/gems/2.1.0/gems/actionpack-4.2.6/lib/action_dispatch/middleware/templates/rescues/_request_and_response.html.erb (0.8ms)
  Rendered /Users/arielpollack/.rvm/rubies/ruby-2.1.2/lib/ruby/gems/2.1.0/gems/actionpack-4.2.6/lib/action_dispatch/middleware/templates/rescues/template_error.html.erb within rescues/layout (20.6ms)
  Rendered /Users/arielpollack/.rvm/rubies/ruby-2.1.2/lib/ruby/gems/2.1.0/gems/web-console-2.3.0/lib/web_console/templates/_markup.html.erb (0.3ms)
  Rendered /Users/arielpollack/.rvm/rubies/ruby-2.1.2/lib/ruby/gems/2.1.0/gems/web-console-2.3.0/lib/web_console/templates/_inner_console_markup.html.erb within layouts/inlined_string (0.2ms)
  Rendered /Users/arielpollack/.rvm/rubies/ruby-2.1.2/lib/ruby/gems/2.1.0/gems/web-console-2.3.0/lib/web_console/templates/_prompt_box_markup.html.erb within layouts/inlined_string (0.3ms)
  Rendered /Users/arielpollack/.rvm/rubies/ruby-2.1.2/lib/ruby/gems/2.1.0/gems/web-console-2.3.0/lib/web_console/templates/style.css.erb within layouts/inlined_string (0.3ms)
  Rendered /Users/arielpollack/.rvm/rubies/ruby-2.1.2/lib/ruby/gems/2.1.0/gems/web-console-2.3.0/lib/web_console/templates/console.js.erb within layouts/javascript (12.7ms)
  Rendered /Users/arielpollack/.rvm/rubies/ruby-2.1.2/lib/ruby/gems/2.1.0/gems/web-console-2.3.0/lib/web_console/templates/main.js.erb within layouts/javascript (0.3ms)
  Rendered /Users/arielpollack/.rvm/rubies/ruby-2.1.2/lib/ruby/gems/2.1.0/gems/web-console-2.3.0/lib/web_console/templates/error_page.js.erb within layouts/javascript (0.3ms)
  Rendered /Users/arielpollack/.rvm/rubies/ruby-2.1.2/lib/ruby/gems/2.1.0/gems/web-console-2.3.0/lib/web_console/templates/index.html.erb (27.2ms)


Started GET "/users/1/reviews" for 127.0.0.1 at 2016-04-24 21:31:31 +0300
Processing by ReviewsController#index as HTML
  Parameters: {"user_id"=>"1", "review"=>{}}
  [1m[36mUser Load (0.1ms)[0m  [1mSELECT  "users".* FROM "users" WHERE "users"."token" = ? LIMIT 1[0m  [["token", "a60a93de6ca842388820812d456c37bf"]]
  [1m[35mUser Load (0.1ms)[0m  SELECT  "users".* FROM "users" WHERE "users"."id" = ? LIMIT 1  [["id", 1]]
  [1m[36mReview Load (0.1ms)[0m  [1mSELECT "reviews".* FROM "reviews" WHERE "reviews"."user_id" IN (1)[0m
  Rendered users/_user.json.jbuilder (0.2ms)
  [1m[35mUser Load (0.1ms)[0m  SELECT  "users".* FROM "users" WHERE "users"."id" = ? LIMIT 1  [["id", 4]]
  Rendered users/_user.json.jbuilder (0.2ms)
  Rendered reviews/_review.json.jbuilder (4.2ms)
  Rendered users/_user.json.jbuilder (0.1ms)
  [1m[36mUser Load (0.1ms)[0m  [1mSELECT  "users".* FROM "users" WHERE "users"."id" = ? LIMIT 1[0m  [["id", 3]]
  Rendered users/_user.json.jbuilder (0.3ms)
  Rendered reviews/_review.json.jbuilder (21.9ms)
  Rendered users/_user.json.jbuilder (0.1ms)
  [1m[35mCACHE (0.0ms)[0m  SELECT  "users".* FROM "users" WHERE "users"."id" = ? LIMIT 1  [["id", 4]]
  Rendered users/_user.json.jbuilder (0.3ms)
  Rendered reviews/_review.json.jbuilder (3.2ms)
  Rendered reviews/index.json.jbuilder (32.8ms)
Completed 200 OK in 38ms (Views: 34.1ms | ActiveRecord: 0.6ms)


Started GET "/users/1/reviews" for 127.0.0.1 at 2016-04-24 21:32:36 +0300
Processing by ReviewsController#index as HTML
  Parameters: {"user_id"=>"1", "review"=>{}}
  [1m[36mUser Load (0.1ms)[0m  [1mSELECT  "users".* FROM "users" WHERE "users"."token" = ? LIMIT 1[0m  [["token", "a60a93de6ca842388820812d456c37bf"]]
  [1m[35mUser Load (0.1ms)[0m  SELECT  "users".* FROM "users" WHERE "users"."id" = ? LIMIT 1  [["id", 1]]
  [1m[36mReview Load (0.2ms)[0m  [1mSELECT "reviews".* FROM "reviews" WHERE "reviews"."user_id" IN (1)[0m
  Rendered reviews/_review.json.jbuilder (11.0ms)
  Rendered reviews/index.json.jbuilder (11.6ms)
Completed 500 Internal Server Error in 17ms (ActiveRecord: 0.4ms)

ActionView::Template::Error (undefined local variable or method `include_user' for #<#<Class:0x007fae59139ac0>:0x007fae54549a98>):
    1: json.extract! review, :id, :rate, :feedback, :created_at, :updated_at
    2: if include_user.present?
    3: 	json.user do
    4: 		json.partial! 'users/user', :user => review.user
    5: 	end
  app/views/reviews/_review.json.jbuilder:2:in `_app_views_reviews__review_json_jbuilder___183137597541038492_70193362835880'
  app/views/reviews/index.json.jbuilder:2:in `block in _app_views_reviews_index_json_jbuilder__1939701356823899063_70193385802160'
  app/views/reviews/index.json.jbuilder:1:in `_app_views_reviews_index_json_jbuilder__1939701356823899063_70193385802160'


  Rendered /Users/arielpollack/.rvm/rubies/ruby-2.1.2/lib/ruby/gems/2.1.0/gems/actionpack-4.2.6/lib/action_dispatch/middleware/templates/rescues/_source.erb (7.1ms)
  Rendered /Users/arielpollack/.rvm/rubies/ruby-2.1.2/lib/ruby/gems/2.1.0/gems/actionpack-4.2.6/lib/action_dispatch/middleware/templates/rescues/_trace.html.erb (2.8ms)
  Rendered /Users/arielpollack/.rvm/rubies/ruby-2.1.2/lib/ruby/gems/2.1.0/gems/actionpack-4.2.6/lib/action_dispatch/middleware/templates/rescues/_request_and_response.html.erb (1.1ms)
  Rendered /Users/arielpollack/.rvm/rubies/ruby-2.1.2/lib/ruby/gems/2.1.0/gems/actionpack-4.2.6/lib/action_dispatch/middleware/templates/rescues/template_error.html.erb within rescues/layout (22.1ms)
  Rendered /Users/arielpollack/.rvm/rubies/ruby-2.1.2/lib/ruby/gems/2.1.0/gems/web-console-2.3.0/lib/web_console/templates/_markup.html.erb (0.4ms)
  Rendered /Users/arielpollack/.rvm/rubies/ruby-2.1.2/lib/ruby/gems/2.1.0/gems/web-console-2.3.0/lib/web_console/templates/_inner_console_markup.html.erb within layouts/inlined_string (0.3ms)
  Rendered /Users/arielpollack/.rvm/rubies/ruby-2.1.2/lib/ruby/gems/2.1.0/gems/web-console-2.3.0/lib/web_console/templates/_prompt_box_markup.html.erb within layouts/inlined_string (0.3ms)
  Rendered /Users/arielpollack/.rvm/rubies/ruby-2.1.2/lib/ruby/gems/2.1.0/gems/web-console-2.3.0/lib/web_console/templates/style.css.erb within layouts/inlined_string (0.4ms)
  Rendered /Users/arielpollack/.rvm/rubies/ruby-2.1.2/lib/ruby/gems/2.1.0/gems/web-console-2.3.0/lib/web_console/templates/console.js.erb within layouts/javascript (15.3ms)
  Rendered /Users/arielpollack/.rvm/rubies/ruby-2.1.2/lib/ruby/gems/2.1.0/gems/web-console-2.3.0/lib/web_console/templates/main.js.erb within layouts/javascript (0.3ms)
  Rendered /Users/arielpollack/.rvm/rubies/ruby-2.1.2/lib/ruby/gems/2.1.0/gems/web-console-2.3.0/lib/web_console/templates/error_page.js.erb within layouts/javascript (0.3ms)
  Rendered /Users/arielpollack/.rvm/rubies/ruby-2.1.2/lib/ruby/gems/2.1.0/gems/web-console-2.3.0/lib/web_console/templates/index.html.erb (32.8ms)


Started GET "/users/1/reviews" for 127.0.0.1 at 2016-04-24 21:35:28 +0300
Processing by ReviewsController#index as HTML
  Parameters: {"user_id"=>"1", "review"=>{}}
  [1m[35mUser Load (0.2ms)[0m  SELECT  "users".* FROM "users" WHERE "users"."token" = ? LIMIT 1  [["token", "a60a93de6ca842388820812d456c37bf"]]
  [1m[36mReview Load (0.2ms)[0m  [1mSELECT  "reviews".* FROM "reviews" WHERE "reviews"."user_id" = ? LIMIT 1[0m  [["user_id", 1]]
  [1m[35mUser Load (0.2ms)[0m  SELECT "users".* FROM "users" WHERE "users"."id" IN (4)
  Rendered reviews/index.json.jbuilder (1.8ms)
Completed 500 Internal Server Error in 33ms (ActiveRecord: 1.5ms)

ActionView::Template::Error (undefined method `reviews' for nil:NilClass):
    1: json.array! @user.reviews do |review|
    2: 	json.partial! 'reviews/review', :review => review
    3: end
  app/views/reviews/index.json.jbuilder:1:in `_app_views_reviews_index_json_jbuilder__1939701356823899063_70193385802160'


  Rendered /Users/arielpollack/.rvm/rubies/ruby-2.1.2/lib/ruby/gems/2.1.0/gems/actionpack-4.2.6/lib/action_dispatch/middleware/templates/rescues/_source.erb (5.7ms)
  Rendered /Users/arielpollack/.rvm/rubies/ruby-2.1.2/lib/ruby/gems/2.1.0/gems/actionpack-4.2.6/lib/action_dispatch/middleware/templates/rescues/_trace.html.erb (2.6ms)
  Rendered /Users/arielpollack/.rvm/rubies/ruby-2.1.2/lib/ruby/gems/2.1.0/gems/actionpack-4.2.6/lib/action_dispatch/middleware/templates/rescues/_request_and_response.html.erb (0.9ms)
  Rendered /Users/arielpollack/.rvm/rubies/ruby-2.1.2/lib/ruby/gems/2.1.0/gems/actionpack-4.2.6/lib/action_dispatch/middleware/templates/rescues/template_error.html.erb within rescues/layout (20.3ms)
  Rendered /Users/arielpollack/.rvm/rubies/ruby-2.1.2/lib/ruby/gems/2.1.0/gems/web-console-2.3.0/lib/web_console/templates/_markup.html.erb (0.5ms)
  Rendered /Users/arielpollack/.rvm/rubies/ruby-2.1.2/lib/ruby/gems/2.1.0/gems/web-console-2.3.0/lib/web_console/templates/_inner_console_markup.html.erb within layouts/inlined_string (0.3ms)
  Rendered /Users/arielpollack/.rvm/rubies/ruby-2.1.2/lib/ruby/gems/2.1.0/gems/web-console-2.3.0/lib/web_console/templates/_prompt_box_markup.html.erb within layouts/inlined_string (0.4ms)
  Rendered /Users/arielpollack/.rvm/rubies/ruby-2.1.2/lib/ruby/gems/2.1.0/gems/web-console-2.3.0/lib/web_console/templates/style.css.erb within layouts/inlined_string (0.4ms)
  Rendered /Users/arielpollack/.rvm/rubies/ruby-2.1.2/lib/ruby/gems/2.1.0/gems/web-console-2.3.0/lib/web_console/templates/console.js.erb within layouts/javascript (16.7ms)
  Rendered /Users/arielpollack/.rvm/rubies/ruby-2.1.2/lib/ruby/gems/2.1.0/gems/web-console-2.3.0/lib/web_console/templates/main.js.erb within layouts/javascript (0.2ms)
  Rendered /Users/arielpollack/.rvm/rubies/ruby-2.1.2/lib/ruby/gems/2.1.0/gems/web-console-2.3.0/lib/web_console/templates/error_page.js.erb within layouts/javascript (0.3ms)
  Rendered /Users/arielpollack/.rvm/rubies/ruby-2.1.2/lib/ruby/gems/2.1.0/gems/web-console-2.3.0/lib/web_console/templates/index.html.erb (31.7ms)


Started GET "/users/1/reviews" for 127.0.0.1 at 2016-04-24 21:36:15 +0300
Processing by ReviewsController#index as HTML
  Parameters: {"user_id"=>"1", "review"=>{}}
  [1m[36mUser Load (0.1ms)[0m  [1mSELECT  "users".* FROM "users" WHERE "users"."token" = ? LIMIT 1[0m  [["token", "a60a93de6ca842388820812d456c37bf"]]
  [1m[35mReview Load (0.1ms)[0m  SELECT  "reviews".* FROM "reviews" WHERE "reviews"."user_id" = ? LIMIT 1  [["user_id", 1]]
  [1m[36mUser Load (0.1ms)[0m  [1mSELECT "users".* FROM "users" WHERE "users"."id" IN (4)[0m
  Rendered reviews/index.json.jbuilder (2.3ms)
Completed 500 Internal Server Error in 7ms (ActiveRecord: 0.3ms)

ActionView::Template::Error (undefined method `map' for #<Review:0x007fae54794d20>):
    1: json.array! @reviews do |review|
    2: 	json.partial! 'reviews/review', :review => review
    3: end
  app/views/reviews/index.json.jbuilder:1:in `_app_views_reviews_index_json_jbuilder__1939701356823899063_70193359092180'


  Rendered /Users/arielpollack/.rvm/rubies/ruby-2.1.2/lib/ruby/gems/2.1.0/gems/actionpack-4.2.6/lib/action_dispatch/middleware/templates/rescues/_source.erb (7.0ms)
  Rendered /Users/arielpollack/.rvm/rubies/ruby-2.1.2/lib/ruby/gems/2.1.0/gems/actionpack-4.2.6/lib/action_dispatch/middleware/templates/rescues/_trace.html.erb (2.6ms)
  Rendered /Users/arielpollack/.rvm/rubies/ruby-2.1.2/lib/ruby/gems/2.1.0/gems/actionpack-4.2.6/lib/action_dispatch/middleware/templates/rescues/_request_and_response.html.erb (0.9ms)
  Rendered /Users/arielpollack/.rvm/rubies/ruby-2.1.2/lib/ruby/gems/2.1.0/gems/actionpack-4.2.6/lib/action_dispatch/middleware/templates/rescues/template_error.html.erb within rescues/layout (21.4ms)
  Rendered /Users/arielpollack/.rvm/rubies/ruby-2.1.2/lib/ruby/gems/2.1.0/gems/web-console-2.3.0/lib/web_console/templates/_markup.html.erb (0.4ms)
  Rendered /Users/arielpollack/.rvm/rubies/ruby-2.1.2/lib/ruby/gems/2.1.0/gems/web-console-2.3.0/lib/web_console/templates/_inner_console_markup.html.erb within layouts/inlined_string (0.3ms)
  Rendered /Users/arielpollack/.rvm/rubies/ruby-2.1.2/lib/ruby/gems/2.1.0/gems/web-console-2.3.0/lib/web_console/templates/_prompt_box_markup.html.erb within layouts/inlined_string (0.3ms)
  Rendered /Users/arielpollack/.rvm/rubies/ruby-2.1.2/lib/ruby/gems/2.1.0/gems/web-console-2.3.0/lib/web_console/templates/style.css.erb within layouts/inlined_string (0.5ms)
  Rendered /Users/arielpollack/.rvm/rubies/ruby-2.1.2/lib/ruby/gems/2.1.0/gems/web-console-2.3.0/lib/web_console/templates/console.js.erb within layouts/javascript (14.2ms)
  Rendered /Users/arielpollack/.rvm/rubies/ruby-2.1.2/lib/ruby/gems/2.1.0/gems/web-console-2.3.0/lib/web_console/templates/main.js.erb within layouts/javascript (0.3ms)
  Rendered /Users/arielpollack/.rvm/rubies/ruby-2.1.2/lib/ruby/gems/2.1.0/gems/web-console-2.3.0/lib/web_console/templates/error_page.js.erb within layouts/javascript (0.3ms)
  Rendered /Users/arielpollack/.rvm/rubies/ruby-2.1.2/lib/ruby/gems/2.1.0/gems/web-console-2.3.0/lib/web_console/templates/index.html.erb (30.6ms)


Started GET "/users/1/reviews" for 127.0.0.1 at 2016-04-24 21:36:40 +0300
Processing by ReviewsController#index as HTML
  Parameters: {"user_id"=>"1", "review"=>{}}
  [1m[35mUser Load (0.2ms)[0m  SELECT  "users".* FROM "users" WHERE "users"."token" = ? LIMIT 1  [["token", "a60a93de6ca842388820812d456c37bf"]]
  [1m[36mReview Load (0.2ms)[0m  [1mSELECT "reviews".* FROM "reviews" WHERE "reviews"."user_id" = ?[0m  [["user_id", 1]]
  [1m[35mUser Load (0.3ms)[0m  SELECT "users".* FROM "users" WHERE "users"."id" IN (4, 3)
  Rendered users/_user.json.jbuilder (0.2ms)
  Rendered reviews/_review.json.jbuilder (1.2ms)
  Rendered users/_user.json.jbuilder (0.3ms)
  Rendered reviews/_review.json.jbuilder (1.1ms)
  Rendered users/_user.json.jbuilder (0.1ms)
  Rendered reviews/_review.json.jbuilder (0.6ms)
  Rendered reviews/index.json.jbuilder (40.2ms)
Completed 200 OK in 70ms (Views: 43.0ms | ActiveRecord: 1.6ms)


Started GET "/users/1/reviews" for 127.0.0.1 at 2016-04-24 21:37:03 +0300
Processing by ReviewsController#index as HTML
  Parameters: {"user_id"=>"1", "review"=>{}}
  [1m[36mUser Load (0.2ms)[0m  [1mSELECT  "users".* FROM "users" WHERE "users"."token" = ? LIMIT 1[0m  [["token", "a60a93de6ca842388820812d456c37bf"]]
  [1m[35mReview Load (0.2ms)[0m  SELECT "reviews".* FROM "reviews" INNER JOIN "users" ON "users"."id" = "reviews"."writer_id" WHERE "reviews"."user_id" = ?  [["user_id", 1]]
  [1m[36mUser Load (0.2ms)[0m  [1mSELECT  "users".* FROM "users" WHERE "users"."id" = ? LIMIT 1[0m  [["id", 4]]
  Rendered users/_user.json.jbuilder (0.2ms)
  Rendered reviews/_review.json.jbuilder (2.9ms)
  [1m[35mUser Load (0.1ms)[0m  SELECT  "users".* FROM "users" WHERE "users"."id" = ? LIMIT 1  [["id", 3]]
  Rendered users/_user.json.jbuilder (0.2ms)
  Rendered reviews/_review.json.jbuilder (12.8ms)
  [1m[36mCACHE (0.0ms)[0m  [1mSELECT  "users".* FROM "users" WHERE "users"."id" = ? LIMIT 1[0m  [["id", 4]]
  Rendered users/_user.json.jbuilder (0.1ms)
  Rendered reviews/_review.json.jbuilder (1.3ms)
  Rendered reviews/index.json.jbuilder (50.3ms)
Completed 200 OK in 80ms (Views: 53.2ms | ActiveRecord: 1.6ms)


Started GET "/users/1/reviews" for 127.0.0.1 at 2016-04-24 21:39:24 +0300
Processing by ReviewsController#index as HTML
  Parameters: {"user_id"=>"1", "review"=>{}}
  [1m[35mUser Load (0.2ms)[0m  SELECT  "users".* FROM "users" WHERE "users"."token" = ? LIMIT 1  [["token", "a60a93de6ca842388820812d456c37bf"]]
  [1m[36mReview Load (0.9ms)[0m  [1mSELECT "reviews".* FROM "reviews" LEFT JOIN `user` ON `user`.`user_id` = `reviews`.`writer_id` WHERE "reviews"."user_id" = ?[0m  [["user_id", 1]]
  Rendered reviews/index.json.jbuilder (3.2ms)
Completed 500 Internal Server Error in 26ms (ActiveRecord: 1.8ms)

ActionView::Template::Error (SQLite3::SQLException: no such table: user: SELECT "reviews".* FROM "reviews" LEFT JOIN `user` ON `user`.`user_id` = `reviews`.`writer_id` WHERE "reviews"."user_id" = ?):
    1: json.array! @reviews do |review|
    2: 	json.partial! 'reviews/review', :review => review
    3: end
  app/views/reviews/index.json.jbuilder:1:in `_app_views_reviews_index_json_jbuilder__1939701356823899063_70193359092180'


  Rendered /Users/arielpollack/.rvm/rubies/ruby-2.1.2/lib/ruby/gems/2.1.0/gems/actionpack-4.2.6/lib/action_dispatch/middleware/templates/rescues/_source.erb (7.9ms)
  Rendered /Users/arielpollack/.rvm/rubies/ruby-2.1.2/lib/ruby/gems/2.1.0/gems/actionpack-4.2.6/lib/action_dispatch/middleware/templates/rescues/_trace.html.erb (2.8ms)
  Rendered /Users/arielpollack/.rvm/rubies/ruby-2.1.2/lib/ruby/gems/2.1.0/gems/actionpack-4.2.6/lib/action_dispatch/middleware/templates/rescues/_request_and_response.html.erb (1.2ms)
  Rendered /Users/arielpollack/.rvm/rubies/ruby-2.1.2/lib/ruby/gems/2.1.0/gems/actionpack-4.2.6/lib/action_dispatch/middleware/templates/rescues/template_error.html.erb within rescues/layout (23.2ms)
  Rendered /Users/arielpollack/.rvm/rubies/ruby-2.1.2/lib/ruby/gems/2.1.0/gems/web-console-2.3.0/lib/web_console/templates/_markup.html.erb (0.3ms)
  Rendered /Users/arielpollack/.rvm/rubies/ruby-2.1.2/lib/ruby/gems/2.1.0/gems/web-console-2.3.0/lib/web_console/templates/_inner_console_markup.html.erb within layouts/inlined_string (0.3ms)
  Rendered /Users/arielpollack/.rvm/rubies/ruby-2.1.2/lib/ruby/gems/2.1.0/gems/web-console-2.3.0/lib/web_console/templates/_prompt_box_markup.html.erb within layouts/inlined_string (0.4ms)
  Rendered /Users/arielpollack/.rvm/rubies/ruby-2.1.2/lib/ruby/gems/2.1.0/gems/web-console-2.3.0/lib/web_console/templates/style.css.erb within layouts/inlined_string (0.3ms)
  Rendered /Users/arielpollack/.rvm/rubies/ruby-2.1.2/lib/ruby/gems/2.1.0/gems/web-console-2.3.0/lib/web_console/templates/console.js.erb within layouts/javascript (14.9ms)
  Rendered /Users/arielpollack/.rvm/rubies/ruby-2.1.2/lib/ruby/gems/2.1.0/gems/web-console-2.3.0/lib/web_console/templates/main.js.erb within layouts/javascript (0.2ms)
  Rendered /Users/arielpollack/.rvm/rubies/ruby-2.1.2/lib/ruby/gems/2.1.0/gems/web-console-2.3.0/lib/web_console/templates/error_page.js.erb within layouts/javascript (0.4ms)
  Rendered /Users/arielpollack/.rvm/rubies/ruby-2.1.2/lib/ruby/gems/2.1.0/gems/web-console-2.3.0/lib/web_console/templates/index.html.erb (28.5ms)


Started GET "/users/1/reviews" for 127.0.0.1 at 2016-04-24 21:39:44 +0300
Processing by ReviewsController#index as HTML
  Parameters: {"user_id"=>"1", "review"=>{}}
  [1m[35mUser Load (0.2ms)[0m  SELECT  "users".* FROM "users" WHERE "users"."token" = ? LIMIT 1  [["token", "a60a93de6ca842388820812d456c37bf"]]
  [1m[36mReview Load (0.9ms)[0m  [1mSELECT "reviews".* FROM "reviews" LEFT JOIN `users` ON `users`.`user_id` = `reviews`.`writer_id` WHERE "reviews"."user_id" = ?[0m  [["user_id", 1]]
  Rendered reviews/index.json.jbuilder (3.2ms)
Completed 500 Internal Server Error in 28ms (ActiveRecord: 1.9ms)

ActionView::Template::Error (SQLite3::SQLException: no such column: users.user_id: SELECT "reviews".* FROM "reviews" LEFT JOIN `users` ON `users`.`user_id` = `reviews`.`writer_id` WHERE "reviews"."user_id" = ?):
    1: json.array! @reviews do |review|
    2: 	json.partial! 'reviews/review', :review => review
    3: end
  app/views/reviews/index.json.jbuilder:1:in `_app_views_reviews_index_json_jbuilder__1939701356823899063_70193359092180'


  Rendered /Users/arielpollack/.rvm/rubies/ruby-2.1.2/lib/ruby/gems/2.1.0/gems/actionpack-4.2.6/lib/action_dispatch/middleware/templates/rescues/_source.erb (6.6ms)
  Rendered /Users/arielpollack/.rvm/rubies/ruby-2.1.2/lib/ruby/gems/2.1.0/gems/actionpack-4.2.6/lib/action_dispatch/middleware/templates/rescues/_trace.html.erb (3.4ms)
  Rendered /Users/arielpollack/.rvm/rubies/ruby-2.1.2/lib/ruby/gems/2.1.0/gems/actionpack-4.2.6/lib/action_dispatch/middleware/templates/rescues/_request_and_response.html.erb (0.9ms)
  Rendered /Users/arielpollack/.rvm/rubies/ruby-2.1.2/lib/ruby/gems/2.1.0/gems/actionpack-4.2.6/lib/action_dispatch/middleware/templates/rescues/template_error.html.erb within rescues/layout (22.3ms)
  Rendered /Users/arielpollack/.rvm/rubies/ruby-2.1.2/lib/ruby/gems/2.1.0/gems/web-console-2.3.0/lib/web_console/templates/_markup.html.erb (0.3ms)
  Rendered /Users/arielpollack/.rvm/rubies/ruby-2.1.2/lib/ruby/gems/2.1.0/gems/web-console-2.3.0/lib/web_console/templates/_inner_console_markup.html.erb within layouts/inlined_string (0.2ms)
  Rendered /Users/arielpollack/.rvm/rubies/ruby-2.1.2/lib/ruby/gems/2.1.0/gems/web-console-2.3.0/lib/web_console/templates/_prompt_box_markup.html.erb within layouts/inlined_string (0.2ms)
  Rendered /Users/arielpollack/.rvm/rubies/ruby-2.1.2/lib/ruby/gems/2.1.0/gems/web-console-2.3.0/lib/web_console/templates/style.css.erb within layouts/inlined_string (0.4ms)
  Rendered /Users/arielpollack/.rvm/rubies/ruby-2.1.2/lib/ruby/gems/2.1.0/gems/web-console-2.3.0/lib/web_console/templates/console.js.erb within layouts/javascript (13.1ms)
  Rendered /Users/arielpollack/.rvm/rubies/ruby-2.1.2/lib/ruby/gems/2.1.0/gems/web-console-2.3.0/lib/web_console/templates/main.js.erb within layouts/javascript (0.4ms)
  Rendered /Users/arielpollack/.rvm/rubies/ruby-2.1.2/lib/ruby/gems/2.1.0/gems/web-console-2.3.0/lib/web_console/templates/error_page.js.erb within layouts/javascript (0.4ms)
  Rendered /Users/arielpollack/.rvm/rubies/ruby-2.1.2/lib/ruby/gems/2.1.0/gems/web-console-2.3.0/lib/web_console/templates/index.html.erb (29.9ms)


Started GET "/users/1/reviews" for 127.0.0.1 at 2016-04-24 21:42:19 +0300
Processing by ReviewsController#index as HTML
  Parameters: {"user_id"=>"1", "review"=>{}}
  [1m[35mUser Load (0.2ms)[0m  SELECT  "users".* FROM "users" WHERE "users"."token" = ? LIMIT 1  [["token", "a60a93de6ca842388820812d456c37bf"]]
  [1m[36mReview Load (0.2ms)[0m  [1mSELECT "reviews".* FROM "reviews" WHERE "reviews"."id" IN (NULL, NULL)[0m
Completed 404 Not Found in 25ms (ActiveRecord: 1.4ms)

ActiveRecord::RecordNotFound (Couldn't find all Reviews with 'id': (all, {:joins=>"LEFT JOIN `users` ON `users`.`user_id` = `reviews`.`writer_id`", :select=>"users.*, reviews.*", :group=>"users.user_id"}) (found 0 results, but was looking for 2)):
  app/controllers/reviews_controller.rb:6:in `index'


  Rendered /Users/arielpollack/.rvm/rubies/ruby-2.1.2/lib/ruby/gems/2.1.0/gems/actionpack-4.2.6/lib/action_dispatch/middleware/templates/rescues/_source.erb (5.3ms)
  Rendered /Users/arielpollack/.rvm/rubies/ruby-2.1.2/lib/ruby/gems/2.1.0/gems/actionpack-4.2.6/lib/action_dispatch/middleware/templates/rescues/_trace.html.erb (2.1ms)
  Rendered /Users/arielpollack/.rvm/rubies/ruby-2.1.2/lib/ruby/gems/2.1.0/gems/actionpack-4.2.6/lib/action_dispatch/middleware/templates/rescues/_request_and_response.html.erb (0.9ms)
  Rendered /Users/arielpollack/.rvm/rubies/ruby-2.1.2/lib/ruby/gems/2.1.0/gems/actionpack-4.2.6/lib/action_dispatch/middleware/templates/rescues/diagnostics.html.erb within rescues/layout (18.0ms)
  Rendered /Users/arielpollack/.rvm/rubies/ruby-2.1.2/lib/ruby/gems/2.1.0/gems/web-console-2.3.0/lib/web_console/templates/_markup.html.erb (0.3ms)
  Rendered /Users/arielpollack/.rvm/rubies/ruby-2.1.2/lib/ruby/gems/2.1.0/gems/web-console-2.3.0/lib/web_console/templates/_inner_console_markup.html.erb within layouts/inlined_string (0.2ms)
  Rendered /Users/arielpollack/.rvm/rubies/ruby-2.1.2/lib/ruby/gems/2.1.0/gems/web-console-2.3.0/lib/web_console/templates/_prompt_box_markup.html.erb within layouts/inlined_string (0.4ms)
  Rendered /Users/arielpollack/.rvm/rubies/ruby-2.1.2/lib/ruby/gems/2.1.0/gems/web-console-2.3.0/lib/web_console/templates/style.css.erb within layouts/inlined_string (0.4ms)
  Rendered /Users/arielpollack/.rvm/rubies/ruby-2.1.2/lib/ruby/gems/2.1.0/gems/web-console-2.3.0/lib/web_console/templates/console.js.erb within layouts/javascript (14.4ms)
  Rendered /Users/arielpollack/.rvm/rubies/ruby-2.1.2/lib/ruby/gems/2.1.0/gems/web-console-2.3.0/lib/web_console/templates/main.js.erb within layouts/javascript (0.2ms)
  Rendered /Users/arielpollack/.rvm/rubies/ruby-2.1.2/lib/ruby/gems/2.1.0/gems/web-console-2.3.0/lib/web_console/templates/error_page.js.erb within layouts/javascript (0.4ms)
  Rendered /Users/arielpollack/.rvm/rubies/ruby-2.1.2/lib/ruby/gems/2.1.0/gems/web-console-2.3.0/lib/web_console/templates/index.html.erb (29.5ms)


Started GET "/users/1/reviews" for 127.0.0.1 at 2016-04-24 21:43:57 +0300
Processing by ReviewsController#index as HTML
  Parameters: {"user_id"=>"1", "review"=>{}}
  [1m[35mUser Load (0.2ms)[0m  SELECT  "users".* FROM "users" WHERE "users"."token" = ? LIMIT 1  [["token", "a60a93de6ca842388820812d456c37bf"]]
  [1m[36mReview Load (0.2ms)[0m  [1mSELECT "reviews".* FROM "reviews" WHERE "reviews"."user_id" = ?[0m  [["user_id", 1]]
  [1m[35mUser Load (0.2ms)[0m  SELECT "users".* FROM "users" WHERE "users"."id" IN (4, 3)
  Rendered users/_user.json.jbuilder (0.2ms)
  Rendered reviews/_review.json.jbuilder (0.9ms)
  Rendered users/_user.json.jbuilder (0.2ms)
  Rendered reviews/_review.json.jbuilder (0.7ms)
  Rendered users/_user.json.jbuilder (0.1ms)
  Rendered reviews/_review.json.jbuilder (1.1ms)
  Rendered reviews/index.json.jbuilder (21.6ms)
Completed 200 OK in 57ms (Views: 24.5ms | ActiveRecord: 1.6ms)


Started GET "/users/1/reviews" for 127.0.0.1 at 2016-04-24 21:49:30 +0300
Processing by ReviewsController#index as HTML
  Parameters: {"user_id"=>"1", "review"=>{}}
  [1m[36mUser Load (0.2ms)[0m  [1mSELECT  "users".* FROM "users" WHERE "users"."token" = ? LIMIT 1[0m  [["token", "a60a93de6ca842388820812d456c37bf"]]
  [1m[35mReview Load (0.1ms)[0m  SELECT "reviews".* FROM "reviews" WHERE "reviews"."user_id" = ? AND (id > NULL)  [["user_id", 1]]
  Rendered reviews/index.json.jbuilder (1.1ms)
Completed 200 OK in 25ms (Views: 4.3ms | ActiveRecord: 1.4ms)


Started GET "/users/1/reviews?last_index=0" for 127.0.0.1 at 2016-04-24 21:49:38 +0300
Processing by ReviewsController#index as HTML
  Parameters: {"last_index"=>"0", "user_id"=>"1", "review"=>{}}
  [1m[36mUser Load (0.1ms)[0m  [1mSELECT  "users".* FROM "users" WHERE "users"."token" = ? LIMIT 1[0m  [["token", "a60a93de6ca842388820812d456c37bf"]]
  [1m[35mReview Load (0.2ms)[0m  SELECT "reviews".* FROM "reviews" WHERE "reviews"."user_id" = ? AND (id > '0')  [["user_id", 1]]
  [1m[36mUser Load (0.2ms)[0m  [1mSELECT "users".* FROM "users" WHERE "users"."id" IN (4, 3)[0m
  Rendered users/_user.json.jbuilder (0.2ms)
  Rendered reviews/_review.json.jbuilder (1.0ms)
  Rendered users/_user.json.jbuilder (0.2ms)
  Rendered reviews/_review.json.jbuilder (0.8ms)
  Rendered users/_user.json.jbuilder (0.1ms)
  Rendered reviews/_review.json.jbuilder (0.7ms)
  Rendered reviews/index.json.jbuilder (21.8ms)
Completed 200 OK in 25ms (Views: 22.7ms | ActiveRecord: 0.7ms)


Started GET "/users/1/reviews?last_index=1" for 127.0.0.1 at 2016-04-24 21:49:44 +0300
Processing by ReviewsController#index as HTML
  Parameters: {"last_index"=>"1", "user_id"=>"1", "review"=>{}}
  [1m[35mUser Load (0.1ms)[0m  SELECT  "users".* FROM "users" WHERE "users"."token" = ? LIMIT 1  [["token", "a60a93de6ca842388820812d456c37bf"]]
  [1m[36mReview Load (0.2ms)[0m  [1mSELECT "reviews".* FROM "reviews" WHERE "reviews"."user_id" = ? AND (id > '1')[0m  [["user_id", 1]]
  [1m[35mUser Load (0.2ms)[0m  SELECT "users".* FROM "users" WHERE "users"."id" IN (3, 4)
  Rendered users/_user.json.jbuilder (0.2ms)
  Rendered reviews/_review.json.jbuilder (0.8ms)
  Rendered users/_user.json.jbuilder (0.1ms)
  Rendered reviews/_review.json.jbuilder (0.7ms)
  Rendered reviews/index.json.jbuilder (4.5ms)
Completed 200 OK in 7ms (Views: 5.6ms | ActiveRecord: 0.4ms)


Started GET "/users/1/reviews?last_index=2" for 127.0.0.1 at 2016-04-24 21:49:46 +0300
Processing by ReviewsController#index as HTML
  Parameters: {"last_index"=>"2", "user_id"=>"1", "review"=>{}}
  [1m[36mUser Load (0.1ms)[0m  [1mSELECT  "users".* FROM "users" WHERE "users"."token" = ? LIMIT 1[0m  [["token", "a60a93de6ca842388820812d456c37bf"]]
  [1m[35mReview Load (0.2ms)[0m  SELECT "reviews".* FROM "reviews" WHERE "reviews"."user_id" = ? AND (id > '2')  [["user_id", 1]]
  [1m[36mUser Load (0.2ms)[0m  [1mSELECT "users".* FROM "users" WHERE "users"."id" IN (4)[0m
  Rendered users/_user.json.jbuilder (0.2ms)
  Rendered reviews/_review.json.jbuilder (0.8ms)
  Rendered reviews/index.json.jbuilder (3.4ms)
Completed 200 OK in 6ms (Views: 4.5ms | ActiveRecord: 0.5ms)


Started GET "/users/1/reviews?last_index=2" for 127.0.0.1 at 2016-04-24 21:50:13 +0300
Processing by ReviewsController#index as HTML
  Parameters: {"last_index"=>"2", "user_id"=>"1", "review"=>{}}
  [1m[35mUser Load (0.1ms)[0m  SELECT  "users".* FROM "users" WHERE "users"."token" = ? LIMIT 1  [["token", "a60a93de6ca842388820812d456c37bf"]]
  [1m[36mReview Load (0.1ms)[0m  [1mSELECT "reviews".* FROM "reviews" WHERE "reviews"."user_id" = ? AND (id > '2')[0m  [["user_id", 1]]
  [1m[35mUser Load (0.2ms)[0m  SELECT "users".* FROM "users" WHERE "users"."id" IN (4)
  Rendered users/_user.json.jbuilder (0.2ms)
  Rendered reviews/_review.json.jbuilder (0.8ms)
  [1m[36m (0.1ms)[0m  [1mSELECT COUNT(*) FROM "reviews" WHERE "reviews"."user_id" = ? AND (id > '2')[0m  [["user_id", 1]]
  Rendered reviews/index.json.jbuilder (6.4ms)
Completed 500 Internal Server Error in 10ms (ActiveRecord: 0.5ms)

ActionView::Template::Error (Failed to add "total" property to an array):
    1: json.array! @reviews do |review|
    2: 	json.partial! 'reviews/review', :review => review
    3: end
    4: json.total @reviews.count
  app/views/reviews/index.json.jbuilder:4:in `_app_views_reviews_index_json_jbuilder__1939701356823899063_70193357376660'


  Rendered /Users/arielpollack/.rvm/rubies/ruby-2.1.2/lib/ruby/gems/2.1.0/gems/actionpack-4.2.6/lib/action_dispatch/middleware/templates/rescues/_source.erb (6.4ms)
  Rendered /Users/arielpollack/.rvm/rubies/ruby-2.1.2/lib/ruby/gems/2.1.0/gems/actionpack-4.2.6/lib/action_dispatch/middleware/templates/rescues/_trace.html.erb (3.5ms)
  Rendered /Users/arielpollack/.rvm/rubies/ruby-2.1.2/lib/ruby/gems/2.1.0/gems/actionpack-4.2.6/lib/action_dispatch/middleware/templates/rescues/_request_and_response.html.erb (1.0ms)
  Rendered /Users/arielpollack/.rvm/rubies/ruby-2.1.2/lib/ruby/gems/2.1.0/gems/actionpack-4.2.6/lib/action_dispatch/middleware/templates/rescues/template_error.html.erb within rescues/layout (22.5ms)
  Rendered /Users/arielpollack/.rvm/rubies/ruby-2.1.2/lib/ruby/gems/2.1.0/gems/web-console-2.3.0/lib/web_console/templates/_markup.html.erb (0.5ms)
  Rendered /Users/arielpollack/.rvm/rubies/ruby-2.1.2/lib/ruby/gems/2.1.0/gems/web-console-2.3.0/lib/web_console/templates/_inner_console_markup.html.erb within layouts/inlined_string (0.3ms)
  Rendered /Users/arielpollack/.rvm/rubies/ruby-2.1.2/lib/ruby/gems/2.1.0/gems/web-console-2.3.0/lib/web_console/templates/_prompt_box_markup.html.erb within layouts/inlined_string (0.4ms)
  Rendered /Users/arielpollack/.rvm/rubies/ruby-2.1.2/lib/ruby/gems/2.1.0/gems/web-console-2.3.0/lib/web_console/templates/style.css.erb within layouts/inlined_string (0.5ms)
  Rendered /Users/arielpollack/.rvm/rubies/ruby-2.1.2/lib/ruby/gems/2.1.0/gems/web-console-2.3.0/lib/web_console/templates/console.js.erb within layouts/javascript (15.2ms)
  Rendered /Users/arielpollack/.rvm/rubies/ruby-2.1.2/lib/ruby/gems/2.1.0/gems/web-console-2.3.0/lib/web_console/templates/main.js.erb within layouts/javascript (0.2ms)
  Rendered /Users/arielpollack/.rvm/rubies/ruby-2.1.2/lib/ruby/gems/2.1.0/gems/web-console-2.3.0/lib/web_console/templates/error_page.js.erb within layouts/javascript (0.5ms)
  Rendered /Users/arielpollack/.rvm/rubies/ruby-2.1.2/lib/ruby/gems/2.1.0/gems/web-console-2.3.0/lib/web_console/templates/index.html.erb (40.3ms)


Started GET "/users/1/reviews?last_index=2" for 127.0.0.1 at 2016-04-24 21:50:21 +0300
Processing by ReviewsController#index as HTML
  Parameters: {"last_index"=>"2", "user_id"=>"1", "review"=>{}}
  [1m[35mUser Load (0.1ms)[0m  SELECT  "users".* FROM "users" WHERE "users"."token" = ? LIMIT 1  [["token", "a60a93de6ca842388820812d456c37bf"]]
  [1m[36mReview Load (0.1ms)[0m  [1mSELECT "reviews".* FROM "reviews" WHERE "reviews"."user_id" = ? AND (id > '2')[0m  [["user_id", 1]]
  [1m[35mUser Load (0.2ms)[0m  SELECT "users".* FROM "users" WHERE "users"."id" IN (4)
  Rendered users/_user.json.jbuilder (0.2ms)
  Rendered reviews/_review.json.jbuilder (0.8ms)
  Rendered reviews/index.json.jbuilder (5.4ms)
Completed 500 Internal Server Error in 8ms (ActiveRecord: 0.4ms)

ActionView::Template::Error (Failed to add "total" property to an array):
    1: json.array! @reviews do |review|
    2: 	json.partial! 'reviews/review', :review => review
    3: end
    4: json.total @reviews.length
  app/views/reviews/index.json.jbuilder:4:in `_app_views_reviews_index_json_jbuilder__1939701356823899063_70193398670400'


  Rendered /Users/arielpollack/.rvm/rubies/ruby-2.1.2/lib/ruby/gems/2.1.0/gems/actionpack-4.2.6/lib/action_dispatch/middleware/templates/rescues/_source.erb (18.3ms)
  Rendered /Users/arielpollack/.rvm/rubies/ruby-2.1.2/lib/ruby/gems/2.1.0/gems/actionpack-4.2.6/lib/action_dispatch/middleware/templates/rescues/_trace.html.erb (2.7ms)
  Rendered /Users/arielpollack/.rvm/rubies/ruby-2.1.2/lib/ruby/gems/2.1.0/gems/actionpack-4.2.6/lib/action_dispatch/middleware/templates/rescues/_request_and_response.html.erb (0.9ms)
  Rendered /Users/arielpollack/.rvm/rubies/ruby-2.1.2/lib/ruby/gems/2.1.0/gems/actionpack-4.2.6/lib/action_dispatch/middleware/templates/rescues/template_error.html.erb within rescues/layout (33.4ms)
  Rendered /Users/arielpollack/.rvm/rubies/ruby-2.1.2/lib/ruby/gems/2.1.0/gems/web-console-2.3.0/lib/web_console/templates/_markup.html.erb (0.4ms)
  Rendered /Users/arielpollack/.rvm/rubies/ruby-2.1.2/lib/ruby/gems/2.1.0/gems/web-console-2.3.0/lib/web_console/templates/_inner_console_markup.html.erb within layouts/inlined_string (0.3ms)
  Rendered /Users/arielpollack/.rvm/rubies/ruby-2.1.2/lib/ruby/gems/2.1.0/gems/web-console-2.3.0/lib/web_console/templates/_prompt_box_markup.html.erb within layouts/inlined_string (0.3ms)
  Rendered /Users/arielpollack/.rvm/rubies/ruby-2.1.2/lib/ruby/gems/2.1.0/gems/web-console-2.3.0/lib/web_console/templates/style.css.erb within layouts/inlined_string (0.3ms)
  Rendered /Users/arielpollack/.rvm/rubies/ruby-2.1.2/lib/ruby/gems/2.1.0/gems/web-console-2.3.0/lib/web_console/templates/console.js.erb within layouts/javascript (18.2ms)
  Rendered /Users/arielpollack/.rvm/rubies/ruby-2.1.2/lib/ruby/gems/2.1.0/gems/web-console-2.3.0/lib/web_console/templates/main.js.erb within layouts/javascript (0.3ms)
  Rendered /Users/arielpollack/.rvm/rubies/ruby-2.1.2/lib/ruby/gems/2.1.0/gems/web-console-2.3.0/lib/web_console/templates/error_page.js.erb within layouts/javascript (0.4ms)
  Rendered /Users/arielpollack/.rvm/rubies/ruby-2.1.2/lib/ruby/gems/2.1.0/gems/web-console-2.3.0/lib/web_console/templates/index.html.erb (34.9ms)


Started GET "/users/1/reviews?last_index=2" for 127.0.0.1 at 2016-04-24 21:51:05 +0300
Processing by ReviewsController#index as HTML
  Parameters: {"last_index"=>"2", "user_id"=>"1", "review"=>{}}
  [1m[36mUser Load (0.1ms)[0m  [1mSELECT  "users".* FROM "users" WHERE "users"."token" = ? LIMIT 1[0m  [["token", "a60a93de6ca842388820812d456c37bf"]]
  [1m[35mReview Load (0.1ms)[0m  SELECT "reviews".* FROM "reviews" WHERE "reviews"."user_id" = ? AND (id > '2')  [["user_id", 1]]
  [1m[36mUser Load (0.1ms)[0m  [1mSELECT "users".* FROM "users" WHERE "users"."id" IN (4)[0m
  Rendered users/_user.json.jbuilder (0.2ms)
  Rendered reviews/_review.json.jbuilder (0.9ms)
  Rendered reviews/index.json.jbuilder (3.8ms)
Completed 200 OK in 7ms (Views: 5.1ms | ActiveRecord: 0.3ms)


Started GET "/users/1/reviews?last_index=0" for 127.0.0.1 at 2016-04-24 21:51:10 +0300
Processing by ReviewsController#index as HTML
  Parameters: {"last_index"=>"0", "user_id"=>"1", "review"=>{}}
  [1m[35mUser Load (0.1ms)[0m  SELECT  "users".* FROM "users" WHERE "users"."token" = ? LIMIT 1  [["token", "a60a93de6ca842388820812d456c37bf"]]
  [1m[36mReview Load (0.1ms)[0m  [1mSELECT "reviews".* FROM "reviews" WHERE "reviews"."user_id" = ? AND (id > '0')[0m  [["user_id", 1]]
  [1m[35mUser Load (0.2ms)[0m  SELECT "users".* FROM "users" WHERE "users"."id" IN (4, 3)
  Rendered users/_user.json.jbuilder (0.1ms)
  Rendered reviews/_review.json.jbuilder (0.7ms)
  Rendered users/_user.json.jbuilder (0.2ms)
  Rendered reviews/_review.json.jbuilder (0.7ms)
  Rendered users/_user.json.jbuilder (0.1ms)
  Rendered reviews/_review.json.jbuilder (0.8ms)
  Rendered reviews/index.json.jbuilder (6.6ms)
Completed 200 OK in 9ms (Views: 7.9ms | ActiveRecord: 0.4ms)


Started GET "/users/2/reviews?last_index=0" for 127.0.0.1 at 2016-04-24 21:51:42 +0300
Processing by ReviewsController#index as HTML
  Parameters: {"last_index"=>"0", "user_id"=>"2", "review"=>{}}
  [1m[36mUser Load (0.1ms)[0m  [1mSELECT  "users".* FROM "users" WHERE "users"."token" = ? LIMIT 1[0m  [["token", "a60a93de6ca842388820812d456c37bf"]]
  [1m[35mReview Load (0.1ms)[0m  SELECT "reviews".* FROM "reviews" WHERE "reviews"."user_id" = ? AND (id > '0')  [["user_id", 2]]
  [1m[36mUser Load (0.2ms)[0m  [1mSELECT "users".* FROM "users" WHERE "users"."id" IN (3, 5, 1)[0m
  Rendered users/_user.json.jbuilder (0.2ms)
  Rendered reviews/_review.json.jbuilder (1.0ms)
  Rendered users/_user.json.jbuilder (0.2ms)
  Rendered reviews/_review.json.jbuilder (0.9ms)
  Rendered users/_user.json.jbuilder (0.2ms)
  Rendered reviews/_review.json.jbuilder (0.9ms)
  Rendered reviews/index.json.jbuilder (7.4ms)
Completed 200 OK in 10ms (Views: 8.6ms | ActiveRecord: 0.4ms)


Started GET "/users/3/reviews?last_index=0" for 127.0.0.1 at 2016-04-24 21:51:53 +0300
Processing by ReviewsController#index as HTML
  Parameters: {"last_index"=>"0", "user_id"=>"3", "review"=>{}}
  [1m[35mUser Load (0.1ms)[0m  SELECT  "users".* FROM "users" WHERE "users"."token" = ? LIMIT 1  [["token", "a60a93de6ca842388820812d456c37bf"]]
  [1m[36mReview Load (0.1ms)[0m  [1mSELECT "reviews".* FROM "reviews" WHERE "reviews"."user_id" = ? AND (id > '0')[0m  [["user_id", 3]]
  Rendered reviews/index.json.jbuilder (0.6ms)
Completed 200 OK in 3ms (Views: 2.1ms | ActiveRecord: 0.2ms)


Started GET "/users/pets" for 127.0.0.1 at 2016-04-24 21:52:29 +0300

ActionController::RoutingError (uninitialized constant PetsController):
  activesupport (4.2.6) lib/active_support/inflector/methods.rb:261:in `const_get'
  activesupport (4.2.6) lib/active_support/inflector/methods.rb:261:in `block in constantize'
  activesupport (4.2.6) lib/active_support/inflector/methods.rb:259:in `each'
  activesupport (4.2.6) lib/active_support/inflector/methods.rb:259:in `inject'
  activesupport (4.2.6) lib/active_support/inflector/methods.rb:259:in `constantize'
  actionpack (4.2.6) lib/action_dispatch/routing/route_set.rb:70:in `controller_reference'
  actionpack (4.2.6) lib/action_dispatch/routing/route_set.rb:60:in `controller'
  actionpack (4.2.6) lib/action_dispatch/routing/route_set.rb:39:in `serve'
  actionpack (4.2.6) lib/action_dispatch/journey/router.rb:43:in `block in serve'
  actionpack (4.2.6) lib/action_dispatch/journey/router.rb:30:in `each'
  actionpack (4.2.6) lib/action_dispatch/journey/router.rb:30:in `serve'
  actionpack (4.2.6) lib/action_dispatch/routing/route_set.rb:817:in `call'
  rack (1.6.4) lib/rack/etag.rb:24:in `call'
  rack (1.6.4) lib/rack/conditionalget.rb:25:in `call'
  rack (1.6.4) lib/rack/head.rb:13:in `call'
  actionpack (4.2.6) lib/action_dispatch/middleware/params_parser.rb:27:in `call'
  actionpack (4.2.6) lib/action_dispatch/middleware/flash.rb:260:in `call'
  rack (1.6.4) lib/rack/session/abstract/id.rb:225:in `context'
  rack (1.6.4) lib/rack/session/abstract/id.rb:220:in `call'
  actionpack (4.2.6) lib/action_dispatch/middleware/cookies.rb:560:in `call'
  activerecord (4.2.6) lib/active_record/query_cache.rb:36:in `call'
  activerecord (4.2.6) lib/active_record/connection_adapters/abstract/connection_pool.rb:653:in `call'
  activerecord (4.2.6) lib/active_record/migration.rb:377:in `call'
  actionpack (4.2.6) lib/action_dispatch/middleware/callbacks.rb:29:in `block in call'
  activesupport (4.2.6) lib/active_support/callbacks.rb:88:in `__run_callbacks__'
  activesupport (4.2.6) lib/active_support/callbacks.rb:778:in `_run_call_callbacks'
  activesupport (4.2.6) lib/active_support/callbacks.rb:81:in `run_callbacks'
  actionpack (4.2.6) lib/action_dispatch/middleware/callbacks.rb:27:in `call'
  actionpack (4.2.6) lib/action_dispatch/middleware/reloader.rb:73:in `call'
  actionpack (4.2.6) lib/action_dispatch/middleware/remote_ip.rb:78:in `call'
  actionpack (4.2.6) lib/action_dispatch/middleware/debug_exceptions.rb:17:in `call'
  web-console (2.3.0) lib/web_console/middleware.rb:28:in `block in call'
  web-console (2.3.0) lib/web_console/middleware.rb:18:in `catch'
  web-console (2.3.0) lib/web_console/middleware.rb:18:in `call'
  actionpack (4.2.6) lib/action_dispatch/middleware/show_exceptions.rb:30:in `call'
  railties (4.2.6) lib/rails/rack/logger.rb:38:in `call_app'
  railties (4.2.6) lib/rails/rack/logger.rb:20:in `block in call'
  activesupport (4.2.6) lib/active_support/tagged_logging.rb:68:in `block in tagged'
  activesupport (4.2.6) lib/active_support/tagged_logging.rb:26:in `tagged'
  activesupport (4.2.6) lib/active_support/tagged_logging.rb:68:in `tagged'
  railties (4.2.6) lib/rails/rack/logger.rb:20:in `call'
  actionpack (4.2.6) lib/action_dispatch/middleware/request_id.rb:21:in `call'
  rack (1.6.4) lib/rack/methodoverride.rb:22:in `call'
  rack (1.6.4) lib/rack/runtime.rb:18:in `call'
  activesupport (4.2.6) lib/active_support/cache/strategy/local_cache_middleware.rb:28:in `call'
  rack (1.6.4) lib/rack/lock.rb:17:in `call'
  actionpack (4.2.6) lib/action_dispatch/middleware/static.rb:120:in `call'
  rack (1.6.4) lib/rack/sendfile.rb:113:in `call'
  railties (4.2.6) lib/rails/engine.rb:518:in `call'
  railties (4.2.6) lib/rails/application.rb:165:in `call'
  rack (1.6.4) lib/rack/lock.rb:17:in `call'
  rack (1.6.4) lib/rack/content_length.rb:15:in `call'
  rack (1.6.4) lib/rack/handler/webrick.rb:88:in `service'
  /Users/arielpollack/.rvm/rubies/ruby-2.1.2/lib/ruby/2.1.0/webrick/httpserver.rb:138:in `service'
  /Users/arielpollack/.rvm/rubies/ruby-2.1.2/lib/ruby/2.1.0/webrick/httpserver.rb:94:in `run'
  /Users/arielpollack/.rvm/rubies/ruby-2.1.2/lib/ruby/2.1.0/webrick/server.rb:295:in `block in start_thread'


  Rendered /Users/arielpollack/.rvm/rubies/ruby-2.1.2/lib/ruby/gems/2.1.0/gems/actionpack-4.2.6/lib/action_dispatch/middleware/templates/rescues/_trace.html.erb (2.0ms)
  Rendered /Users/arielpollack/.rvm/rubies/ruby-2.1.2/lib/ruby/gems/2.1.0/gems/actionpack-4.2.6/lib/action_dispatch/middleware/templates/routes/_route.html.erb (2.7ms)
  Rendered /Users/arielpollack/.rvm/rubies/ruby-2.1.2/lib/ruby/gems/2.1.0/gems/actionpack-4.2.6/lib/action_dispatch/middleware/templates/routes/_table.html.erb (9.9ms)
  Rendered /Users/arielpollack/.rvm/rubies/ruby-2.1.2/lib/ruby/gems/2.1.0/gems/actionpack-4.2.6/lib/action_dispatch/middleware/templates/rescues/_request_and_response.html.erb (1.1ms)
  Rendered /Users/arielpollack/.rvm/rubies/ruby-2.1.2/lib/ruby/gems/2.1.0/gems/actionpack-4.2.6/lib/action_dispatch/middleware/templates/rescues/routing_error.html.erb within rescues/layout (61.2ms)
  Rendered /Users/arielpollack/.rvm/rubies/ruby-2.1.2/lib/ruby/gems/2.1.0/gems/web-console-2.3.0/lib/web_console/templates/_markup.html.erb (0.8ms)
  Rendered /Users/arielpollack/.rvm/rubies/ruby-2.1.2/lib/ruby/gems/2.1.0/gems/web-console-2.3.0/lib/web_console/templates/_inner_console_markup.html.erb within layouts/inlined_string (0.3ms)
  Rendered /Users/arielpollack/.rvm/rubies/ruby-2.1.2/lib/ruby/gems/2.1.0/gems/web-console-2.3.0/lib/web_console/templates/_prompt_box_markup.html.erb within layouts/inlined_string (0.3ms)
  Rendered /Users/arielpollack/.rvm/rubies/ruby-2.1.2/lib/ruby/gems/2.1.0/gems/web-console-2.3.0/lib/web_console/templates/style.css.erb within layouts/inlined_string (0.4ms)
  Rendered /Users/arielpollack/.rvm/rubies/ruby-2.1.2/lib/ruby/gems/2.1.0/gems/web-console-2.3.0/lib/web_console/templates/console.js.erb within layouts/javascript (13.9ms)
  Rendered /Users/arielpollack/.rvm/rubies/ruby-2.1.2/lib/ruby/gems/2.1.0/gems/web-console-2.3.0/lib/web_console/templates/main.js.erb within layouts/javascript (0.3ms)
  Rendered /Users/arielpollack/.rvm/rubies/ruby-2.1.2/lib/ruby/gems/2.1.0/gems/web-console-2.3.0/lib/web_console/templates/error_page.js.erb within layouts/javascript (0.4ms)
  Rendered /Users/arielpollack/.rvm/rubies/ruby-2.1.2/lib/ruby/gems/2.1.0/gems/web-console-2.3.0/lib/web_console/templates/index.html.erb (30.1ms)


Started GET "/users/3/reviews?last_index=0" for 127.0.0.1 at 2016-04-24 21:53:55 +0300
Processing by ReviewsController#index as HTML
  Parameters: {"last_index"=>"0", "user_id"=>"3", "review"=>{}}
  [1m[35mUser Load (0.1ms)[0m  SELECT  "users".* FROM "users" WHERE "users"."token" = ? LIMIT 1  [["token", "a60a93de6ca842388820812d456c37bf"]]
  [1m[36mReview Load (0.2ms)[0m  [1mSELECT "reviews".* FROM "reviews" WHERE "reviews"."user_id" = ? AND (id > '0')[0m  [["user_id", 3]]
  [1m[35m (0.3ms)[0m  SELECT COUNT(*) FROM "reviews" WHERE "reviews"."user_id" = ? AND (id > '0')  [["user_id", 3]]
  Rendered reviews/index.json.jbuilder (2.7ms)
Completed 200 OK in 5ms (Views: 3.8ms | ActiveRecord: 0.6ms)


Started GET "/users/1/reviews?last_index=0" for 127.0.0.1 at 2016-04-24 21:53:58 +0300
Processing by ReviewsController#index as HTML
  Parameters: {"last_index"=>"0", "user_id"=>"1", "review"=>{}}
  [1m[36mUser Load (0.1ms)[0m  [1mSELECT  "users".* FROM "users" WHERE "users"."token" = ? LIMIT 1[0m  [["token", "a60a93de6ca842388820812d456c37bf"]]
  [1m[35mReview Load (0.1ms)[0m  SELECT "reviews".* FROM "reviews" WHERE "reviews"."user_id" = ? AND (id > '0')  [["user_id", 1]]
  [1m[36mUser Load (0.2ms)[0m  [1mSELECT "users".* FROM "users" WHERE "users"."id" IN (4, 3)[0m
  Rendered users/_user.json.jbuilder (0.2ms)
  Rendered reviews/_review.json.jbuilder (0.8ms)
  Rendered users/_user.json.jbuilder (0.2ms)
  Rendered reviews/_review.json.jbuilder (0.7ms)
  Rendered users/_user.json.jbuilder (0.0ms)
  Rendered reviews/_review.json.jbuilder (0.6ms)
  [1m[35m (0.1ms)[0m  SELECT COUNT(*) FROM "reviews" WHERE "reviews"."user_id" = ? AND (id > '0')  [["user_id", 1]]
  Rendered reviews/index.json.jbuilder (6.3ms)
Completed 200 OK in 9ms (Views: 7.5ms | ActiveRecord: 0.4ms)


Started GET "/users/pets" for 127.0.0.1 at 2016-04-24 21:56:32 +0300

AbstractController::ActionNotFound (The action 'show' could not be found for PetsController):
  actionpack (4.2.6) lib/abstract_controller/base.rb:132:in `process'
  actionview (4.2.6) lib/action_view/rendering.rb:30:in `process'
  actionpack (4.2.6) lib/action_controller/metal.rb:196:in `dispatch'
  actionpack (4.2.6) lib/action_controller/metal/rack_delegation.rb:13:in `dispatch'
  actionpack (4.2.6) lib/action_controller/metal.rb:237:in `block in action'
  actionpack (4.2.6) lib/action_dispatch/routing/route_set.rb:74:in `call'
  actionpack (4.2.6) lib/action_dispatch/routing/route_set.rb:74:in `dispatch'
  actionpack (4.2.6) lib/action_dispatch/routing/route_set.rb:43:in `serve'
  actionpack (4.2.6) lib/action_dispatch/journey/router.rb:43:in `block in serve'
  actionpack (4.2.6) lib/action_dispatch/journey/router.rb:30:in `each'
  actionpack (4.2.6) lib/action_dispatch/journey/router.rb:30:in `serve'
  actionpack (4.2.6) lib/action_dispatch/routing/route_set.rb:817:in `call'
  rack (1.6.4) lib/rack/etag.rb:24:in `call'
  rack (1.6.4) lib/rack/conditionalget.rb:25:in `call'
  rack (1.6.4) lib/rack/head.rb:13:in `call'
  actionpack (4.2.6) lib/action_dispatch/middleware/params_parser.rb:27:in `call'
  actionpack (4.2.6) lib/action_dispatch/middleware/flash.rb:260:in `call'
  rack (1.6.4) lib/rack/session/abstract/id.rb:225:in `context'
  rack (1.6.4) lib/rack/session/abstract/id.rb:220:in `call'
  actionpack (4.2.6) lib/action_dispatch/middleware/cookies.rb:560:in `call'
  activerecord (4.2.6) lib/active_record/query_cache.rb:36:in `call'
  activerecord (4.2.6) lib/active_record/connection_adapters/abstract/connection_pool.rb:653:in `call'
  activerecord (4.2.6) lib/active_record/migration.rb:377:in `call'
  actionpack (4.2.6) lib/action_dispatch/middleware/callbacks.rb:29:in `block in call'
  activesupport (4.2.6) lib/active_support/callbacks.rb:88:in `__run_callbacks__'
  activesupport (4.2.6) lib/active_support/callbacks.rb:778:in `_run_call_callbacks'
  activesupport (4.2.6) lib/active_support/callbacks.rb:81:in `run_callbacks'
  actionpack (4.2.6) lib/action_dispatch/middleware/callbacks.rb:27:in `call'
  actionpack (4.2.6) lib/action_dispatch/middleware/reloader.rb:73:in `call'
  actionpack (4.2.6) lib/action_dispatch/middleware/remote_ip.rb:78:in `call'
  actionpack (4.2.6) lib/action_dispatch/middleware/debug_exceptions.rb:17:in `call'
  web-console (2.3.0) lib/web_console/middleware.rb:28:in `block in call'
  web-console (2.3.0) lib/web_console/middleware.rb:18:in `catch'
  web-console (2.3.0) lib/web_console/middleware.rb:18:in `call'
  actionpack (4.2.6) lib/action_dispatch/middleware/show_exceptions.rb:30:in `call'
  railties (4.2.6) lib/rails/rack/logger.rb:38:in `call_app'
  railties (4.2.6) lib/rails/rack/logger.rb:20:in `block in call'
  activesupport (4.2.6) lib/active_support/tagged_logging.rb:68:in `block in tagged'
  activesupport (4.2.6) lib/active_support/tagged_logging.rb:26:in `tagged'
  activesupport (4.2.6) lib/active_support/tagged_logging.rb:68:in `tagged'
  railties (4.2.6) lib/rails/rack/logger.rb:20:in `call'
  actionpack (4.2.6) lib/action_dispatch/middleware/request_id.rb:21:in `call'
  rack (1.6.4) lib/rack/methodoverride.rb:22:in `call'
  rack (1.6.4) lib/rack/runtime.rb:18:in `call'
  activesupport (4.2.6) lib/active_support/cache/strategy/local_cache_middleware.rb:28:in `call'
  rack (1.6.4) lib/rack/lock.rb:17:in `call'
  actionpack (4.2.6) lib/action_dispatch/middleware/static.rb:120:in `call'
  rack (1.6.4) lib/rack/sendfile.rb:113:in `call'
  railties (4.2.6) lib/rails/engine.rb:518:in `call'
  railties (4.2.6) lib/rails/application.rb:165:in `call'
  rack (1.6.4) lib/rack/lock.rb:17:in `call'
  rack (1.6.4) lib/rack/content_length.rb:15:in `call'
  rack (1.6.4) lib/rack/handler/webrick.rb:88:in `service'
  /Users/arielpollack/.rvm/rubies/ruby-2.1.2/lib/ruby/2.1.0/webrick/httpserver.rb:138:in `service'
  /Users/arielpollack/.rvm/rubies/ruby-2.1.2/lib/ruby/2.1.0/webrick/httpserver.rb:94:in `run'
  /Users/arielpollack/.rvm/rubies/ruby-2.1.2/lib/ruby/2.1.0/webrick/server.rb:295:in `block in start_thread'


  Rendered /Users/arielpollack/.rvm/rubies/ruby-2.1.2/lib/ruby/gems/2.1.0/gems/actionpack-4.2.6/lib/action_dispatch/middleware/templates/rescues/unknown_action.html.erb within rescues/layout (0.7ms)
  Rendered /Users/arielpollack/.rvm/rubies/ruby-2.1.2/lib/ruby/gems/2.1.0/gems/web-console-2.3.0/lib/web_console/templates/_markup.html.erb (0.5ms)
  Rendered /Users/arielpollack/.rvm/rubies/ruby-2.1.2/lib/ruby/gems/2.1.0/gems/web-console-2.3.0/lib/web_console/templates/_inner_console_markup.html.erb within layouts/inlined_string (0.3ms)
  Rendered /Users/arielpollack/.rvm/rubies/ruby-2.1.2/lib/ruby/gems/2.1.0/gems/web-console-2.3.0/lib/web_console/templates/_prompt_box_markup.html.erb within layouts/inlined_string (0.2ms)
  Rendered /Users/arielpollack/.rvm/rubies/ruby-2.1.2/lib/ruby/gems/2.1.0/gems/web-console-2.3.0/lib/web_console/templates/style.css.erb within layouts/inlined_string (0.3ms)
  Rendered /Users/arielpollack/.rvm/rubies/ruby-2.1.2/lib/ruby/gems/2.1.0/gems/web-console-2.3.0/lib/web_console/templates/console.js.erb within layouts/javascript (16.1ms)
  Rendered /Users/arielpollack/.rvm/rubies/ruby-2.1.2/lib/ruby/gems/2.1.0/gems/web-console-2.3.0/lib/web_console/templates/main.js.erb within layouts/javascript (0.2ms)
  Rendered /Users/arielpollack/.rvm/rubies/ruby-2.1.2/lib/ruby/gems/2.1.0/gems/web-console-2.3.0/lib/web_console/templates/error_page.js.erb within layouts/javascript (0.6ms)
  Rendered /Users/arielpollack/.rvm/rubies/ruby-2.1.2/lib/ruby/gems/2.1.0/gems/web-console-2.3.0/lib/web_console/templates/index.html.erb (35.0ms)


Started GET "/users/pets" for 127.0.0.1 at 2016-04-24 21:57:42 +0300
Processing by PetsController#index as HTML
  Parameters: {"pet"=>{}}
  [1m[36mUser Load (0.2ms)[0m  [1mSELECT  "users".* FROM "users" WHERE "users"."token" = ? LIMIT 1[0m  [["token", "a60a93de6ca842388820812d456c37bf"]]
  [1m[35mPet Load (0.8ms)[0m  SELECT "pets".* FROM "pets" WHERE "pets"."owner_id" = ?  [["owner_id", 1]]
  [1m[36mRace Load (0.5ms)[0m  [1mSELECT "races".* FROM "races" WHERE "races"."id" IN (1)[0m
  Rendered pets/_pet.json.jbuilder (0.4ms)
  [1m[35m (0.2ms)[0m  SELECT COUNT(*) FROM "pets" WHERE "pets"."owner_id" = ?  [["owner_id", 1]]
  Rendered pets/index.json.jbuilder (17.8ms)
Completed 200 OK in 47ms (Views: 21.0ms | ActiveRecord: 2.9ms)


Started GET "/users/pets" for 127.0.0.1 at 2016-04-24 22:00:15 +0300
Processing by PetsController#index as HTML
  Parameters: {"pet"=>{}}
  [1m[36mUser Load (0.2ms)[0m  [1mSELECT  "users".* FROM "users" WHERE "users"."token" = ? LIMIT 1[0m  [["token", "a60a93de6ca842388820812d456c37bf"]]
  [1m[35mPet Load (0.2ms)[0m  SELECT "pets".* FROM "pets" WHERE "pets"."owner_id" = ?  [["owner_id", 1]]
  [1m[36mRace Load (0.1ms)[0m  [1mSELECT "races".* FROM "races" WHERE "races"."id" IN (1)[0m
  Rendered pets/_pet.json.jbuilder (0.1ms)
  [1m[35m (0.1ms)[0m  SELECT COUNT(*) FROM "pets" WHERE "pets"."owner_id" = ?  [["owner_id", 1]]
  Rendered pets/index.json.jbuilder (14.2ms)
Completed 200 OK in 37ms (Views: 16.6ms | ActiveRecord: 1.7ms)


Started GET "/users/2/pets" for 127.0.0.1 at 2016-04-24 22:00:19 +0300
Processing by PetsController#index as HTML
  Parameters: {"user_id"=>"2", "pet"=>{}}
  [1m[36mUser Load (0.1ms)[0m  [1mSELECT  "users".* FROM "users" WHERE "users"."token" = ? LIMIT 1[0m  [["token", "a60a93de6ca842388820812d456c37bf"]]
  [1m[35mPet Load (0.1ms)[0m  SELECT "pets".* FROM "pets" WHERE "pets"."owner_id" = ?  [["owner_id", 2]]
  [1m[36m (0.1ms)[0m  [1mSELECT COUNT(*) FROM "pets" WHERE "pets"."owner_id" = ?[0m  [["owner_id", 2]]
  Rendered pets/index.json.jbuilder (1.2ms)
Completed 200 OK in 4ms (Views: 2.7ms | ActiveRecord: 0.3ms)


Started GET "/users/3/pets" for 127.0.0.1 at 2016-04-24 22:00:23 +0300
Processing by PetsController#index as HTML
  Parameters: {"user_id"=>"3", "pet"=>{}}
  [1m[35mUser Load (0.1ms)[0m  SELECT  "users".* FROM "users" WHERE "users"."token" = ? LIMIT 1  [["token", "a60a93de6ca842388820812d456c37bf"]]
  [1m[36mPet Load (0.1ms)[0m  [1mSELECT "pets".* FROM "pets" WHERE "pets"."owner_id" = ?[0m  [["owner_id", 3]]
  [1m[35m (0.1ms)[0m  SELECT COUNT(*) FROM "pets" WHERE "pets"."owner_id" = ?  [["owner_id", 3]]
  Rendered pets/index.json.jbuilder (1.0ms)
Completed 200 OK in 3ms (Views: 2.4ms | ActiveRecord: 0.2ms)


Started GET "/users/4/pets" for 127.0.0.1 at 2016-04-24 22:00:26 +0300
Processing by PetsController#index as HTML
  Parameters: {"user_id"=>"4", "pet"=>{}}
  [1m[36mUser Load (0.1ms)[0m  [1mSELECT  "users".* FROM "users" WHERE "users"."token" = ? LIMIT 1[0m  [["token", "a60a93de6ca842388820812d456c37bf"]]
  [1m[35mPet Load (0.1ms)[0m  SELECT "pets".* FROM "pets" WHERE "pets"."owner_id" = ?  [["owner_id", 4]]
  [1m[36mRace Load (0.1ms)[0m  [1mSELECT "races".* FROM "races" WHERE "races"."id" IN (2)[0m
  Rendered pets/_pet.json.jbuilder (0.1ms)
  [1m[35m (0.1ms)[0m  SELECT COUNT(*) FROM "pets" WHERE "pets"."owner_id" = ?  [["owner_id", 4]]
  Rendered pets/index.json.jbuilder (3.1ms)
Completed 200 OK in 6ms (Views: 4.8ms | ActiveRecord: 0.4ms)


Started GET "/users/4/pets" for 127.0.0.1 at 2016-04-24 22:00:39 +0300
Processing by PetsController#index as HTML
  Parameters: {"user_id"=>"4", "pet"=>{}}
  [1m[36mUser Load (0.1ms)[0m  [1mSELECT  "users".* FROM "users" WHERE "users"."token" = ? LIMIT 1[0m  [["token", "a60a93de6ca842388820812d456c37bf"]]
  [1m[35mPet Load (0.1ms)[0m  SELECT "pets".* FROM "pets" WHERE "pets"."owner_id" = ?  [["owner_id", 4]]
  [1m[36mRace Load (0.2ms)[0m  [1mSELECT "races".* FROM "races" WHERE "races"."id" IN (2)[0m
  Rendered pets/_pet.json.jbuilder (0.1ms)
  [1m[35m (0.1ms)[0m  SELECT COUNT(*) FROM "pets" WHERE "pets"."owner_id" = ?  [["owner_id", 4]]
  Rendered pets/index.json.jbuilder (3.1ms)
Completed 200 OK in 6ms (Views: 4.6ms | ActiveRecord: 0.4ms)


Started GET "/users/4/pets" for 127.0.0.1 at 2016-04-24 22:00:41 +0300
Processing by PetsController#index as HTML
  Parameters: {"user_id"=>"4", "pet"=>{}}
  [1m[36mUser Load (0.1ms)[0m  [1mSELECT  "users".* FROM "users" WHERE "users"."token" = ? LIMIT 1[0m  [["token", "a60a93de6ca842388820812d456c37bf"]]
  [1m[35mPet Load (0.1ms)[0m  SELECT "pets".* FROM "pets" WHERE "pets"."owner_id" = ?  [["owner_id", 4]]
  [1m[36mRace Load (0.2ms)[0m  [1mSELECT "races".* FROM "races" WHERE "races"."id" IN (2)[0m
  Rendered pets/_pet.json.jbuilder (0.2ms)
  [1m[35m (0.1ms)[0m  SELECT COUNT(*) FROM "pets" WHERE "pets"."owner_id" = ?  [["owner_id", 4]]
  Rendered pets/index.json.jbuilder (3.7ms)
Completed 200 OK in 6ms (Views: 5.0ms | ActiveRecord: 0.5ms)


Started GET "/users/pets" for 127.0.0.1 at 2016-04-24 22:00:45 +0300
Processing by PetsController#index as HTML
  Parameters: {"pet"=>{}}
  [1m[36mUser Load (0.1ms)[0m  [1mSELECT  "users".* FROM "users" WHERE "users"."token" = ? LIMIT 1[0m  [["token", "a60a93de6ca842388820812d456c37bf"]]
  [1m[35mPet Load (0.1ms)[0m  SELECT "pets".* FROM "pets" WHERE "pets"."owner_id" = ?  [["owner_id", 1]]
  [1m[36mRace Load (0.1ms)[0m  [1mSELECT "races".* FROM "races" WHERE "races"."id" IN (1)[0m
  Rendered pets/_pet.json.jbuilder (0.2ms)
  [1m[35m (0.1ms)[0m  SELECT COUNT(*) FROM "pets" WHERE "pets"."owner_id" = ?  [["owner_id", 1]]
  Rendered pets/index.json.jbuilder (3.3ms)
Completed 200 OK in 6ms (Views: 4.5ms | ActiveRecord: 0.4ms)


Started GET "/users/my_reviews?last_index=0" for 127.0.0.1 at 2016-04-24 22:07:43 +0300
Processing by UsersController#show as HTML
  Parameters: {"last_index"=>"0", "id"=>"my_reviews", "user"=>{}}
  [1m[36mUser Load (0.2ms)[0m  [1mSELECT  "users".* FROM "users" WHERE "users"."token" = ? LIMIT 1[0m  [["token", "a60a93de6ca842388820812d456c37bf"]]
Completed 500 Internal Server Error in 23ms (ActiveRecord: 0.9ms)

ActionView::MissingTemplate (Missing template users/show, application/show with {:locale=>[:en], :formats=>[:json], :variants=>[], :handlers=>[:erb, :builder, :raw, :ruby, :jbuilder]}. Searched in:
  * "/Users/arielpollack/Desktop/Projects/Final Project/petsee/app/views"
):
  actionview (4.2.6) lib/action_view/path_set.rb:46:in `find'
  actionview (4.2.6) lib/action_view/lookup_context.rb:121:in `find'
  actionview (4.2.6) lib/action_view/renderer/abstract_renderer.rb:18:in `find_template'
  actionview (4.2.6) lib/action_view/renderer/template_renderer.rb:40:in `determine_template'
  actionview (4.2.6) lib/action_view/renderer/template_renderer.rb:8:in `render'
  actionview (4.2.6) lib/action_view/renderer/renderer.rb:46:in `render_template'
  actionview (4.2.6) lib/action_view/renderer/renderer.rb:27:in `render'
  actionview (4.2.6) lib/action_view/rendering.rb:100:in `_render_template'
  actionpack (4.2.6) lib/action_controller/metal/streaming.rb:217:in `_render_template'
  actionview (4.2.6) lib/action_view/rendering.rb:83:in `render_to_body'
  actionpack (4.2.6) lib/action_controller/metal/rendering.rb:32:in `render_to_body'
  actionpack (4.2.6) lib/action_controller/metal/renderers.rb:37:in `render_to_body'
  actionpack (4.2.6) lib/abstract_controller/rendering.rb:25:in `render'
  actionpack (4.2.6) lib/action_controller/metal/rendering.rb:16:in `render'
  actionpack (4.2.6) lib/action_controller/metal/instrumentation.rb:44:in `block (2 levels) in render'
  activesupport (4.2.6) lib/active_support/core_ext/benchmark.rb:12:in `block in ms'
  /Users/arielpollack/.rvm/rubies/ruby-2.1.2/lib/ruby/2.1.0/benchmark.rb:294:in `realtime'
  activesupport (4.2.6) lib/active_support/core_ext/benchmark.rb:12:in `ms'
  actionpack (4.2.6) lib/action_controller/metal/instrumentation.rb:44:in `block in render'
  actionpack (4.2.6) lib/action_controller/metal/instrumentation.rb:87:in `cleanup_view_runtime'
  activerecord (4.2.6) lib/active_record/railties/controller_runtime.rb:25:in `cleanup_view_runtime'
  actionpack (4.2.6) lib/action_controller/metal/instrumentation.rb:43:in `render'
  actionpack (4.2.6) lib/action_controller/metal/implicit_render.rb:10:in `default_render'
  actionpack (4.2.6) lib/action_controller/metal/implicit_render.rb:5:in `send_action'
  actionpack (4.2.6) lib/abstract_controller/base.rb:198:in `process_action'
  actionpack (4.2.6) lib/action_controller/metal/rendering.rb:10:in `process_action'
  actionpack (4.2.6) lib/abstract_controller/callbacks.rb:20:in `block in process_action'
  activesupport (4.2.6) lib/active_support/callbacks.rb:117:in `call'
  activesupport (4.2.6) lib/active_support/callbacks.rb:117:in `call'
  activesupport (4.2.6) lib/active_support/callbacks.rb:555:in `block (2 levels) in compile'
  activesupport (4.2.6) lib/active_support/callbacks.rb:505:in `call'
  activesupport (4.2.6) lib/active_support/callbacks.rb:505:in `call'
  activesupport (4.2.6) lib/active_support/callbacks.rb:92:in `__run_callbacks__'
  activesupport (4.2.6) lib/active_support/callbacks.rb:778:in `_run_process_action_callbacks'
  activesupport (4.2.6) lib/active_support/callbacks.rb:81:in `run_callbacks'
  actionpack (4.2.6) lib/abstract_controller/callbacks.rb:19:in `process_action'
  actionpack (4.2.6) lib/action_controller/metal/rescue.rb:29:in `process_action'
  actionpack (4.2.6) lib/action_controller/metal/instrumentation.rb:32:in `block in process_action'
  activesupport (4.2.6) lib/active_support/notifications.rb:164:in `block in instrument'
  activesupport (4.2.6) lib/active_support/notifications/instrumenter.rb:20:in `instrument'
  activesupport (4.2.6) lib/active_support/notifications.rb:164:in `instrument'
  actionpack (4.2.6) lib/action_controller/metal/instrumentation.rb:30:in `process_action'
  actionpack (4.2.6) lib/action_controller/metal/params_wrapper.rb:250:in `process_action'
  activerecord (4.2.6) lib/active_record/railties/controller_runtime.rb:18:in `process_action'
  actionpack (4.2.6) lib/abstract_controller/base.rb:137:in `process'
  actionview (4.2.6) lib/action_view/rendering.rb:30:in `process'
  actionpack (4.2.6) lib/action_controller/metal.rb:196:in `dispatch'
  actionpack (4.2.6) lib/action_controller/metal/rack_delegation.rb:13:in `dispatch'
  actionpack (4.2.6) lib/action_controller/metal.rb:237:in `block in action'
  actionpack (4.2.6) lib/action_dispatch/routing/route_set.rb:74:in `call'
  actionpack (4.2.6) lib/action_dispatch/routing/route_set.rb:74:in `dispatch'
  actionpack (4.2.6) lib/action_dispatch/routing/route_set.rb:43:in `serve'
  actionpack (4.2.6) lib/action_dispatch/journey/router.rb:43:in `block in serve'
  actionpack (4.2.6) lib/action_dispatch/journey/router.rb:30:in `each'
  actionpack (4.2.6) lib/action_dispatch/journey/router.rb:30:in `serve'
  actionpack (4.2.6) lib/action_dispatch/routing/route_set.rb:817:in `call'
  rack (1.6.4) lib/rack/etag.rb:24:in `call'
  rack (1.6.4) lib/rack/conditionalget.rb:25:in `call'
  rack (1.6.4) lib/rack/head.rb:13:in `call'
  actionpack (4.2.6) lib/action_dispatch/middleware/params_parser.rb:27:in `call'
  actionpack (4.2.6) lib/action_dispatch/middleware/flash.rb:260:in `call'
  rack (1.6.4) lib/rack/session/abstract/id.rb:225:in `context'
  rack (1.6.4) lib/rack/session/abstract/id.rb:220:in `call'
  actionpack (4.2.6) lib/action_dispatch/middleware/cookies.rb:560:in `call'
  activerecord (4.2.6) lib/active_record/query_cache.rb:36:in `call'
  activerecord (4.2.6) lib/active_record/connection_adapters/abstract/connection_pool.rb:653:in `call'
  activerecord (4.2.6) lib/active_record/migration.rb:377:in `call'
  actionpack (4.2.6) lib/action_dispatch/middleware/callbacks.rb:29:in `block in call'
  activesupport (4.2.6) lib/active_support/callbacks.rb:88:in `__run_callbacks__'
  activesupport (4.2.6) lib/active_support/callbacks.rb:778:in `_run_call_callbacks'
  activesupport (4.2.6) lib/active_support/callbacks.rb:81:in `run_callbacks'
  actionpack (4.2.6) lib/action_dispatch/middleware/callbacks.rb:27:in `call'
  actionpack (4.2.6) lib/action_dispatch/middleware/reloader.rb:73:in `call'
  actionpack (4.2.6) lib/action_dispatch/middleware/remote_ip.rb:78:in `call'
  actionpack (4.2.6) lib/action_dispatch/middleware/debug_exceptions.rb:17:in `call'
  web-console (2.3.0) lib/web_console/middleware.rb:28:in `block in call'
  web-console (2.3.0) lib/web_console/middleware.rb:18:in `catch'
  web-console (2.3.0) lib/web_console/middleware.rb:18:in `call'
  actionpack (4.2.6) lib/action_dispatch/middleware/show_exceptions.rb:30:in `call'
  railties (4.2.6) lib/rails/rack/logger.rb:38:in `call_app'
  railties (4.2.6) lib/rails/rack/logger.rb:20:in `block in call'
  activesupport (4.2.6) lib/active_support/tagged_logging.rb:68:in `block in tagged'
  activesupport (4.2.6) lib/active_support/tagged_logging.rb:26:in `tagged'
  activesupport (4.2.6) lib/active_support/tagged_logging.rb:68:in `tagged'
  railties (4.2.6) lib/rails/rack/logger.rb:20:in `call'
  actionpack (4.2.6) lib/action_dispatch/middleware/request_id.rb:21:in `call'
  rack (1.6.4) lib/rack/methodoverride.rb:22:in `call'
  rack (1.6.4) lib/rack/runtime.rb:18:in `call'
  activesupport (4.2.6) lib/active_support/cache/strategy/local_cache_middleware.rb:28:in `call'
  rack (1.6.4) lib/rack/lock.rb:17:in `call'
  actionpack (4.2.6) lib/action_dispatch/middleware/static.rb:120:in `call'
  rack (1.6.4) lib/rack/sendfile.rb:113:in `call'
  railties (4.2.6) lib/rails/engine.rb:518:in `call'
  railties (4.2.6) lib/rails/application.rb:165:in `call'
  rack (1.6.4) lib/rack/lock.rb:17:in `call'
  rack (1.6.4) lib/rack/content_length.rb:15:in `call'
  rack (1.6.4) lib/rack/handler/webrick.rb:88:in `service'
  /Users/arielpollack/.rvm/rubies/ruby-2.1.2/lib/ruby/2.1.0/webrick/httpserver.rb:138:in `service'
  /Users/arielpollack/.rvm/rubies/ruby-2.1.2/lib/ruby/2.1.0/webrick/httpserver.rb:94:in `run'
  /Users/arielpollack/.rvm/rubies/ruby-2.1.2/lib/ruby/2.1.0/webrick/server.rb:295:in `block in start_thread'


  Rendered /Users/arielpollack/.rvm/rubies/ruby-2.1.2/lib/ruby/gems/2.1.0/gems/actionpack-4.2.6/lib/action_dispatch/middleware/templates/rescues/_source.erb (5.6ms)
  Rendered /Users/arielpollack/.rvm/rubies/ruby-2.1.2/lib/ruby/gems/2.1.0/gems/actionpack-4.2.6/lib/action_dispatch/middleware/templates/rescues/_trace.html.erb (2.9ms)
  Rendered /Users/arielpollack/.rvm/rubies/ruby-2.1.2/lib/ruby/gems/2.1.0/gems/actionpack-4.2.6/lib/action_dispatch/middleware/templates/rescues/_request_and_response.html.erb (1.1ms)
  Rendered /Users/arielpollack/.rvm/rubies/ruby-2.1.2/lib/ruby/gems/2.1.0/gems/actionpack-4.2.6/lib/action_dispatch/middleware/templates/rescues/missing_template.html.erb within rescues/layout (23.5ms)
  Rendered /Users/arielpollack/.rvm/rubies/ruby-2.1.2/lib/ruby/gems/2.1.0/gems/web-console-2.3.0/lib/web_console/templates/_markup.html.erb (0.3ms)
  Rendered /Users/arielpollack/.rvm/rubies/ruby-2.1.2/lib/ruby/gems/2.1.0/gems/web-console-2.3.0/lib/web_console/templates/_inner_console_markup.html.erb within layouts/inlined_string (0.3ms)
  Rendered /Users/arielpollack/.rvm/rubies/ruby-2.1.2/lib/ruby/gems/2.1.0/gems/web-console-2.3.0/lib/web_console/templates/_prompt_box_markup.html.erb within layouts/inlined_string (0.4ms)
  Rendered /Users/arielpollack/.rvm/rubies/ruby-2.1.2/lib/ruby/gems/2.1.0/gems/web-console-2.3.0/lib/web_console/templates/style.css.erb within layouts/inlined_string (0.5ms)
  Rendered /Users/arielpollack/.rvm/rubies/ruby-2.1.2/lib/ruby/gems/2.1.0/gems/web-console-2.3.0/lib/web_console/templates/console.js.erb within layouts/javascript (14.2ms)
  Rendered /Users/arielpollack/.rvm/rubies/ruby-2.1.2/lib/ruby/gems/2.1.0/gems/web-console-2.3.0/lib/web_console/templates/main.js.erb within layouts/javascript (0.2ms)
  Rendered /Users/arielpollack/.rvm/rubies/ruby-2.1.2/lib/ruby/gems/2.1.0/gems/web-console-2.3.0/lib/web_console/templates/error_page.js.erb within layouts/javascript (0.3ms)
  Rendered /Users/arielpollack/.rvm/rubies/ruby-2.1.2/lib/ruby/gems/2.1.0/gems/web-console-2.3.0/lib/web_console/templates/index.html.erb (28.1ms)


Started GET "/users/reviews/my_reviews?last_index=0" for 127.0.0.1 at 2016-04-24 22:08:21 +0300
Processing by ReviewsController#my_reviews as HTML
  Parameters: {"last_index"=>"0", "review"=>{}}
  [1m[35mUser Load (0.1ms)[0m  SELECT  "users".* FROM "users" WHERE "users"."token" = ? LIMIT 1  [["token", "a60a93de6ca842388820812d456c37bf"]]
Completed 500 Internal Server Error in 2ms (ActiveRecord: 0.2ms)

NoMethodError (undefined method `id' for nil:NilClass):
  app/controllers/reviews_controller.rb:12:in `my_reviews'


  Rendered /Users/arielpollack/.rvm/rubies/ruby-2.1.2/lib/ruby/gems/2.1.0/gems/actionpack-4.2.6/lib/action_dispatch/middleware/templates/rescues/_source.erb (4.7ms)
  Rendered /Users/arielpollack/.rvm/rubies/ruby-2.1.2/lib/ruby/gems/2.1.0/gems/actionpack-4.2.6/lib/action_dispatch/middleware/templates/rescues/_trace.html.erb (2.2ms)
  Rendered /Users/arielpollack/.rvm/rubies/ruby-2.1.2/lib/ruby/gems/2.1.0/gems/actionpack-4.2.6/lib/action_dispatch/middleware/templates/rescues/_request_and_response.html.erb (1.1ms)
  Rendered /Users/arielpollack/.rvm/rubies/ruby-2.1.2/lib/ruby/gems/2.1.0/gems/actionpack-4.2.6/lib/action_dispatch/middleware/templates/rescues/diagnostics.html.erb within rescues/layout (18.8ms)
  Rendered /Users/arielpollack/.rvm/rubies/ruby-2.1.2/lib/ruby/gems/2.1.0/gems/web-console-2.3.0/lib/web_console/templates/_markup.html.erb (0.4ms)
  Rendered /Users/arielpollack/.rvm/rubies/ruby-2.1.2/lib/ruby/gems/2.1.0/gems/web-console-2.3.0/lib/web_console/templates/_inner_console_markup.html.erb within layouts/inlined_string (0.3ms)
  Rendered /Users/arielpollack/.rvm/rubies/ruby-2.1.2/lib/ruby/gems/2.1.0/gems/web-console-2.3.0/lib/web_console/templates/_prompt_box_markup.html.erb within layouts/inlined_string (0.3ms)
  Rendered /Users/arielpollack/.rvm/rubies/ruby-2.1.2/lib/ruby/gems/2.1.0/gems/web-console-2.3.0/lib/web_console/templates/style.css.erb within layouts/inlined_string (0.5ms)
  Rendered /Users/arielpollack/.rvm/rubies/ruby-2.1.2/lib/ruby/gems/2.1.0/gems/web-console-2.3.0/lib/web_console/templates/console.js.erb within layouts/javascript (15.4ms)
  Rendered /Users/arielpollack/.rvm/rubies/ruby-2.1.2/lib/ruby/gems/2.1.0/gems/web-console-2.3.0/lib/web_console/templates/main.js.erb within layouts/javascript (0.4ms)
  Rendered /Users/arielpollack/.rvm/rubies/ruby-2.1.2/lib/ruby/gems/2.1.0/gems/web-console-2.3.0/lib/web_console/templates/error_page.js.erb within layouts/javascript (0.4ms)
  Rendered /Users/arielpollack/.rvm/rubies/ruby-2.1.2/lib/ruby/gems/2.1.0/gems/web-console-2.3.0/lib/web_console/templates/index.html.erb (32.7ms)


Started GET "/users/reviews/my_reviews?last_index=0" for 127.0.0.1 at 2016-04-24 22:09:00 +0300
Processing by ReviewsController#my_reviews as HTML
  Parameters: {"last_index"=>"0", "review"=>{}}
  [1m[36mUser Load (0.2ms)[0m  [1mSELECT  "users".* FROM "users" WHERE "users"."token" = ? LIMIT 1[0m  [["token", "a60a93de6ca842388820812d456c37bf"]]
Completed 500 Internal Server Error in 42ms (ActiveRecord: 1.2ms)

ActionView::MissingTemplate (Missing template reviews/my_reviews, application/my_reviews with {:locale=>[:en], :formats=>[:json], :variants=>[], :handlers=>[:erb, :builder, :raw, :ruby, :jbuilder]}. Searched in:
  * "/Users/arielpollack/Desktop/Projects/Final Project/petsee/app/views"
):
  actionview (4.2.6) lib/action_view/path_set.rb:46:in `find'
  actionview (4.2.6) lib/action_view/lookup_context.rb:121:in `find'
  actionview (4.2.6) lib/action_view/renderer/abstract_renderer.rb:18:in `find_template'
  actionview (4.2.6) lib/action_view/renderer/template_renderer.rb:40:in `determine_template'
  actionview (4.2.6) lib/action_view/renderer/template_renderer.rb:8:in `render'
  actionview (4.2.6) lib/action_view/renderer/renderer.rb:46:in `render_template'
  actionview (4.2.6) lib/action_view/renderer/renderer.rb:27:in `render'
  actionview (4.2.6) lib/action_view/rendering.rb:100:in `_render_template'
  actionpack (4.2.6) lib/action_controller/metal/streaming.rb:217:in `_render_template'
  actionview (4.2.6) lib/action_view/rendering.rb:83:in `render_to_body'
  actionpack (4.2.6) lib/action_controller/metal/rendering.rb:32:in `render_to_body'
  actionpack (4.2.6) lib/action_controller/metal/renderers.rb:37:in `render_to_body'
  actionpack (4.2.6) lib/abstract_controller/rendering.rb:25:in `render'
  actionpack (4.2.6) lib/action_controller/metal/rendering.rb:16:in `render'
  actionpack (4.2.6) lib/action_controller/metal/instrumentation.rb:44:in `block (2 levels) in render'
  activesupport (4.2.6) lib/active_support/core_ext/benchmark.rb:12:in `block in ms'
  /Users/arielpollack/.rvm/rubies/ruby-2.1.2/lib/ruby/2.1.0/benchmark.rb:294:in `realtime'
  activesupport (4.2.6) lib/active_support/core_ext/benchmark.rb:12:in `ms'
  actionpack (4.2.6) lib/action_controller/metal/instrumentation.rb:44:in `block in render'
  actionpack (4.2.6) lib/action_controller/metal/instrumentation.rb:87:in `cleanup_view_runtime'
  activerecord (4.2.6) lib/active_record/railties/controller_runtime.rb:25:in `cleanup_view_runtime'
  actionpack (4.2.6) lib/action_controller/metal/instrumentation.rb:43:in `render'
  actionpack (4.2.6) lib/action_controller/metal/implicit_render.rb:10:in `default_render'
  actionpack (4.2.6) lib/action_controller/metal/implicit_render.rb:5:in `send_action'
  actionpack (4.2.6) lib/abstract_controller/base.rb:198:in `process_action'
  actionpack (4.2.6) lib/action_controller/metal/rendering.rb:10:in `process_action'
  actionpack (4.2.6) lib/abstract_controller/callbacks.rb:20:in `block in process_action'
  activesupport (4.2.6) lib/active_support/callbacks.rb:117:in `call'
  activesupport (4.2.6) lib/active_support/callbacks.rb:117:in `call'
  activesupport (4.2.6) lib/active_support/callbacks.rb:555:in `block (2 levels) in compile'
  activesupport (4.2.6) lib/active_support/callbacks.rb:505:in `call'
  activesupport (4.2.6) lib/active_support/callbacks.rb:505:in `call'
  activesupport (4.2.6) lib/active_support/callbacks.rb:92:in `__run_callbacks__'
  activesupport (4.2.6) lib/active_support/callbacks.rb:778:in `_run_process_action_callbacks'
  activesupport (4.2.6) lib/active_support/callbacks.rb:81:in `run_callbacks'
  actionpack (4.2.6) lib/abstract_controller/callbacks.rb:19:in `process_action'
  actionpack (4.2.6) lib/action_controller/metal/rescue.rb:29:in `process_action'
  actionpack (4.2.6) lib/action_controller/metal/instrumentation.rb:32:in `block in process_action'
  activesupport (4.2.6) lib/active_support/notifications.rb:164:in `block in instrument'
  activesupport (4.2.6) lib/active_support/notifications/instrumenter.rb:20:in `instrument'
  activesupport (4.2.6) lib/active_support/notifications.rb:164:in `instrument'
  actionpack (4.2.6) lib/action_controller/metal/instrumentation.rb:30:in `process_action'
  actionpack (4.2.6) lib/action_controller/metal/params_wrapper.rb:250:in `process_action'
  activerecord (4.2.6) lib/active_record/railties/controller_runtime.rb:18:in `process_action'
  actionpack (4.2.6) lib/abstract_controller/base.rb:137:in `process'
  actionview (4.2.6) lib/action_view/rendering.rb:30:in `process'
  actionpack (4.2.6) lib/action_controller/metal.rb:196:in `dispatch'
  actionpack (4.2.6) lib/action_controller/metal/rack_delegation.rb:13:in `dispatch'
  actionpack (4.2.6) lib/action_controller/metal.rb:237:in `block in action'
  actionpack (4.2.6) lib/action_dispatch/routing/route_set.rb:74:in `call'
  actionpack (4.2.6) lib/action_dispatch/routing/route_set.rb:74:in `dispatch'
  actionpack (4.2.6) lib/action_dispatch/routing/route_set.rb:43:in `serve'
  actionpack (4.2.6) lib/action_dispatch/journey/router.rb:43:in `block in serve'
  actionpack (4.2.6) lib/action_dispatch/journey/router.rb:30:in `each'
  actionpack (4.2.6) lib/action_dispatch/journey/router.rb:30:in `serve'
  actionpack (4.2.6) lib/action_dispatch/routing/route_set.rb:817:in `call'
  rack (1.6.4) lib/rack/etag.rb:24:in `call'
  rack (1.6.4) lib/rack/conditionalget.rb:25:in `call'
  rack (1.6.4) lib/rack/head.rb:13:in `call'
  actionpack (4.2.6) lib/action_dispatch/middleware/params_parser.rb:27:in `call'
  actionpack (4.2.6) lib/action_dispatch/middleware/flash.rb:260:in `call'
  rack (1.6.4) lib/rack/session/abstract/id.rb:225:in `context'
  rack (1.6.4) lib/rack/session/abstract/id.rb:220:in `call'
  actionpack (4.2.6) lib/action_dispatch/middleware/cookies.rb:560:in `call'
  activerecord (4.2.6) lib/active_record/query_cache.rb:36:in `call'
  activerecord (4.2.6) lib/active_record/connection_adapters/abstract/connection_pool.rb:653:in `call'
  activerecord (4.2.6) lib/active_record/migration.rb:377:in `call'
  actionpack (4.2.6) lib/action_dispatch/middleware/callbacks.rb:29:in `block in call'
  activesupport (4.2.6) lib/active_support/callbacks.rb:88:in `__run_callbacks__'
  activesupport (4.2.6) lib/active_support/callbacks.rb:778:in `_run_call_callbacks'
  activesupport (4.2.6) lib/active_support/callbacks.rb:81:in `run_callbacks'
  actionpack (4.2.6) lib/action_dispatch/middleware/callbacks.rb:27:in `call'
  actionpack (4.2.6) lib/action_dispatch/middleware/reloader.rb:73:in `call'
  actionpack (4.2.6) lib/action_dispatch/middleware/remote_ip.rb:78:in `call'
  actionpack (4.2.6) lib/action_dispatch/middleware/debug_exceptions.rb:17:in `call'
  web-console (2.3.0) lib/web_console/middleware.rb:28:in `block in call'
  web-console (2.3.0) lib/web_console/middleware.rb:18:in `catch'
  web-console (2.3.0) lib/web_console/middleware.rb:18:in `call'
  actionpack (4.2.6) lib/action_dispatch/middleware/show_exceptions.rb:30:in `call'
  railties (4.2.6) lib/rails/rack/logger.rb:38:in `call_app'
  railties (4.2.6) lib/rails/rack/logger.rb:20:in `block in call'
  activesupport (4.2.6) lib/active_support/tagged_logging.rb:68:in `block in tagged'
  activesupport (4.2.6) lib/active_support/tagged_logging.rb:26:in `tagged'
  activesupport (4.2.6) lib/active_support/tagged_logging.rb:68:in `tagged'
  railties (4.2.6) lib/rails/rack/logger.rb:20:in `call'
  actionpack (4.2.6) lib/action_dispatch/middleware/request_id.rb:21:in `call'
  rack (1.6.4) lib/rack/methodoverride.rb:22:in `call'
  rack (1.6.4) lib/rack/runtime.rb:18:in `call'
  activesupport (4.2.6) lib/active_support/cache/strategy/local_cache_middleware.rb:28:in `call'
  rack (1.6.4) lib/rack/lock.rb:17:in `call'
  actionpack (4.2.6) lib/action_dispatch/middleware/static.rb:120:in `call'
  rack (1.6.4) lib/rack/sendfile.rb:113:in `call'
  railties (4.2.6) lib/rails/engine.rb:518:in `call'
  railties (4.2.6) lib/rails/application.rb:165:in `call'
  rack (1.6.4) lib/rack/lock.rb:17:in `call'
  rack (1.6.4) lib/rack/content_length.rb:15:in `call'
  rack (1.6.4) lib/rack/handler/webrick.rb:88:in `service'
  /Users/arielpollack/.rvm/rubies/ruby-2.1.2/lib/ruby/2.1.0/webrick/httpserver.rb:138:in `service'
  /Users/arielpollack/.rvm/rubies/ruby-2.1.2/lib/ruby/2.1.0/webrick/httpserver.rb:94:in `run'
  /Users/arielpollack/.rvm/rubies/ruby-2.1.2/lib/ruby/2.1.0/webrick/server.rb:295:in `block in start_thread'


  Rendered /Users/arielpollack/.rvm/rubies/ruby-2.1.2/lib/ruby/gems/2.1.0/gems/actionpack-4.2.6/lib/action_dispatch/middleware/templates/rescues/_source.erb (5.8ms)
  Rendered /Users/arielpollack/.rvm/rubies/ruby-2.1.2/lib/ruby/gems/2.1.0/gems/actionpack-4.2.6/lib/action_dispatch/middleware/templates/rescues/_trace.html.erb (2.8ms)
  Rendered /Users/arielpollack/.rvm/rubies/ruby-2.1.2/lib/ruby/gems/2.1.0/gems/actionpack-4.2.6/lib/action_dispatch/middleware/templates/rescues/_request_and_response.html.erb (1.4ms)
  Rendered /Users/arielpollack/.rvm/rubies/ruby-2.1.2/lib/ruby/gems/2.1.0/gems/actionpack-4.2.6/lib/action_dispatch/middleware/templates/rescues/missing_template.html.erb within rescues/layout (21.7ms)
  Rendered /Users/arielpollack/.rvm/rubies/ruby-2.1.2/lib/ruby/gems/2.1.0/gems/web-console-2.3.0/lib/web_console/templates/_markup.html.erb (0.4ms)
  Rendered /Users/arielpollack/.rvm/rubies/ruby-2.1.2/lib/ruby/gems/2.1.0/gems/web-console-2.3.0/lib/web_console/templates/_inner_console_markup.html.erb within layouts/inlined_string (0.6ms)
  Rendered /Users/arielpollack/.rvm/rubies/ruby-2.1.2/lib/ruby/gems/2.1.0/gems/web-console-2.3.0/lib/web_console/templates/_prompt_box_markup.html.erb within layouts/inlined_string (0.3ms)
  Rendered /Users/arielpollack/.rvm/rubies/ruby-2.1.2/lib/ruby/gems/2.1.0/gems/web-console-2.3.0/lib/web_console/templates/style.css.erb within layouts/inlined_string (0.6ms)
  Rendered /Users/arielpollack/.rvm/rubies/ruby-2.1.2/lib/ruby/gems/2.1.0/gems/web-console-2.3.0/lib/web_console/templates/console.js.erb within layouts/javascript (16.7ms)
  Rendered /Users/arielpollack/.rvm/rubies/ruby-2.1.2/lib/ruby/gems/2.1.0/gems/web-console-2.3.0/lib/web_console/templates/main.js.erb within layouts/javascript (0.4ms)
  Rendered /Users/arielpollack/.rvm/rubies/ruby-2.1.2/lib/ruby/gems/2.1.0/gems/web-console-2.3.0/lib/web_console/templates/error_page.js.erb within layouts/javascript (0.5ms)
  Rendered /Users/arielpollack/.rvm/rubies/ruby-2.1.2/lib/ruby/gems/2.1.0/gems/web-console-2.3.0/lib/web_console/templates/index.html.erb (35.8ms)


Started GET "/users/reviews/my_reviews?last_index=0" for 127.0.0.1 at 2016-04-24 22:09:32 +0300
Processing by ReviewsController#my_reviews as HTML
  Parameters: {"last_index"=>"0", "review"=>{}}
  [1m[35mUser Load (0.2ms)[0m  SELECT  "users".* FROM "users" WHERE "users"."token" = ? LIMIT 1  [["token", "a60a93de6ca842388820812d456c37bf"]]
  [1m[36mReview Load (7.7ms)[0m  [1mSELECT "reviews".* FROM "reviews" WHERE "reviews"."writer_id" = ? AND (id > '0')[0m  [["writer_id", 1]]
  [1m[35mUser Load (0.2ms)[0m  SELECT "users".* FROM "users" WHERE "users"."id" IN (2)
  [1m[36mUser Load (0.2ms)[0m  [1mSELECT  "users".* FROM "users" WHERE "users"."id" = ? LIMIT 1[0m  [["id", 1]]
  Rendered users/_user.json.jbuilder (0.3ms)
  Rendered reviews/_review.json.jbuilder (7.2ms)
  [1m[35m (0.2ms)[0m  SELECT COUNT(*) FROM "reviews" WHERE "reviews"."writer_id" = ? AND (id > '0')  [["writer_id", 1]]
  Rendered reviews/index.json.jbuilder (37.7ms)
Completed 200 OK in 61ms (Views: 32.6ms | ActiveRecord: 9.4ms)


Started GET "/users/reviews/my_reviews?last_index=0" for 127.0.0.1 at 2016-04-24 22:11:18 +0300
Processing by ReviewsController#my_reviews as HTML
  Parameters: {"last_index"=>"0", "review"=>{}}
  [1m[36mUser Load (0.4ms)[0m  [1mSELECT  "users".* FROM "users" WHERE "users"."token" = ? LIMIT 1[0m  [["token", "a60a93de6ca842388820812d456c37bf"]]
Completed 500 Internal Server Error in 25ms (ActiveRecord: 1.2ms)

ActionView::MissingTemplate (Missing template reviews/my_reviews, application/my_reviews with {:locale=>[:en], :formats=>[:json], :variants=>[], :handlers=>[:erb, :builder, :raw, :ruby, :jbuilder]}. Searched in:
  * "/Users/arielpollack/Desktop/Projects/Final Project/petsee/app/views"
):
  actionview (4.2.6) lib/action_view/path_set.rb:46:in `find'
  actionview (4.2.6) lib/action_view/lookup_context.rb:121:in `find'
  actionview (4.2.6) lib/action_view/renderer/abstract_renderer.rb:18:in `find_template'
  actionview (4.2.6) lib/action_view/renderer/template_renderer.rb:40:in `determine_template'
  actionview (4.2.6) lib/action_view/renderer/template_renderer.rb:8:in `render'
  actionview (4.2.6) lib/action_view/renderer/renderer.rb:46:in `render_template'
  actionview (4.2.6) lib/action_view/renderer/renderer.rb:27:in `render'
  actionview (4.2.6) lib/action_view/rendering.rb:100:in `_render_template'
  actionpack (4.2.6) lib/action_controller/metal/streaming.rb:217:in `_render_template'
  actionview (4.2.6) lib/action_view/rendering.rb:83:in `render_to_body'
  actionpack (4.2.6) lib/action_controller/metal/rendering.rb:32:in `render_to_body'
  actionpack (4.2.6) lib/action_controller/metal/renderers.rb:37:in `render_to_body'
  actionpack (4.2.6) lib/abstract_controller/rendering.rb:25:in `render'
  actionpack (4.2.6) lib/action_controller/metal/rendering.rb:16:in `render'
  actionpack (4.2.6) lib/action_controller/metal/instrumentation.rb:44:in `block (2 levels) in render'
  activesupport (4.2.6) lib/active_support/core_ext/benchmark.rb:12:in `block in ms'
  /Users/arielpollack/.rvm/rubies/ruby-2.1.2/lib/ruby/2.1.0/benchmark.rb:294:in `realtime'
  activesupport (4.2.6) lib/active_support/core_ext/benchmark.rb:12:in `ms'
  actionpack (4.2.6) lib/action_controller/metal/instrumentation.rb:44:in `block in render'
  actionpack (4.2.6) lib/action_controller/metal/instrumentation.rb:87:in `cleanup_view_runtime'
  activerecord (4.2.6) lib/active_record/railties/controller_runtime.rb:25:in `cleanup_view_runtime'
  actionpack (4.2.6) lib/action_controller/metal/instrumentation.rb:43:in `render'
  actionpack (4.2.6) lib/action_controller/metal/implicit_render.rb:10:in `default_render'
  actionpack (4.2.6) lib/action_controller/metal/implicit_render.rb:5:in `send_action'
  actionpack (4.2.6) lib/abstract_controller/base.rb:198:in `process_action'
  actionpack (4.2.6) lib/action_controller/metal/rendering.rb:10:in `process_action'
  actionpack (4.2.6) lib/abstract_controller/callbacks.rb:20:in `block in process_action'
  activesupport (4.2.6) lib/active_support/callbacks.rb:117:in `call'
  activesupport (4.2.6) lib/active_support/callbacks.rb:117:in `call'
  activesupport (4.2.6) lib/active_support/callbacks.rb:555:in `block (2 levels) in compile'
  activesupport (4.2.6) lib/active_support/callbacks.rb:505:in `call'
  activesupport (4.2.6) lib/active_support/callbacks.rb:505:in `call'
  activesupport (4.2.6) lib/active_support/callbacks.rb:92:in `__run_callbacks__'
  activesupport (4.2.6) lib/active_support/callbacks.rb:778:in `_run_process_action_callbacks'
  activesupport (4.2.6) lib/active_support/callbacks.rb:81:in `run_callbacks'
  actionpack (4.2.6) lib/abstract_controller/callbacks.rb:19:in `process_action'
  actionpack (4.2.6) lib/action_controller/metal/rescue.rb:29:in `process_action'
  actionpack (4.2.6) lib/action_controller/metal/instrumentation.rb:32:in `block in process_action'
  activesupport (4.2.6) lib/active_support/notifications.rb:164:in `block in instrument'
  activesupport (4.2.6) lib/active_support/notifications/instrumenter.rb:20:in `instrument'
  activesupport (4.2.6) lib/active_support/notifications.rb:164:in `instrument'
  actionpack (4.2.6) lib/action_controller/metal/instrumentation.rb:30:in `process_action'
  actionpack (4.2.6) lib/action_controller/metal/params_wrapper.rb:250:in `process_action'
  activerecord (4.2.6) lib/active_record/railties/controller_runtime.rb:18:in `process_action'
  actionpack (4.2.6) lib/abstract_controller/base.rb:137:in `process'
  actionview (4.2.6) lib/action_view/rendering.rb:30:in `process'
  actionpack (4.2.6) lib/action_controller/metal.rb:196:in `dispatch'
  actionpack (4.2.6) lib/action_controller/metal/rack_delegation.rb:13:in `dispatch'
  actionpack (4.2.6) lib/action_controller/metal.rb:237:in `block in action'
  actionpack (4.2.6) lib/action_dispatch/routing/route_set.rb:74:in `call'
  actionpack (4.2.6) lib/action_dispatch/routing/route_set.rb:74:in `dispatch'
  actionpack (4.2.6) lib/action_dispatch/routing/route_set.rb:43:in `serve'
  actionpack (4.2.6) lib/action_dispatch/journey/router.rb:43:in `block in serve'
  actionpack (4.2.6) lib/action_dispatch/journey/router.rb:30:in `each'
  actionpack (4.2.6) lib/action_dispatch/journey/router.rb:30:in `serve'
  actionpack (4.2.6) lib/action_dispatch/routing/route_set.rb:817:in `call'
  rack (1.6.4) lib/rack/etag.rb:24:in `call'
  rack (1.6.4) lib/rack/conditionalget.rb:25:in `call'
  rack (1.6.4) lib/rack/head.rb:13:in `call'
  actionpack (4.2.6) lib/action_dispatch/middleware/params_parser.rb:27:in `call'
  actionpack (4.2.6) lib/action_dispatch/middleware/flash.rb:260:in `call'
  rack (1.6.4) lib/rack/session/abstract/id.rb:225:in `context'
  rack (1.6.4) lib/rack/session/abstract/id.rb:220:in `call'
  actionpack (4.2.6) lib/action_dispatch/middleware/cookies.rb:560:in `call'
  activerecord (4.2.6) lib/active_record/query_cache.rb:36:in `call'
  activerecord (4.2.6) lib/active_record/connection_adapters/abstract/connection_pool.rb:653:in `call'
  activerecord (4.2.6) lib/active_record/migration.rb:377:in `call'
  actionpack (4.2.6) lib/action_dispatch/middleware/callbacks.rb:29:in `block in call'
  activesupport (4.2.6) lib/active_support/callbacks.rb:88:in `__run_callbacks__'
  activesupport (4.2.6) lib/active_support/callbacks.rb:778:in `_run_call_callbacks'
  activesupport (4.2.6) lib/active_support/callbacks.rb:81:in `run_callbacks'
  actionpack (4.2.6) lib/action_dispatch/middleware/callbacks.rb:27:in `call'
  actionpack (4.2.6) lib/action_dispatch/middleware/reloader.rb:73:in `call'
  actionpack (4.2.6) lib/action_dispatch/middleware/remote_ip.rb:78:in `call'
  actionpack (4.2.6) lib/action_dispatch/middleware/debug_exceptions.rb:17:in `call'
  web-console (2.3.0) lib/web_console/middleware.rb:28:in `block in call'
  web-console (2.3.0) lib/web_console/middleware.rb:18:in `catch'
  web-console (2.3.0) lib/web_console/middleware.rb:18:in `call'
  actionpack (4.2.6) lib/action_dispatch/middleware/show_exceptions.rb:30:in `call'
  railties (4.2.6) lib/rails/rack/logger.rb:38:in `call_app'
  railties (4.2.6) lib/rails/rack/logger.rb:20:in `block in call'
  activesupport (4.2.6) lib/active_support/tagged_logging.rb:68:in `block in tagged'
  activesupport (4.2.6) lib/active_support/tagged_logging.rb:26:in `tagged'
  activesupport (4.2.6) lib/active_support/tagged_logging.rb:68:in `tagged'
  railties (4.2.6) lib/rails/rack/logger.rb:20:in `call'
  actionpack (4.2.6) lib/action_dispatch/middleware/request_id.rb:21:in `call'
  rack (1.6.4) lib/rack/methodoverride.rb:22:in `call'
  rack (1.6.4) lib/rack/runtime.rb:18:in `call'
  activesupport (4.2.6) lib/active_support/cache/strategy/local_cache_middleware.rb:28:in `call'
  rack (1.6.4) lib/rack/lock.rb:17:in `call'
  actionpack (4.2.6) lib/action_dispatch/middleware/static.rb:120:in `call'
  rack (1.6.4) lib/rack/sendfile.rb:113:in `call'
  railties (4.2.6) lib/rails/engine.rb:518:in `call'
  railties (4.2.6) lib/rails/application.rb:165:in `call'
  rack (1.6.4) lib/rack/lock.rb:17:in `call'
  rack (1.6.4) lib/rack/content_length.rb:15:in `call'
  rack (1.6.4) lib/rack/handler/webrick.rb:88:in `service'
  /Users/arielpollack/.rvm/rubies/ruby-2.1.2/lib/ruby/2.1.0/webrick/httpserver.rb:138:in `service'
  /Users/arielpollack/.rvm/rubies/ruby-2.1.2/lib/ruby/2.1.0/webrick/httpserver.rb:94:in `run'
  /Users/arielpollack/.rvm/rubies/ruby-2.1.2/lib/ruby/2.1.0/webrick/server.rb:295:in `block in start_thread'


  Rendered /Users/arielpollack/.rvm/rubies/ruby-2.1.2/lib/ruby/gems/2.1.0/gems/actionpack-4.2.6/lib/action_dispatch/middleware/templates/rescues/_source.erb (6.8ms)
  Rendered /Users/arielpollack/.rvm/rubies/ruby-2.1.2/lib/ruby/gems/2.1.0/gems/actionpack-4.2.6/lib/action_dispatch/middleware/templates/rescues/_trace.html.erb (2.7ms)
  Rendered /Users/arielpollack/.rvm/rubies/ruby-2.1.2/lib/ruby/gems/2.1.0/gems/actionpack-4.2.6/lib/action_dispatch/middleware/templates/rescues/_request_and_response.html.erb (1.0ms)
  Rendered /Users/arielpollack/.rvm/rubies/ruby-2.1.2/lib/ruby/gems/2.1.0/gems/actionpack-4.2.6/lib/action_dispatch/middleware/templates/rescues/missing_template.html.erb within rescues/layout (22.0ms)
  Rendered /Users/arielpollack/.rvm/rubies/ruby-2.1.2/lib/ruby/gems/2.1.0/gems/web-console-2.3.0/lib/web_console/templates/_markup.html.erb (0.4ms)
  Rendered /Users/arielpollack/.rvm/rubies/ruby-2.1.2/lib/ruby/gems/2.1.0/gems/web-console-2.3.0/lib/web_console/templates/_inner_console_markup.html.erb within layouts/inlined_string (0.3ms)
  Rendered /Users/arielpollack/.rvm/rubies/ruby-2.1.2/lib/ruby/gems/2.1.0/gems/web-console-2.3.0/lib/web_console/templates/_prompt_box_markup.html.erb within layouts/inlined_string (0.2ms)
  Rendered /Users/arielpollack/.rvm/rubies/ruby-2.1.2/lib/ruby/gems/2.1.0/gems/web-console-2.3.0/lib/web_console/templates/style.css.erb within layouts/inlined_string (0.3ms)
  Rendered /Users/arielpollack/.rvm/rubies/ruby-2.1.2/lib/ruby/gems/2.1.0/gems/web-console-2.3.0/lib/web_console/templates/console.js.erb within layouts/javascript (13.2ms)
  Rendered /Users/arielpollack/.rvm/rubies/ruby-2.1.2/lib/ruby/gems/2.1.0/gems/web-console-2.3.0/lib/web_console/templates/main.js.erb within layouts/javascript (0.3ms)
  Rendered /Users/arielpollack/.rvm/rubies/ruby-2.1.2/lib/ruby/gems/2.1.0/gems/web-console-2.3.0/lib/web_console/templates/error_page.js.erb within layouts/javascript (0.4ms)
  Rendered /Users/arielpollack/.rvm/rubies/ruby-2.1.2/lib/ruby/gems/2.1.0/gems/web-console-2.3.0/lib/web_console/templates/index.html.erb (28.6ms)


Started GET "/users/reviews/my_reviews?last_index=0" for 127.0.0.1 at 2016-04-24 22:11:56 +0300
Processing by ReviewsController#my_reviews as HTML
  Parameters: {"last_index"=>"0", "review"=>{}}
  [1m[35mUser Load (0.2ms)[0m  SELECT  "users".* FROM "users" WHERE "users"."token" = ? LIMIT 1  [["token", "a60a93de6ca842388820812d456c37bf"]]
  [1m[36mReview Load (0.2ms)[0m  [1mSELECT "reviews".* FROM "reviews" WHERE "reviews"."writer_id" = ? AND (id > '0')[0m  [["writer_id", 1]]
  [1m[35mUser Load (0.2ms)[0m  SELECT "users".* FROM "users" WHERE "users"."id" IN (2)
  Rendered reviews/_review.json.jbuilder (1.2ms)
  Rendered reviews/index.json.jbuilder (36.2ms)
Completed 500 Internal Server Error in 61ms (ActiveRecord: 1.5ms)

SyntaxError (/Users/arielpollack/Desktop/Projects/Final Project/petsee/app/views/reviews/_review.json.jbuilder:2: syntax error, unexpected keyword_do, expecting keyword_then or ';' or '\n'
/Users/arielpollack/Desktop/Projects/Final Project/petsee/app/views/reviews/_review.json.jbuilder:7: syntax error, unexpected keyword_do, expecting keyword_then or ';' or '\n'
/Users/arielpollack/Desktop/Projects/Final Project/petsee/app/views/reviews/_review.json.jbuilder:11: syntax error, unexpected keyword_end, expecting end-of-input):
  app/views/reviews/_review.json.jbuilder:2: syntax error, unexpected keyword_do, expecting keyword_then or ';' or '\n'
  app/views/reviews/_review.json.jbuilder:7: syntax error, unexpected keyword_do, expecting keyword_then or ';' or '\n'
  app/views/reviews/_review.json.jbuilder:11: syntax error, unexpected keyword_end, expecting end-of-input
  app/views/reviews/index.json.jbuilder:2:in `block in _app_views_reviews_index_json_jbuilder__1939701356823899063_70193363765700'
  app/views/reviews/index.json.jbuilder:1:in `_app_views_reviews_index_json_jbuilder__1939701356823899063_70193363765700'
  app/controllers/reviews_controller.rb:17:in `my_reviews'


  Rendered /Users/arielpollack/.rvm/rubies/ruby-2.1.2/lib/ruby/gems/2.1.0/gems/actionpack-4.2.6/lib/action_dispatch/middleware/templates/rescues/_source.erb (8.6ms)
  Rendered /Users/arielpollack/.rvm/rubies/ruby-2.1.2/lib/ruby/gems/2.1.0/gems/actionpack-4.2.6/lib/action_dispatch/middleware/templates/rescues/_trace.html.erb (3.1ms)
  Rendered /Users/arielpollack/.rvm/rubies/ruby-2.1.2/lib/ruby/gems/2.1.0/gems/actionpack-4.2.6/lib/action_dispatch/middleware/templates/rescues/_request_and_response.html.erb (1.0ms)
  Rendered /Users/arielpollack/.rvm/rubies/ruby-2.1.2/lib/ruby/gems/2.1.0/gems/actionpack-4.2.6/lib/action_dispatch/middleware/templates/rescues/diagnostics.html.erb within rescues/layout (24.7ms)
  Rendered /Users/arielpollack/.rvm/rubies/ruby-2.1.2/lib/ruby/gems/2.1.0/gems/web-console-2.3.0/lib/web_console/templates/_markup.html.erb (0.3ms)
  Rendered /Users/arielpollack/.rvm/rubies/ruby-2.1.2/lib/ruby/gems/2.1.0/gems/web-console-2.3.0/lib/web_console/templates/_inner_console_markup.html.erb within layouts/inlined_string (0.3ms)
  Rendered /Users/arielpollack/.rvm/rubies/ruby-2.1.2/lib/ruby/gems/2.1.0/gems/web-console-2.3.0/lib/web_console/templates/_prompt_box_markup.html.erb within layouts/inlined_string (0.3ms)
  Rendered /Users/arielpollack/.rvm/rubies/ruby-2.1.2/lib/ruby/gems/2.1.0/gems/web-console-2.3.0/lib/web_console/templates/style.css.erb within layouts/inlined_string (0.4ms)
  Rendered /Users/arielpollack/.rvm/rubies/ruby-2.1.2/lib/ruby/gems/2.1.0/gems/web-console-2.3.0/lib/web_console/templates/console.js.erb within layouts/javascript (14.0ms)
  Rendered /Users/arielpollack/.rvm/rubies/ruby-2.1.2/lib/ruby/gems/2.1.0/gems/web-console-2.3.0/lib/web_console/templates/main.js.erb within layouts/javascript (0.4ms)
  Rendered /Users/arielpollack/.rvm/rubies/ruby-2.1.2/lib/ruby/gems/2.1.0/gems/web-console-2.3.0/lib/web_console/templates/error_page.js.erb within layouts/javascript (0.3ms)
  Rendered /Users/arielpollack/.rvm/rubies/ruby-2.1.2/lib/ruby/gems/2.1.0/gems/web-console-2.3.0/lib/web_console/templates/index.html.erb (29.9ms)


Started GET "/users/reviews/my_reviews?last_index=0" for 127.0.0.1 at 2016-04-24 22:12:35 +0300
Processing by ReviewsController#my_reviews as HTML
  Parameters: {"last_index"=>"0", "review"=>{}}
  [1m[36mUser Load (0.1ms)[0m  [1mSELECT  "users".* FROM "users" WHERE "users"."token" = ? LIMIT 1[0m  [["token", "a60a93de6ca842388820812d456c37bf"]]
  [1m[35mReview Load (0.1ms)[0m  SELECT "reviews".* FROM "reviews" WHERE "reviews"."writer_id" = ? AND (id > '0')  [["writer_id", 1]]
  [1m[36mUser Load (0.2ms)[0m  [1mSELECT "users".* FROM "users" WHERE "users"."id" IN (2)[0m
  Rendered reviews/_review.json.jbuilder (1.2ms)
  Rendered reviews/index.json.jbuilder (3.6ms)
Completed 500 Internal Server Error in 6ms (ActiveRecord: 0.3ms)

SyntaxError (/Users/arielpollack/Desktop/Projects/Final Project/petsee/app/views/reviews/_review.json.jbuilder:2: syntax error, unexpected keyword_do
/Users/arielpollack/Desktop/Projects/Final Project/petsee/app/views/reviews/_review.json.jbuilder:7: syntax error, unexpected keyword_do
/Users/arielpollack/Desktop/Projects/Final Project/petsee/app/views/reviews/_review.json.jbuilder:11: syntax error, unexpected keyword_end, expecting end-of-input):
  app/views/reviews/_review.json.jbuilder:2: syntax error, unexpected keyword_do
  app/views/reviews/_review.json.jbuilder:7: syntax error, unexpected keyword_do
  app/views/reviews/_review.json.jbuilder:11: syntax error, unexpected keyword_end, expecting end-of-input
  app/views/reviews/index.json.jbuilder:2:in `block in _app_views_reviews_index_json_jbuilder__1939701356823899063_70193363765700'
  app/views/reviews/index.json.jbuilder:1:in `_app_views_reviews_index_json_jbuilder__1939701356823899063_70193363765700'
  app/controllers/reviews_controller.rb:17:in `my_reviews'


  Rendered /Users/arielpollack/.rvm/rubies/ruby-2.1.2/lib/ruby/gems/2.1.0/gems/actionpack-4.2.6/lib/action_dispatch/middleware/templates/rescues/_source.erb (7.1ms)
  Rendered /Users/arielpollack/.rvm/rubies/ruby-2.1.2/lib/ruby/gems/2.1.0/gems/actionpack-4.2.6/lib/action_dispatch/middleware/templates/rescues/_trace.html.erb (2.5ms)
  Rendered /Users/arielpollack/.rvm/rubies/ruby-2.1.2/lib/ruby/gems/2.1.0/gems/actionpack-4.2.6/lib/action_dispatch/middleware/templates/rescues/_request_and_response.html.erb (1.0ms)
  Rendered /Users/arielpollack/.rvm/rubies/ruby-2.1.2/lib/ruby/gems/2.1.0/gems/actionpack-4.2.6/lib/action_dispatch/middleware/templates/rescues/diagnostics.html.erb within rescues/layout (20.8ms)
  Rendered /Users/arielpollack/.rvm/rubies/ruby-2.1.2/lib/ruby/gems/2.1.0/gems/web-console-2.3.0/lib/web_console/templates/_markup.html.erb (0.3ms)
  Rendered /Users/arielpollack/.rvm/rubies/ruby-2.1.2/lib/ruby/gems/2.1.0/gems/web-console-2.3.0/lib/web_console/templates/_inner_console_markup.html.erb within layouts/inlined_string (0.4ms)
  Rendered /Users/arielpollack/.rvm/rubies/ruby-2.1.2/lib/ruby/gems/2.1.0/gems/web-console-2.3.0/lib/web_console/templates/_prompt_box_markup.html.erb within layouts/inlined_string (0.2ms)
  Rendered /Users/arielpollack/.rvm/rubies/ruby-2.1.2/lib/ruby/gems/2.1.0/gems/web-console-2.3.0/lib/web_console/templates/style.css.erb within layouts/inlined_string (0.3ms)
  Rendered /Users/arielpollack/.rvm/rubies/ruby-2.1.2/lib/ruby/gems/2.1.0/gems/web-console-2.3.0/lib/web_console/templates/console.js.erb within layouts/javascript (13.3ms)
  Rendered /Users/arielpollack/.rvm/rubies/ruby-2.1.2/lib/ruby/gems/2.1.0/gems/web-console-2.3.0/lib/web_console/templates/main.js.erb within layouts/javascript (0.5ms)
  Rendered /Users/arielpollack/.rvm/rubies/ruby-2.1.2/lib/ruby/gems/2.1.0/gems/web-console-2.3.0/lib/web_console/templates/error_page.js.erb within layouts/javascript (0.4ms)
  Rendered /Users/arielpollack/.rvm/rubies/ruby-2.1.2/lib/ruby/gems/2.1.0/gems/web-console-2.3.0/lib/web_console/templates/index.html.erb (29.8ms)


Started GET "/users/reviews/my_reviews?last_index=0" for 127.0.0.1 at 2016-04-24 22:12:48 +0300
Processing by ReviewsController#my_reviews as HTML
  Parameters: {"last_index"=>"0", "review"=>{}}
  [1m[35mUser Load (0.1ms)[0m  SELECT  "users".* FROM "users" WHERE "users"."token" = ? LIMIT 1  [["token", "a60a93de6ca842388820812d456c37bf"]]
  [1m[36mReview Load (0.1ms)[0m  [1mSELECT "reviews".* FROM "reviews" WHERE "reviews"."writer_id" = ? AND (id > '0')[0m  [["writer_id", 1]]
  [1m[35mUser Load (0.1ms)[0m  SELECT "users".* FROM "users" WHERE "users"."id" IN (2)
  Rendered reviews/_review.json.jbuilder (1.1ms)
  Rendered reviews/index.json.jbuilder (3.2ms)
Completed 500 Internal Server Error in 6ms (ActiveRecord: 0.3ms)

SyntaxError (/Users/arielpollack/Desktop/Projects/Final Project/petsee/app/views/reviews/_review.json.jbuilder:13: syntax error, unexpected keyword_ensure, expecting keyword_end
/Users/arielpollack/Desktop/Projects/Final Project/petsee/app/views/reviews/_review.json.jbuilder:15: syntax error, unexpected end-of-input, expecting keyword_end):
  app/views/reviews/_review.json.jbuilder:13: syntax error, unexpected keyword_ensure, expecting keyword_end
  app/views/reviews/_review.json.jbuilder:15: syntax error, unexpected end-of-input, expecting keyword_end
  app/views/reviews/index.json.jbuilder:2:in `block in _app_views_reviews_index_json_jbuilder__1939701356823899063_70193363765700'
  app/views/reviews/index.json.jbuilder:1:in `_app_views_reviews_index_json_jbuilder__1939701356823899063_70193363765700'
  app/controllers/reviews_controller.rb:17:in `my_reviews'


  Rendered /Users/arielpollack/.rvm/rubies/ruby-2.1.2/lib/ruby/gems/2.1.0/gems/actionpack-4.2.6/lib/action_dispatch/middleware/templates/rescues/_source.erb (6.9ms)
  Rendered /Users/arielpollack/.rvm/rubies/ruby-2.1.2/lib/ruby/gems/2.1.0/gems/actionpack-4.2.6/lib/action_dispatch/middleware/templates/rescues/_trace.html.erb (2.6ms)
  Rendered /Users/arielpollack/.rvm/rubies/ruby-2.1.2/lib/ruby/gems/2.1.0/gems/actionpack-4.2.6/lib/action_dispatch/middleware/templates/rescues/_request_and_response.html.erb (1.2ms)
  Rendered /Users/arielpollack/.rvm/rubies/ruby-2.1.2/lib/ruby/gems/2.1.0/gems/actionpack-4.2.6/lib/action_dispatch/middleware/templates/rescues/diagnostics.html.erb within rescues/layout (22.9ms)
  Rendered /Users/arielpollack/.rvm/rubies/ruby-2.1.2/lib/ruby/gems/2.1.0/gems/web-console-2.3.0/lib/web_console/templates/_markup.html.erb (0.3ms)
  Rendered /Users/arielpollack/.rvm/rubies/ruby-2.1.2/lib/ruby/gems/2.1.0/gems/web-console-2.3.0/lib/web_console/templates/_inner_console_markup.html.erb within layouts/inlined_string (0.2ms)
  Rendered /Users/arielpollack/.rvm/rubies/ruby-2.1.2/lib/ruby/gems/2.1.0/gems/web-console-2.3.0/lib/web_console/templates/_prompt_box_markup.html.erb within layouts/inlined_string (0.2ms)
  Rendered /Users/arielpollack/.rvm/rubies/ruby-2.1.2/lib/ruby/gems/2.1.0/gems/web-console-2.3.0/lib/web_console/templates/style.css.erb within layouts/inlined_string (0.5ms)
  Rendered /Users/arielpollack/.rvm/rubies/ruby-2.1.2/lib/ruby/gems/2.1.0/gems/web-console-2.3.0/lib/web_console/templates/console.js.erb within layouts/javascript (13.4ms)
  Rendered /Users/arielpollack/.rvm/rubies/ruby-2.1.2/lib/ruby/gems/2.1.0/gems/web-console-2.3.0/lib/web_console/templates/main.js.erb within layouts/javascript (0.3ms)
  Rendered /Users/arielpollack/.rvm/rubies/ruby-2.1.2/lib/ruby/gems/2.1.0/gems/web-console-2.3.0/lib/web_console/templates/error_page.js.erb within layouts/javascript (1.4ms)
  Rendered /Users/arielpollack/.rvm/rubies/ruby-2.1.2/lib/ruby/gems/2.1.0/gems/web-console-2.3.0/lib/web_console/templates/index.html.erb (32.0ms)


Started GET "/users/reviews/my_reviews?last_index=0" for 127.0.0.1 at 2016-04-24 22:14:14 +0300
Processing by ReviewsController#my_reviews as HTML
  Parameters: {"last_index"=>"0", "review"=>{}}
  [1m[36mUser Load (0.1ms)[0m  [1mSELECT  "users".* FROM "users" WHERE "users"."token" = ? LIMIT 1[0m  [["token", "a60a93de6ca842388820812d456c37bf"]]
  [1m[35mReview Load (0.1ms)[0m  SELECT "reviews".* FROM "reviews" WHERE "reviews"."writer_id" = ? AND (id > '0')  [["writer_id", 1]]
  [1m[36mUser Load (0.1ms)[0m  [1mSELECT "users".* FROM "users" WHERE "users"."id" IN (2)[0m
  Rendered users/_user.json.jbuilder (0.2ms)
  Rendered reviews/_review.json.jbuilder (1.1ms)
  [1m[35m (0.1ms)[0m  SELECT COUNT(*) FROM "reviews" WHERE "reviews"."writer_id" = ? AND (id > '0')  [["writer_id", 1]]
  Rendered reviews/index.json.jbuilder (3.9ms)
Completed 200 OK in 6ms (Views: 5.1ms | ActiveRecord: 0.4ms)


Started GET "/users/reviews/my_reviews?last_index=0" for 127.0.0.1 at 2016-04-25 07:58:11 +0300
  [1m[36mActiveRecord::SchemaMigration Load (0.1ms)[0m  [1mSELECT "schema_migrations".* FROM "schema_migrations"[0m
Processing by ReviewsController#my_reviews as HTML
  Parameters: {"last_index"=>"0", "review"=>{}}
  [1m[35mUser Load (0.9ms)[0m  SELECT  "users".* FROM "users" WHERE "users"."token" = ? LIMIT 1  [["token", "a60a93de6ca842388820812d456c37bf"]]
  [1m[36mReview Load (0.2ms)[0m  [1mSELECT "reviews".* FROM "reviews" WHERE "reviews"."writer_id" = ? AND (id > '0')[0m  [["writer_id", 1]]
  [1m[35mUser Load (0.2ms)[0m  SELECT "users".* FROM "users" WHERE "users"."id" IN (2)
  Rendered users/_user.json.jbuilder (0.4ms)
  Rendered reviews/_review.json.jbuilder (1.5ms)
  [1m[36m (0.2ms)[0m  [1mSELECT COUNT(*) FROM "reviews" WHERE "reviews"."writer_id" = ? AND (id > '0')[0m  [["writer_id", 1]]
  Rendered reviews/index.json.jbuilder (42.0ms)
Completed 200 OK in 95ms (Views: 49.3ms | ActiveRecord: 2.3ms)


Started GET "/races" for 127.0.0.1 at 2016-04-25 08:17:37 +0300
Processing by RacesController#index as HTML
  Parameters: {"race"=>{}}
  [1m[35mRace Load (0.3ms)[0m  SELECT "races".* FROM "races" WHERE (name like '%%')  ORDER BY "races"."name" ASC
  Rendered races/_race.json.jbuilder (0.3ms)
  Rendered races/_race.json.jbuilder (0.1ms)
  Rendered races/index.json.jbuilder (6.2ms)
Completed 200 OK in 11ms (Views: 9.7ms | ActiveRecord: 1.1ms)


Started POST "/races" for 127.0.0.1 at 2016-04-25 08:18:13 +0300
Processing by RacesController#create as HTML
  Parameters: {"email"=>"arie3@gmail.com", "password"=>"[FILTERED]", "race"=>{}}
Can't verify CSRF token authenticity
Completed 422 Unprocessable Entity in 1ms (ActiveRecord: 0.5ms)

ActionController::InvalidAuthenticityToken (ActionController::InvalidAuthenticityToken):
  actionpack (4.2.6) lib/action_controller/metal/request_forgery_protection.rb:181:in `handle_unverified_request'
  actionpack (4.2.6) lib/action_controller/metal/request_forgery_protection.rb:209:in `handle_unverified_request'
  actionpack (4.2.6) lib/action_controller/metal/request_forgery_protection.rb:204:in `verify_authenticity_token'
  activesupport (4.2.6) lib/active_support/callbacks.rb:432:in `block in make_lambda'
  activesupport (4.2.6) lib/active_support/callbacks.rb:164:in `call'
  activesupport (4.2.6) lib/active_support/callbacks.rb:164:in `block in halting'
  activesupport (4.2.6) lib/active_support/callbacks.rb:504:in `call'
  activesupport (4.2.6) lib/active_support/callbacks.rb:504:in `block in call'
  activesupport (4.2.6) lib/active_support/callbacks.rb:504:in `each'
  activesupport (4.2.6) lib/active_support/callbacks.rb:504:in `call'
  activesupport (4.2.6) lib/active_support/callbacks.rb:92:in `__run_callbacks__'
  activesupport (4.2.6) lib/active_support/callbacks.rb:778:in `_run_process_action_callbacks'
  activesupport (4.2.6) lib/active_support/callbacks.rb:81:in `run_callbacks'
  actionpack (4.2.6) lib/abstract_controller/callbacks.rb:19:in `process_action'
  actionpack (4.2.6) lib/action_controller/metal/rescue.rb:29:in `process_action'
  actionpack (4.2.6) lib/action_controller/metal/instrumentation.rb:32:in `block in process_action'
  activesupport (4.2.6) lib/active_support/notifications.rb:164:in `block in instrument'
  activesupport (4.2.6) lib/active_support/notifications/instrumenter.rb:20:in `instrument'
  activesupport (4.2.6) lib/active_support/notifications.rb:164:in `instrument'
  actionpack (4.2.6) lib/action_controller/metal/instrumentation.rb:30:in `process_action'
  actionpack (4.2.6) lib/action_controller/metal/params_wrapper.rb:250:in `process_action'
  activerecord (4.2.6) lib/active_record/railties/controller_runtime.rb:18:in `process_action'
  actionpack (4.2.6) lib/abstract_controller/base.rb:137:in `process'
  actionview (4.2.6) lib/action_view/rendering.rb:30:in `process'
  actionpack (4.2.6) lib/action_controller/metal.rb:196:in `dispatch'
  actionpack (4.2.6) lib/action_controller/metal/rack_delegation.rb:13:in `dispatch'
  actionpack (4.2.6) lib/action_controller/metal.rb:237:in `block in action'
  actionpack (4.2.6) lib/action_dispatch/routing/route_set.rb:74:in `call'
  actionpack (4.2.6) lib/action_dispatch/routing/route_set.rb:74:in `dispatch'
  actionpack (4.2.6) lib/action_dispatch/routing/route_set.rb:43:in `serve'
  actionpack (4.2.6) lib/action_dispatch/journey/router.rb:43:in `block in serve'
  actionpack (4.2.6) lib/action_dispatch/journey/router.rb:30:in `each'
  actionpack (4.2.6) lib/action_dispatch/journey/router.rb:30:in `serve'
  actionpack (4.2.6) lib/action_dispatch/routing/route_set.rb:817:in `call'
  rack (1.6.4) lib/rack/etag.rb:24:in `call'
  rack (1.6.4) lib/rack/conditionalget.rb:38:in `call'
  rack (1.6.4) lib/rack/head.rb:13:in `call'
  actionpack (4.2.6) lib/action_dispatch/middleware/params_parser.rb:27:in `call'
  actionpack (4.2.6) lib/action_dispatch/middleware/flash.rb:260:in `call'
  rack (1.6.4) lib/rack/session/abstract/id.rb:225:in `context'
  rack (1.6.4) lib/rack/session/abstract/id.rb:220:in `call'
  actionpack (4.2.6) lib/action_dispatch/middleware/cookies.rb:560:in `call'
  activerecord (4.2.6) lib/active_record/query_cache.rb:36:in `call'
  activerecord (4.2.6) lib/active_record/connection_adapters/abstract/connection_pool.rb:653:in `call'
  activerecord (4.2.6) lib/active_record/migration.rb:377:in `call'
  actionpack (4.2.6) lib/action_dispatch/middleware/callbacks.rb:29:in `block in call'
  activesupport (4.2.6) lib/active_support/callbacks.rb:88:in `__run_callbacks__'
  activesupport (4.2.6) lib/active_support/callbacks.rb:778:in `_run_call_callbacks'
  activesupport (4.2.6) lib/active_support/callbacks.rb:81:in `run_callbacks'
  actionpack (4.2.6) lib/action_dispatch/middleware/callbacks.rb:27:in `call'
  actionpack (4.2.6) lib/action_dispatch/middleware/reloader.rb:73:in `call'
  actionpack (4.2.6) lib/action_dispatch/middleware/remote_ip.rb:78:in `call'
  actionpack (4.2.6) lib/action_dispatch/middleware/debug_exceptions.rb:17:in `call'
  web-console (2.3.0) lib/web_console/middleware.rb:28:in `block in call'
  web-console (2.3.0) lib/web_console/middleware.rb:18:in `catch'
  web-console (2.3.0) lib/web_console/middleware.rb:18:in `call'
  actionpack (4.2.6) lib/action_dispatch/middleware/show_exceptions.rb:30:in `call'
  railties (4.2.6) lib/rails/rack/logger.rb:38:in `call_app'
  railties (4.2.6) lib/rails/rack/logger.rb:20:in `block in call'
  activesupport (4.2.6) lib/active_support/tagged_logging.rb:68:in `block in tagged'
  activesupport (4.2.6) lib/active_support/tagged_logging.rb:26:in `tagged'
  activesupport (4.2.6) lib/active_support/tagged_logging.rb:68:in `tagged'
  railties (4.2.6) lib/rails/rack/logger.rb:20:in `call'
  actionpack (4.2.6) lib/action_dispatch/middleware/request_id.rb:21:in `call'
  rack (1.6.4) lib/rack/methodoverride.rb:22:in `call'
  rack (1.6.4) lib/rack/runtime.rb:18:in `call'
  activesupport (4.2.6) lib/active_support/cache/strategy/local_cache_middleware.rb:28:in `call'
  rack (1.6.4) lib/rack/lock.rb:17:in `call'
  actionpack (4.2.6) lib/action_dispatch/middleware/static.rb:120:in `call'
  rack (1.6.4) lib/rack/sendfile.rb:113:in `call'
  railties (4.2.6) lib/rails/engine.rb:518:in `call'
  railties (4.2.6) lib/rails/application.rb:165:in `call'
  rack (1.6.4) lib/rack/lock.rb:17:in `call'
  rack (1.6.4) lib/rack/content_length.rb:15:in `call'
  rack (1.6.4) lib/rack/handler/webrick.rb:88:in `service'
  /Users/arielpollack/.rvm/rubies/ruby-2.1.2/lib/ruby/2.1.0/webrick/httpserver.rb:138:in `service'
  /Users/arielpollack/.rvm/rubies/ruby-2.1.2/lib/ruby/2.1.0/webrick/httpserver.rb:94:in `run'
  /Users/arielpollack/.rvm/rubies/ruby-2.1.2/lib/ruby/2.1.0/webrick/server.rb:295:in `block in start_thread'


  Rendered /Users/arielpollack/.rvm/rubies/ruby-2.1.2/lib/ruby/gems/2.1.0/gems/actionpack-4.2.6/lib/action_dispatch/middleware/templates/rescues/_source.erb (5.2ms)
  Rendered /Users/arielpollack/.rvm/rubies/ruby-2.1.2/lib/ruby/gems/2.1.0/gems/actionpack-4.2.6/lib/action_dispatch/middleware/templates/rescues/_trace.html.erb (2.0ms)
  Rendered /Users/arielpollack/.rvm/rubies/ruby-2.1.2/lib/ruby/gems/2.1.0/gems/actionpack-4.2.6/lib/action_dispatch/middleware/templates/rescues/_request_and_response.html.erb (9.4ms)
  Rendered /Users/arielpollack/.rvm/rubies/ruby-2.1.2/lib/ruby/gems/2.1.0/gems/actionpack-4.2.6/lib/action_dispatch/middleware/templates/rescues/diagnostics.html.erb within rescues/layout (29.7ms)
  Rendered /Users/arielpollack/.rvm/rubies/ruby-2.1.2/lib/ruby/gems/2.1.0/gems/web-console-2.3.0/lib/web_console/templates/_markup.html.erb (0.4ms)
  Rendered /Users/arielpollack/.rvm/rubies/ruby-2.1.2/lib/ruby/gems/2.1.0/gems/web-console-2.3.0/lib/web_console/templates/_inner_console_markup.html.erb within layouts/inlined_string (0.4ms)
  Rendered /Users/arielpollack/.rvm/rubies/ruby-2.1.2/lib/ruby/gems/2.1.0/gems/web-console-2.3.0/lib/web_console/templates/_prompt_box_markup.html.erb within layouts/inlined_string (0.4ms)
  Rendered /Users/arielpollack/.rvm/rubies/ruby-2.1.2/lib/ruby/gems/2.1.0/gems/web-console-2.3.0/lib/web_console/templates/style.css.erb within layouts/inlined_string (0.3ms)
  Rendered /Users/arielpollack/.rvm/rubies/ruby-2.1.2/lib/ruby/gems/2.1.0/gems/web-console-2.3.0/lib/web_console/templates/console.js.erb within layouts/javascript (20.3ms)
  Rendered /Users/arielpollack/.rvm/rubies/ruby-2.1.2/lib/ruby/gems/2.1.0/gems/web-console-2.3.0/lib/web_console/templates/main.js.erb within layouts/javascript (0.3ms)
  Rendered /Users/arielpollack/.rvm/rubies/ruby-2.1.2/lib/ruby/gems/2.1.0/gems/web-console-2.3.0/lib/web_console/templates/error_page.js.erb within layouts/javascript (0.4ms)
  Rendered /Users/arielpollack/.rvm/rubies/ruby-2.1.2/lib/ruby/gems/2.1.0/gems/web-console-2.3.0/lib/web_console/templates/index.html.erb (40.1ms)


Started POST "/races" for 127.0.0.1 at 2016-04-25 08:19:43 +0300
Processing by RacesController#create as HTML
  Parameters: {"email"=>"arie3@gmail.com", "password"=>"[FILTERED]", "race"=>{}}
Can't verify CSRF token authenticity
Completed 422 Unprocessable Entity in 3ms (ActiveRecord: 0.5ms)

ActionController::InvalidAuthenticityToken (ActionController::InvalidAuthenticityToken):
  actionpack (4.2.6) lib/action_controller/metal/request_forgery_protection.rb:181:in `handle_unverified_request'
  actionpack (4.2.6) lib/action_controller/metal/request_forgery_protection.rb:209:in `handle_unverified_request'
  actionpack (4.2.6) lib/action_controller/metal/request_forgery_protection.rb:204:in `verify_authenticity_token'
  activesupport (4.2.6) lib/active_support/callbacks.rb:432:in `block in make_lambda'
  activesupport (4.2.6) lib/active_support/callbacks.rb:164:in `call'
  activesupport (4.2.6) lib/active_support/callbacks.rb:164:in `block in halting'
  activesupport (4.2.6) lib/active_support/callbacks.rb:504:in `call'
  activesupport (4.2.6) lib/active_support/callbacks.rb:504:in `block in call'
  activesupport (4.2.6) lib/active_support/callbacks.rb:504:in `each'
  activesupport (4.2.6) lib/active_support/callbacks.rb:504:in `call'
  activesupport (4.2.6) lib/active_support/callbacks.rb:92:in `__run_callbacks__'
  activesupport (4.2.6) lib/active_support/callbacks.rb:778:in `_run_process_action_callbacks'
  activesupport (4.2.6) lib/active_support/callbacks.rb:81:in `run_callbacks'
  actionpack (4.2.6) lib/abstract_controller/callbacks.rb:19:in `process_action'
  actionpack (4.2.6) lib/action_controller/metal/rescue.rb:29:in `process_action'
  actionpack (4.2.6) lib/action_controller/metal/instrumentation.rb:32:in `block in process_action'
  activesupport (4.2.6) lib/active_support/notifications.rb:164:in `block in instrument'
  activesupport (4.2.6) lib/active_support/notifications/instrumenter.rb:20:in `instrument'
  activesupport (4.2.6) lib/active_support/notifications.rb:164:in `instrument'
  actionpack (4.2.6) lib/action_controller/metal/instrumentation.rb:30:in `process_action'
  actionpack (4.2.6) lib/action_controller/metal/params_wrapper.rb:250:in `process_action'
  activerecord (4.2.6) lib/active_record/railties/controller_runtime.rb:18:in `process_action'
  actionpack (4.2.6) lib/abstract_controller/base.rb:137:in `process'
  actionview (4.2.6) lib/action_view/rendering.rb:30:in `process'
  actionpack (4.2.6) lib/action_controller/metal.rb:196:in `dispatch'
  actionpack (4.2.6) lib/action_controller/metal/rack_delegation.rb:13:in `dispatch'
  actionpack (4.2.6) lib/action_controller/metal.rb:237:in `block in action'
  actionpack (4.2.6) lib/action_dispatch/routing/route_set.rb:74:in `call'
  actionpack (4.2.6) lib/action_dispatch/routing/route_set.rb:74:in `dispatch'
  actionpack (4.2.6) lib/action_dispatch/routing/route_set.rb:43:in `serve'
  actionpack (4.2.6) lib/action_dispatch/journey/router.rb:43:in `block in serve'
  actionpack (4.2.6) lib/action_dispatch/journey/router.rb:30:in `each'
  actionpack (4.2.6) lib/action_dispatch/journey/router.rb:30:in `serve'
  actionpack (4.2.6) lib/action_dispatch/routing/route_set.rb:817:in `call'
  rack (1.6.4) lib/rack/etag.rb:24:in `call'
  rack (1.6.4) lib/rack/conditionalget.rb:38:in `call'
  rack (1.6.4) lib/rack/head.rb:13:in `call'
  actionpack (4.2.6) lib/action_dispatch/middleware/params_parser.rb:27:in `call'
  actionpack (4.2.6) lib/action_dispatch/middleware/flash.rb:260:in `call'
  rack (1.6.4) lib/rack/session/abstract/id.rb:225:in `context'
  rack (1.6.4) lib/rack/session/abstract/id.rb:220:in `call'
  actionpack (4.2.6) lib/action_dispatch/middleware/cookies.rb:560:in `call'
  activerecord (4.2.6) lib/active_record/query_cache.rb:36:in `call'
  activerecord (4.2.6) lib/active_record/connection_adapters/abstract/connection_pool.rb:653:in `call'
  activerecord (4.2.6) lib/active_record/migration.rb:377:in `call'
  actionpack (4.2.6) lib/action_dispatch/middleware/callbacks.rb:29:in `block in call'
  activesupport (4.2.6) lib/active_support/callbacks.rb:88:in `__run_callbacks__'
  activesupport (4.2.6) lib/active_support/callbacks.rb:778:in `_run_call_callbacks'
  activesupport (4.2.6) lib/active_support/callbacks.rb:81:in `run_callbacks'
  actionpack (4.2.6) lib/action_dispatch/middleware/callbacks.rb:27:in `call'
  actionpack (4.2.6) lib/action_dispatch/middleware/reloader.rb:73:in `call'
  actionpack (4.2.6) lib/action_dispatch/middleware/remote_ip.rb:78:in `call'
  actionpack (4.2.6) lib/action_dispatch/middleware/debug_exceptions.rb:17:in `call'
  web-console (2.3.0) lib/web_console/middleware.rb:28:in `block in call'
  web-console (2.3.0) lib/web_console/middleware.rb:18:in `catch'
  web-console (2.3.0) lib/web_console/middleware.rb:18:in `call'
  actionpack (4.2.6) lib/action_dispatch/middleware/show_exceptions.rb:30:in `call'
  railties (4.2.6) lib/rails/rack/logger.rb:38:in `call_app'
  railties (4.2.6) lib/rails/rack/logger.rb:20:in `block in call'
  activesupport (4.2.6) lib/active_support/tagged_logging.rb:68:in `block in tagged'
  activesupport (4.2.6) lib/active_support/tagged_logging.rb:26:in `tagged'
  activesupport (4.2.6) lib/active_support/tagged_logging.rb:68:in `tagged'
  railties (4.2.6) lib/rails/rack/logger.rb:20:in `call'
  actionpack (4.2.6) lib/action_dispatch/middleware/request_id.rb:21:in `call'
  rack (1.6.4) lib/rack/methodoverride.rb:22:in `call'
  rack (1.6.4) lib/rack/runtime.rb:18:in `call'
  activesupport (4.2.6) lib/active_support/cache/strategy/local_cache_middleware.rb:28:in `call'
  rack (1.6.4) lib/rack/lock.rb:17:in `call'
  actionpack (4.2.6) lib/action_dispatch/middleware/static.rb:120:in `call'
  rack (1.6.4) lib/rack/sendfile.rb:113:in `call'
  railties (4.2.6) lib/rails/engine.rb:518:in `call'
  railties (4.2.6) lib/rails/application.rb:165:in `call'
  rack (1.6.4) lib/rack/lock.rb:17:in `call'
  rack (1.6.4) lib/rack/content_length.rb:15:in `call'
  rack (1.6.4) lib/rack/handler/webrick.rb:88:in `service'
  /Users/arielpollack/.rvm/rubies/ruby-2.1.2/lib/ruby/2.1.0/webrick/httpserver.rb:138:in `service'
  /Users/arielpollack/.rvm/rubies/ruby-2.1.2/lib/ruby/2.1.0/webrick/httpserver.rb:94:in `run'
  /Users/arielpollack/.rvm/rubies/ruby-2.1.2/lib/ruby/2.1.0/webrick/server.rb:295:in `block in start_thread'


  Rendered /Users/arielpollack/.rvm/rubies/ruby-2.1.2/lib/ruby/gems/2.1.0/gems/actionpack-4.2.6/lib/action_dispatch/middleware/templates/rescues/_source.erb (4.8ms)
  Rendered /Users/arielpollack/.rvm/rubies/ruby-2.1.2/lib/ruby/gems/2.1.0/gems/actionpack-4.2.6/lib/action_dispatch/middleware/templates/rescues/_trace.html.erb (2.3ms)
  Rendered /Users/arielpollack/.rvm/rubies/ruby-2.1.2/lib/ruby/gems/2.1.0/gems/actionpack-4.2.6/lib/action_dispatch/middleware/templates/rescues/_request_and_response.html.erb (1.0ms)
  Rendered /Users/arielpollack/.rvm/rubies/ruby-2.1.2/lib/ruby/gems/2.1.0/gems/actionpack-4.2.6/lib/action_dispatch/middleware/templates/rescues/diagnostics.html.erb within rescues/layout (20.5ms)
  Rendered /Users/arielpollack/.rvm/rubies/ruby-2.1.2/lib/ruby/gems/2.1.0/gems/web-console-2.3.0/lib/web_console/templates/_markup.html.erb (0.4ms)
  Rendered /Users/arielpollack/.rvm/rubies/ruby-2.1.2/lib/ruby/gems/2.1.0/gems/web-console-2.3.0/lib/web_console/templates/_inner_console_markup.html.erb within layouts/inlined_string (0.2ms)
  Rendered /Users/arielpollack/.rvm/rubies/ruby-2.1.2/lib/ruby/gems/2.1.0/gems/web-console-2.3.0/lib/web_console/templates/_prompt_box_markup.html.erb within layouts/inlined_string (0.2ms)
  Rendered /Users/arielpollack/.rvm/rubies/ruby-2.1.2/lib/ruby/gems/2.1.0/gems/web-console-2.3.0/lib/web_console/templates/style.css.erb within layouts/inlined_string (0.4ms)
  Rendered /Users/arielpollack/.rvm/rubies/ruby-2.1.2/lib/ruby/gems/2.1.0/gems/web-console-2.3.0/lib/web_console/templates/console.js.erb within layouts/javascript (14.3ms)
  Rendered /Users/arielpollack/.rvm/rubies/ruby-2.1.2/lib/ruby/gems/2.1.0/gems/web-console-2.3.0/lib/web_console/templates/main.js.erb within layouts/javascript (0.3ms)
  Rendered /Users/arielpollack/.rvm/rubies/ruby-2.1.2/lib/ruby/gems/2.1.0/gems/web-console-2.3.0/lib/web_console/templates/error_page.js.erb within layouts/javascript (0.4ms)
  Rendered /Users/arielpollack/.rvm/rubies/ruby-2.1.2/lib/ruby/gems/2.1.0/gems/web-console-2.3.0/lib/web_console/templates/index.html.erb (31.0ms)


Started POST "/races" for 127.0.0.1 at 2016-04-25 08:20:39 +0300
  [1m[36mActiveRecord::SchemaMigration Load (0.1ms)[0m  [1mSELECT "schema_migrations".* FROM "schema_migrations"[0m
Processing by RacesController#create as HTML
  Parameters: {"email"=>"arie3@gmail.com", "password"=>"[FILTERED]", "race"=>{}}
Can't verify CSRF token authenticity
Completed 422 Unprocessable Entity in 1ms (ActiveRecord: 0.2ms)

ActionController::InvalidAuthenticityToken (ActionController::InvalidAuthenticityToken):
  actionpack (4.2.6) lib/action_controller/metal/request_forgery_protection.rb:181:in `handle_unverified_request'
  actionpack (4.2.6) lib/action_controller/metal/request_forgery_protection.rb:209:in `handle_unverified_request'
  actionpack (4.2.6) lib/action_controller/metal/request_forgery_protection.rb:204:in `verify_authenticity_token'
  activesupport (4.2.6) lib/active_support/callbacks.rb:432:in `block in make_lambda'
  activesupport (4.2.6) lib/active_support/callbacks.rb:164:in `call'
  activesupport (4.2.6) lib/active_support/callbacks.rb:164:in `block in halting'
  activesupport (4.2.6) lib/active_support/callbacks.rb:504:in `call'
  activesupport (4.2.6) lib/active_support/callbacks.rb:504:in `block in call'
  activesupport (4.2.6) lib/active_support/callbacks.rb:504:in `each'
  activesupport (4.2.6) lib/active_support/callbacks.rb:504:in `call'
  activesupport (4.2.6) lib/active_support/callbacks.rb:92:in `__run_callbacks__'
  activesupport (4.2.6) lib/active_support/callbacks.rb:778:in `_run_process_action_callbacks'
  activesupport (4.2.6) lib/active_support/callbacks.rb:81:in `run_callbacks'
  actionpack (4.2.6) lib/abstract_controller/callbacks.rb:19:in `process_action'
  actionpack (4.2.6) lib/action_controller/metal/rescue.rb:29:in `process_action'
  actionpack (4.2.6) lib/action_controller/metal/instrumentation.rb:32:in `block in process_action'
  activesupport (4.2.6) lib/active_support/notifications.rb:164:in `block in instrument'
  activesupport (4.2.6) lib/active_support/notifications/instrumenter.rb:20:in `instrument'
  activesupport (4.2.6) lib/active_support/notifications.rb:164:in `instrument'
  actionpack (4.2.6) lib/action_controller/metal/instrumentation.rb:30:in `process_action'
  actionpack (4.2.6) lib/action_controller/metal/params_wrapper.rb:250:in `process_action'
  activerecord (4.2.6) lib/active_record/railties/controller_runtime.rb:18:in `process_action'
  actionpack (4.2.6) lib/abstract_controller/base.rb:137:in `process'
  actionview (4.2.6) lib/action_view/rendering.rb:30:in `process'
  actionpack (4.2.6) lib/action_controller/metal.rb:196:in `dispatch'
  actionpack (4.2.6) lib/action_controller/metal/rack_delegation.rb:13:in `dispatch'
  actionpack (4.2.6) lib/action_controller/metal.rb:237:in `block in action'
  actionpack (4.2.6) lib/action_dispatch/routing/route_set.rb:74:in `call'
  actionpack (4.2.6) lib/action_dispatch/routing/route_set.rb:74:in `dispatch'
  actionpack (4.2.6) lib/action_dispatch/routing/route_set.rb:43:in `serve'
  actionpack (4.2.6) lib/action_dispatch/journey/router.rb:43:in `block in serve'
  actionpack (4.2.6) lib/action_dispatch/journey/router.rb:30:in `each'
  actionpack (4.2.6) lib/action_dispatch/journey/router.rb:30:in `serve'
  actionpack (4.2.6) lib/action_dispatch/routing/route_set.rb:817:in `call'
  rack (1.6.4) lib/rack/etag.rb:24:in `call'
  rack (1.6.4) lib/rack/conditionalget.rb:38:in `call'
  rack (1.6.4) lib/rack/head.rb:13:in `call'
  actionpack (4.2.6) lib/action_dispatch/middleware/params_parser.rb:27:in `call'
  actionpack (4.2.6) lib/action_dispatch/middleware/flash.rb:260:in `call'
  rack (1.6.4) lib/rack/session/abstract/id.rb:225:in `context'
  rack (1.6.4) lib/rack/session/abstract/id.rb:220:in `call'
  actionpack (4.2.6) lib/action_dispatch/middleware/cookies.rb:560:in `call'
  activerecord (4.2.6) lib/active_record/query_cache.rb:36:in `call'
  activerecord (4.2.6) lib/active_record/connection_adapters/abstract/connection_pool.rb:653:in `call'
  activerecord (4.2.6) lib/active_record/migration.rb:377:in `call'
  actionpack (4.2.6) lib/action_dispatch/middleware/callbacks.rb:29:in `block in call'
  activesupport (4.2.6) lib/active_support/callbacks.rb:88:in `__run_callbacks__'
  activesupport (4.2.6) lib/active_support/callbacks.rb:778:in `_run_call_callbacks'
  activesupport (4.2.6) lib/active_support/callbacks.rb:81:in `run_callbacks'
  actionpack (4.2.6) lib/action_dispatch/middleware/callbacks.rb:27:in `call'
  actionpack (4.2.6) lib/action_dispatch/middleware/reloader.rb:73:in `call'
  actionpack (4.2.6) lib/action_dispatch/middleware/remote_ip.rb:78:in `call'
  actionpack (4.2.6) lib/action_dispatch/middleware/debug_exceptions.rb:17:in `call'
  web-console (2.3.0) lib/web_console/middleware.rb:28:in `block in call'
  web-console (2.3.0) lib/web_console/middleware.rb:18:in `catch'
  web-console (2.3.0) lib/web_console/middleware.rb:18:in `call'
  actionpack (4.2.6) lib/action_dispatch/middleware/show_exceptions.rb:30:in `call'
  railties (4.2.6) lib/rails/rack/logger.rb:38:in `call_app'
  railties (4.2.6) lib/rails/rack/logger.rb:20:in `block in call'
  activesupport (4.2.6) lib/active_support/tagged_logging.rb:68:in `block in tagged'
  activesupport (4.2.6) lib/active_support/tagged_logging.rb:26:in `tagged'
  activesupport (4.2.6) lib/active_support/tagged_logging.rb:68:in `tagged'
  railties (4.2.6) lib/rails/rack/logger.rb:20:in `call'
  actionpack (4.2.6) lib/action_dispatch/middleware/request_id.rb:21:in `call'
  rack (1.6.4) lib/rack/methodoverride.rb:22:in `call'
  rack (1.6.4) lib/rack/runtime.rb:18:in `call'
  activesupport (4.2.6) lib/active_support/cache/strategy/local_cache_middleware.rb:28:in `call'
  rack (1.6.4) lib/rack/lock.rb:17:in `call'
  actionpack (4.2.6) lib/action_dispatch/middleware/static.rb:120:in `call'
  rack (1.6.4) lib/rack/sendfile.rb:113:in `call'
  railties (4.2.6) lib/rails/engine.rb:518:in `call'
  railties (4.2.6) lib/rails/application.rb:165:in `call'
  rack (1.6.4) lib/rack/lock.rb:17:in `call'
  rack (1.6.4) lib/rack/content_length.rb:15:in `call'
  rack (1.6.4) lib/rack/handler/webrick.rb:88:in `service'
  /Users/arielpollack/.rvm/rubies/ruby-2.1.2/lib/ruby/2.1.0/webrick/httpserver.rb:138:in `service'
  /Users/arielpollack/.rvm/rubies/ruby-2.1.2/lib/ruby/2.1.0/webrick/httpserver.rb:94:in `run'
  /Users/arielpollack/.rvm/rubies/ruby-2.1.2/lib/ruby/2.1.0/webrick/server.rb:295:in `block in start_thread'


  Rendered /Users/arielpollack/.rvm/rubies/ruby-2.1.2/lib/ruby/gems/2.1.0/gems/actionpack-4.2.6/lib/action_dispatch/middleware/templates/rescues/_source.erb (4.8ms)
  Rendered /Users/arielpollack/.rvm/rubies/ruby-2.1.2/lib/ruby/gems/2.1.0/gems/actionpack-4.2.6/lib/action_dispatch/middleware/templates/rescues/_trace.html.erb (1.9ms)
  Rendered /Users/arielpollack/.rvm/rubies/ruby-2.1.2/lib/ruby/gems/2.1.0/gems/actionpack-4.2.6/lib/action_dispatch/middleware/templates/rescues/_request_and_response.html.erb (8.7ms)
  Rendered /Users/arielpollack/.rvm/rubies/ruby-2.1.2/lib/ruby/gems/2.1.0/gems/actionpack-4.2.6/lib/action_dispatch/middleware/templates/rescues/diagnostics.html.erb within rescues/layout (27.3ms)
  Rendered /Users/arielpollack/.rvm/rubies/ruby-2.1.2/lib/ruby/gems/2.1.0/gems/web-console-2.3.0/lib/web_console/templates/_markup.html.erb (0.3ms)
  Rendered /Users/arielpollack/.rvm/rubies/ruby-2.1.2/lib/ruby/gems/2.1.0/gems/web-console-2.3.0/lib/web_console/templates/_inner_console_markup.html.erb within layouts/inlined_string (0.4ms)
  Rendered /Users/arielpollack/.rvm/rubies/ruby-2.1.2/lib/ruby/gems/2.1.0/gems/web-console-2.3.0/lib/web_console/templates/_prompt_box_markup.html.erb within layouts/inlined_string (0.3ms)
  Rendered /Users/arielpollack/.rvm/rubies/ruby-2.1.2/lib/ruby/gems/2.1.0/gems/web-console-2.3.0/lib/web_console/templates/style.css.erb within layouts/inlined_string (0.9ms)
  Rendered /Users/arielpollack/.rvm/rubies/ruby-2.1.2/lib/ruby/gems/2.1.0/gems/web-console-2.3.0/lib/web_console/templates/console.js.erb within layouts/javascript (23.1ms)
  Rendered /Users/arielpollack/.rvm/rubies/ruby-2.1.2/lib/ruby/gems/2.1.0/gems/web-console-2.3.0/lib/web_console/templates/main.js.erb within layouts/javascript (0.2ms)
  Rendered /Users/arielpollack/.rvm/rubies/ruby-2.1.2/lib/ruby/gems/2.1.0/gems/web-console-2.3.0/lib/web_console/templates/error_page.js.erb within layouts/javascript (0.4ms)
  Rendered /Users/arielpollack/.rvm/rubies/ruby-2.1.2/lib/ruby/gems/2.1.0/gems/web-console-2.3.0/lib/web_console/templates/index.html.erb (41.1ms)


Started POST "/races" for 127.0.0.1 at 2016-04-25 08:21:35 +0300
Processing by RacesController#create as HTML
  Parameters: {"email"=>"arie3@gmail.com", "password"=>"[FILTERED]", "race"=>{}}
  [1m[35mUser Load (0.6ms)[0m  SELECT  "users".* FROM "users" WHERE "users"."token" = ? LIMIT 1  [["token", "a60a93de6ca842388820812d456c37bf"]]
Completed 400 Bad Request in 38ms (ActiveRecord: 1.3ms)

ActionController::ParameterMissing (param is missing or the value is empty: race):
  app/controllers/races_controller.rb:21:in `race_params'
  app/controllers/races_controller.rb:10:in `create'


  Rendered /Users/arielpollack/.rvm/rubies/ruby-2.1.2/lib/ruby/gems/2.1.0/gems/actionpack-4.2.6/lib/action_dispatch/middleware/templates/rescues/_source.erb (3.9ms)
  Rendered /Users/arielpollack/.rvm/rubies/ruby-2.1.2/lib/ruby/gems/2.1.0/gems/actionpack-4.2.6/lib/action_dispatch/middleware/templates/rescues/_trace.html.erb (1.9ms)
  Rendered /Users/arielpollack/.rvm/rubies/ruby-2.1.2/lib/ruby/gems/2.1.0/gems/actionpack-4.2.6/lib/action_dispatch/middleware/templates/rescues/_request_and_response.html.erb (0.9ms)
  Rendered /Users/arielpollack/.rvm/rubies/ruby-2.1.2/lib/ruby/gems/2.1.0/gems/actionpack-4.2.6/lib/action_dispatch/middleware/templates/rescues/diagnostics.html.erb within rescues/layout (17.0ms)
  Rendered /Users/arielpollack/.rvm/rubies/ruby-2.1.2/lib/ruby/gems/2.1.0/gems/web-console-2.3.0/lib/web_console/templates/_markup.html.erb (0.4ms)
  Rendered /Users/arielpollack/.rvm/rubies/ruby-2.1.2/lib/ruby/gems/2.1.0/gems/web-console-2.3.0/lib/web_console/templates/_inner_console_markup.html.erb within layouts/inlined_string (0.3ms)
  Rendered /Users/arielpollack/.rvm/rubies/ruby-2.1.2/lib/ruby/gems/2.1.0/gems/web-console-2.3.0/lib/web_console/templates/_prompt_box_markup.html.erb within layouts/inlined_string (0.2ms)
  Rendered /Users/arielpollack/.rvm/rubies/ruby-2.1.2/lib/ruby/gems/2.1.0/gems/web-console-2.3.0/lib/web_console/templates/style.css.erb within layouts/inlined_string (0.3ms)
  Rendered /Users/arielpollack/.rvm/rubies/ruby-2.1.2/lib/ruby/gems/2.1.0/gems/web-console-2.3.0/lib/web_console/templates/console.js.erb within layouts/javascript (13.2ms)
  Rendered /Users/arielpollack/.rvm/rubies/ruby-2.1.2/lib/ruby/gems/2.1.0/gems/web-console-2.3.0/lib/web_console/templates/main.js.erb within layouts/javascript (0.4ms)
  Rendered /Users/arielpollack/.rvm/rubies/ruby-2.1.2/lib/ruby/gems/2.1.0/gems/web-console-2.3.0/lib/web_console/templates/error_page.js.erb within layouts/javascript (0.8ms)
  Rendered /Users/arielpollack/.rvm/rubies/ruby-2.1.2/lib/ruby/gems/2.1.0/gems/web-console-2.3.0/lib/web_console/templates/index.html.erb (35.3ms)


Started POST "/races" for 127.0.0.1 at 2016-04-25 08:24:44 +0300
Processing by RacesController#create as HTML
  Parameters: {"email"=>"arie3@gmail.com", "password"=>"[FILTERED]", "race"=>{}}
  [1m[36mUser Load (0.1ms)[0m  [1mSELECT  "users".* FROM "users" WHERE "users"."token" = ? LIMIT 1[0m  [["token", "a60a93de6ca842388820812d456c37bf"]]
Completed 400 Bad Request in 20ms (ActiveRecord: 0.9ms)

ActionController::ParameterMissing (param is missing or the value is empty: race):
  app/controllers/races_controller.rb:22:in `race_params'
  app/controllers/races_controller.rb:11:in `create'


  Rendered /Users/arielpollack/.rvm/rubies/ruby-2.1.2/lib/ruby/gems/2.1.0/gems/actionpack-4.2.6/lib/action_dispatch/middleware/templates/rescues/_source.erb (4.3ms)
  Rendered /Users/arielpollack/.rvm/rubies/ruby-2.1.2/lib/ruby/gems/2.1.0/gems/actionpack-4.2.6/lib/action_dispatch/middleware/templates/rescues/_trace.html.erb (2.5ms)
  Rendered /Users/arielpollack/.rvm/rubies/ruby-2.1.2/lib/ruby/gems/2.1.0/gems/actionpack-4.2.6/lib/action_dispatch/middleware/templates/rescues/_request_and_response.html.erb (0.9ms)
  Rendered /Users/arielpollack/.rvm/rubies/ruby-2.1.2/lib/ruby/gems/2.1.0/gems/actionpack-4.2.6/lib/action_dispatch/middleware/templates/rescues/diagnostics.html.erb within rescues/layout (18.7ms)
  Rendered /Users/arielpollack/.rvm/rubies/ruby-2.1.2/lib/ruby/gems/2.1.0/gems/web-console-2.3.0/lib/web_console/templates/_markup.html.erb (0.3ms)
  Rendered /Users/arielpollack/.rvm/rubies/ruby-2.1.2/lib/ruby/gems/2.1.0/gems/web-console-2.3.0/lib/web_console/templates/_inner_console_markup.html.erb within layouts/inlined_string (0.3ms)
  Rendered /Users/arielpollack/.rvm/rubies/ruby-2.1.2/lib/ruby/gems/2.1.0/gems/web-console-2.3.0/lib/web_console/templates/_prompt_box_markup.html.erb within layouts/inlined_string (0.2ms)
  Rendered /Users/arielpollack/.rvm/rubies/ruby-2.1.2/lib/ruby/gems/2.1.0/gems/web-console-2.3.0/lib/web_console/templates/style.css.erb within layouts/inlined_string (0.3ms)
  Rendered /Users/arielpollack/.rvm/rubies/ruby-2.1.2/lib/ruby/gems/2.1.0/gems/web-console-2.3.0/lib/web_console/templates/console.js.erb within layouts/javascript (13.5ms)
  Rendered /Users/arielpollack/.rvm/rubies/ruby-2.1.2/lib/ruby/gems/2.1.0/gems/web-console-2.3.0/lib/web_console/templates/main.js.erb within layouts/javascript (0.3ms)
  Rendered /Users/arielpollack/.rvm/rubies/ruby-2.1.2/lib/ruby/gems/2.1.0/gems/web-console-2.3.0/lib/web_console/templates/error_page.js.erb within layouts/javascript (0.3ms)
  Rendered /Users/arielpollack/.rvm/rubies/ruby-2.1.2/lib/ruby/gems/2.1.0/gems/web-console-2.3.0/lib/web_console/templates/index.html.erb (28.6ms)


Started POST "/races" for 127.0.0.1 at 2016-04-25 08:25:28 +0300
Processing by RacesController#create as HTML
  Parameters: {"email"=>"arie3@gmail.com", "password"=>"[FILTERED]", "race"=>{}}
  [1m[35mUser Load (0.2ms)[0m  SELECT  "users".* FROM "users" WHERE "users"."token" = ? LIMIT 1  [["token", "a60a93de6ca842388820812d456c37bf"]]
Completed 400 Bad Request in 23ms (Views: 0.3ms | ActiveRecord: 1.1ms)

ActionController::ParameterMissing (param is missing or the value is empty: race):
  app/controllers/races_controller.rb:22:in `race_params'
  app/controllers/races_controller.rb:11:in `create'


  Rendered /Users/arielpollack/.rvm/rubies/ruby-2.1.2/lib/ruby/gems/2.1.0/gems/actionpack-4.2.6/lib/action_dispatch/middleware/templates/rescues/_source.erb (6.0ms)
  Rendered /Users/arielpollack/.rvm/rubies/ruby-2.1.2/lib/ruby/gems/2.1.0/gems/actionpack-4.2.6/lib/action_dispatch/middleware/templates/rescues/_trace.html.erb (2.0ms)
  Rendered /Users/arielpollack/.rvm/rubies/ruby-2.1.2/lib/ruby/gems/2.1.0/gems/actionpack-4.2.6/lib/action_dispatch/middleware/templates/rescues/_request_and_response.html.erb (1.3ms)
  Rendered /Users/arielpollack/.rvm/rubies/ruby-2.1.2/lib/ruby/gems/2.1.0/gems/actionpack-4.2.6/lib/action_dispatch/middleware/templates/rescues/diagnostics.html.erb within rescues/layout (20.2ms)
  Rendered /Users/arielpollack/.rvm/rubies/ruby-2.1.2/lib/ruby/gems/2.1.0/gems/web-console-2.3.0/lib/web_console/templates/_markup.html.erb (0.3ms)
  Rendered /Users/arielpollack/.rvm/rubies/ruby-2.1.2/lib/ruby/gems/2.1.0/gems/web-console-2.3.0/lib/web_console/templates/_inner_console_markup.html.erb within layouts/inlined_string (0.2ms)
  Rendered /Users/arielpollack/.rvm/rubies/ruby-2.1.2/lib/ruby/gems/2.1.0/gems/web-console-2.3.0/lib/web_console/templates/_prompt_box_markup.html.erb within layouts/inlined_string (0.3ms)
  Rendered /Users/arielpollack/.rvm/rubies/ruby-2.1.2/lib/ruby/gems/2.1.0/gems/web-console-2.3.0/lib/web_console/templates/style.css.erb within layouts/inlined_string (0.3ms)
  Rendered /Users/arielpollack/.rvm/rubies/ruby-2.1.2/lib/ruby/gems/2.1.0/gems/web-console-2.3.0/lib/web_console/templates/console.js.erb within layouts/javascript (14.2ms)
  Rendered /Users/arielpollack/.rvm/rubies/ruby-2.1.2/lib/ruby/gems/2.1.0/gems/web-console-2.3.0/lib/web_console/templates/main.js.erb within layouts/javascript (0.3ms)
  Rendered /Users/arielpollack/.rvm/rubies/ruby-2.1.2/lib/ruby/gems/2.1.0/gems/web-console-2.3.0/lib/web_console/templates/error_page.js.erb within layouts/javascript (0.4ms)
  Rendered /Users/arielpollack/.rvm/rubies/ruby-2.1.2/lib/ruby/gems/2.1.0/gems/web-console-2.3.0/lib/web_console/templates/index.html.erb (29.3ms)


Started POST "/races" for 127.0.0.1 at 2016-04-25 08:26:04 +0300
Processing by RacesController#create as HTML
  Parameters: {"email"=>"arie3@gmail.com", "password"=>"[FILTERED]", "race"=>{}}
  [1m[36mUser Load (0.2ms)[0m  [1mSELECT  "users".* FROM "users" WHERE "users"."token" = ? LIMIT 1[0m  [["token", "a60a93de6ca842388820812d456c37bf"]]
Completed 400 Bad Request in 22ms (Views: 0.2ms | ActiveRecord: 0.9ms)

ActionController::ParameterMissing (param is missing or the value is empty: race):
  app/controllers/races_controller.rb:22:in `race_params'
  app/controllers/races_controller.rb:11:in `create'


  Rendered /Users/arielpollack/.rvm/rubies/ruby-2.1.2/lib/ruby/gems/2.1.0/gems/actionpack-4.2.6/lib/action_dispatch/middleware/templates/rescues/_source.erb (4.8ms)
  Rendered /Users/arielpollack/.rvm/rubies/ruby-2.1.2/lib/ruby/gems/2.1.0/gems/actionpack-4.2.6/lib/action_dispatch/middleware/templates/rescues/_trace.html.erb (2.1ms)
  Rendered /Users/arielpollack/.rvm/rubies/ruby-2.1.2/lib/ruby/gems/2.1.0/gems/actionpack-4.2.6/lib/action_dispatch/middleware/templates/rescues/_request_and_response.html.erb (0.9ms)
  Rendered /Users/arielpollack/.rvm/rubies/ruby-2.1.2/lib/ruby/gems/2.1.0/gems/actionpack-4.2.6/lib/action_dispatch/middleware/templates/rescues/diagnostics.html.erb within rescues/layout (18.4ms)
  Rendered /Users/arielpollack/.rvm/rubies/ruby-2.1.2/lib/ruby/gems/2.1.0/gems/web-console-2.3.0/lib/web_console/templates/_markup.html.erb (0.5ms)
  Rendered /Users/arielpollack/.rvm/rubies/ruby-2.1.2/lib/ruby/gems/2.1.0/gems/web-console-2.3.0/lib/web_console/templates/_inner_console_markup.html.erb within layouts/inlined_string (0.2ms)
  Rendered /Users/arielpollack/.rvm/rubies/ruby-2.1.2/lib/ruby/gems/2.1.0/gems/web-console-2.3.0/lib/web_console/templates/_prompt_box_markup.html.erb within layouts/inlined_string (0.5ms)
  Rendered /Users/arielpollack/.rvm/rubies/ruby-2.1.2/lib/ruby/gems/2.1.0/gems/web-console-2.3.0/lib/web_console/templates/style.css.erb within layouts/inlined_string (0.3ms)
  Rendered /Users/arielpollack/.rvm/rubies/ruby-2.1.2/lib/ruby/gems/2.1.0/gems/web-console-2.3.0/lib/web_console/templates/console.js.erb within layouts/javascript (13.8ms)
  Rendered /Users/arielpollack/.rvm/rubies/ruby-2.1.2/lib/ruby/gems/2.1.0/gems/web-console-2.3.0/lib/web_console/templates/main.js.erb within layouts/javascript (0.2ms)
  Rendered /Users/arielpollack/.rvm/rubies/ruby-2.1.2/lib/ruby/gems/2.1.0/gems/web-console-2.3.0/lib/web_console/templates/error_page.js.erb within layouts/javascript (0.3ms)
  Rendered /Users/arielpollack/.rvm/rubies/ruby-2.1.2/lib/ruby/gems/2.1.0/gems/web-console-2.3.0/lib/web_console/templates/index.html.erb (28.6ms)


Started POST "/races" for 127.0.0.1 at 2016-04-25 08:27:27 +0300
Processing by RacesController#create as HTML
  Parameters: {"email"=>"arie3@gmail.com", "password"=>"[FILTERED]", "race"=>{}}
  [1m[35mUser Load (0.2ms)[0m  SELECT  "users".* FROM "users" WHERE "users"."token" = ? LIMIT 1  [["token", "a60a93de6ca842388820812d456c37bf"]]
Completed 422 Unprocessable Entity in 19ms (Views: 0.2ms | ActiveRecord: 0.9ms)


Started POST "/races" for 127.0.0.1 at 2016-04-25 08:29:06 +0300
Processing by RacesController#create as HTML
  Parameters: {"race"=>{"name"=>"Pekingese", "image"=>"http://www.dogbreedinfo.com/images25/PekingeseDogPurebredHersheyPekePeekAdultDogs.jpg", "about"=>"very cute dog"}}
  [1m[36mUser Load (0.1ms)[0m  [1mSELECT  "users".* FROM "users" WHERE "users"."token" = ? LIMIT 1[0m  [["token", "a60a93de6ca842388820812d456c37bf"]]
  [1m[35m (0.1ms)[0m  begin transaction
  [1m[36mSQL (0.4ms)[0m  [1mINSERT INTO "races" ("name", "image", "about", "created_at", "updated_at") VALUES (?, ?, ?, ?, ?)[0m  [["name", "Pekingese"], ["image", "http://www.dogbreedinfo.com/images25/PekingeseDogPurebredHersheyPekePeekAdultDogs.jpg"], ["about", "very cute dog"], ["created_at", "2016-04-25 05:29:06.444824"], ["updated_at", "2016-04-25 05:29:06.444824"]]
  [1m[35m (0.9ms)[0m  commit transaction
Completed 500 Internal Server Error in 22ms (ActiveRecord: 1.6ms)

ActionView::MissingTemplate (Missing template races/race with {:locale=>[:en], :formats=>[:json], :variants=>[], :handlers=>[:erb, :builder, :raw, :ruby, :jbuilder]}. Searched in:
  * "/Users/arielpollack/Desktop/Projects/Final Project/petsee/app/views"
):
  app/controllers/races_controller.rb:17:in `create'


  Rendered /Users/arielpollack/.rvm/rubies/ruby-2.1.2/lib/ruby/gems/2.1.0/gems/actionpack-4.2.6/lib/action_dispatch/middleware/templates/rescues/_source.erb (13.1ms)
  Rendered /Users/arielpollack/.rvm/rubies/ruby-2.1.2/lib/ruby/gems/2.1.0/gems/actionpack-4.2.6/lib/action_dispatch/middleware/templates/rescues/_trace.html.erb (2.7ms)
  Rendered /Users/arielpollack/.rvm/rubies/ruby-2.1.2/lib/ruby/gems/2.1.0/gems/actionpack-4.2.6/lib/action_dispatch/middleware/templates/rescues/_request_and_response.html.erb (1.0ms)
  Rendered /Users/arielpollack/.rvm/rubies/ruby-2.1.2/lib/ruby/gems/2.1.0/gems/actionpack-4.2.6/lib/action_dispatch/middleware/templates/rescues/missing_template.html.erb within rescues/layout (27.3ms)
  Rendered /Users/arielpollack/.rvm/rubies/ruby-2.1.2/lib/ruby/gems/2.1.0/gems/web-console-2.3.0/lib/web_console/templates/_markup.html.erb (0.3ms)
  Rendered /Users/arielpollack/.rvm/rubies/ruby-2.1.2/lib/ruby/gems/2.1.0/gems/web-console-2.3.0/lib/web_console/templates/_inner_console_markup.html.erb within layouts/inlined_string (0.3ms)
  Rendered /Users/arielpollack/.rvm/rubies/ruby-2.1.2/lib/ruby/gems/2.1.0/gems/web-console-2.3.0/lib/web_console/templates/_prompt_box_markup.html.erb within layouts/inlined_string (0.2ms)
  Rendered /Users/arielpollack/.rvm/rubies/ruby-2.1.2/lib/ruby/gems/2.1.0/gems/web-console-2.3.0/lib/web_console/templates/style.css.erb within layouts/inlined_string (0.3ms)
  Rendered /Users/arielpollack/.rvm/rubies/ruby-2.1.2/lib/ruby/gems/2.1.0/gems/web-console-2.3.0/lib/web_console/templates/console.js.erb within layouts/javascript (13.0ms)
  Rendered /Users/arielpollack/.rvm/rubies/ruby-2.1.2/lib/ruby/gems/2.1.0/gems/web-console-2.3.0/lib/web_console/templates/main.js.erb within layouts/javascript (0.2ms)
  Rendered /Users/arielpollack/.rvm/rubies/ruby-2.1.2/lib/ruby/gems/2.1.0/gems/web-console-2.3.0/lib/web_console/templates/error_page.js.erb within layouts/javascript (0.4ms)
  Rendered /Users/arielpollack/.rvm/rubies/ruby-2.1.2/lib/ruby/gems/2.1.0/gems/web-console-2.3.0/lib/web_console/templates/index.html.erb (27.6ms)


Started GET "/races" for 127.0.0.1 at 2016-04-25 08:29:59 +0300
Processing by RacesController#index as HTML
  Parameters: {"race"=>{}}
  [1m[36mUser Load (0.2ms)[0m  [1mSELECT  "users".* FROM "users" WHERE "users"."token" = ? LIMIT 1[0m  [["token", "a60a93de6ca842388820812d456c37bf"]]
  [1m[35mRace Load (0.2ms)[0m  SELECT "races".* FROM "races" WHERE (name like '%%')  ORDER BY "races"."name" ASC
  Rendered races/_race.json.jbuilder (0.3ms)
  Rendered races/_race.json.jbuilder (0.1ms)
  Rendered races/_race.json.jbuilder (0.1ms)
  Rendered races/index.json.jbuilder (7.8ms)
Completed 200 OK in 32ms (Views: 11.1ms | ActiveRecord: 1.3ms)


Started POST "/races" for 127.0.0.1 at 2016-04-25 08:33:27 +0300
Processing by RacesController#create as HTML
  Parameters: {"race"=>{"name"=>"Pekingese", "image"=>"http://www.dogbreedinfo.com/images25/PekingeseDogPurebredHersheyPekePeekAdultDogs.jpg", "about"=>"very cute dog"}}
  [1m[36mUser Load (0.1ms)[0m  [1mSELECT  "users".* FROM "users" WHERE "users"."token" = ? LIMIT 1[0m  [["token", "a60a93de6ca842388820812d456c37bf"]]
  [1m[35m (0.1ms)[0m  begin transaction
  [1m[36mSQL (0.9ms)[0m  [1mINSERT INTO "races" ("name", "image", "about", "created_at", "updated_at") VALUES (?, ?, ?, ?, ?)[0m  [["name", "Pekingese"], ["image", "http://www.dogbreedinfo.com/images25/PekingeseDogPurebredHersheyPekePeekAdultDogs.jpg"], ["about", "very cute dog"], ["created_at", "2016-04-25 05:33:27.896689"], ["updated_at", "2016-04-25 05:33:27.896689"]]
  [1m[35m (0.1ms)[0m  rollback transaction
Completed 500 Internal Server Error in 27ms (ActiveRecord: 2.1ms)

ActiveRecord::RecordNotUnique (SQLite3::ConstraintException: UNIQUE constraint failed: races.name: INSERT INTO "races" ("name", "image", "about", "created_at", "updated_at") VALUES (?, ?, ?, ?, ?)):
  app/controllers/races_controller.rb:16:in `create'


  Rendered /Users/arielpollack/.rvm/rubies/ruby-2.1.2/lib/ruby/gems/2.1.0/gems/actionpack-4.2.6/lib/action_dispatch/middleware/templates/rescues/_source.erb (7.0ms)
  Rendered /Users/arielpollack/.rvm/rubies/ruby-2.1.2/lib/ruby/gems/2.1.0/gems/actionpack-4.2.6/lib/action_dispatch/middleware/templates/rescues/_trace.html.erb (3.1ms)
  Rendered /Users/arielpollack/.rvm/rubies/ruby-2.1.2/lib/ruby/gems/2.1.0/gems/actionpack-4.2.6/lib/action_dispatch/middleware/templates/rescues/_request_and_response.html.erb (1.0ms)
  Rendered /Users/arielpollack/.rvm/rubies/ruby-2.1.2/lib/ruby/gems/2.1.0/gems/actionpack-4.2.6/lib/action_dispatch/middleware/templates/rescues/diagnostics.html.erb within rescues/layout (23.6ms)
  Rendered /Users/arielpollack/.rvm/rubies/ruby-2.1.2/lib/ruby/gems/2.1.0/gems/web-console-2.3.0/lib/web_console/templates/_markup.html.erb (0.4ms)
  Rendered /Users/arielpollack/.rvm/rubies/ruby-2.1.2/lib/ruby/gems/2.1.0/gems/web-console-2.3.0/lib/web_console/templates/_inner_console_markup.html.erb within layouts/inlined_string (0.4ms)
  Rendered /Users/arielpollack/.rvm/rubies/ruby-2.1.2/lib/ruby/gems/2.1.0/gems/web-console-2.3.0/lib/web_console/templates/_prompt_box_markup.html.erb within layouts/inlined_string (0.3ms)
  Rendered /Users/arielpollack/.rvm/rubies/ruby-2.1.2/lib/ruby/gems/2.1.0/gems/web-console-2.3.0/lib/web_console/templates/style.css.erb within layouts/inlined_string (0.3ms)
  Rendered /Users/arielpollack/.rvm/rubies/ruby-2.1.2/lib/ruby/gems/2.1.0/gems/web-console-2.3.0/lib/web_console/templates/console.js.erb within layouts/javascript (14.2ms)
  Rendered /Users/arielpollack/.rvm/rubies/ruby-2.1.2/lib/ruby/gems/2.1.0/gems/web-console-2.3.0/lib/web_console/templates/main.js.erb within layouts/javascript (0.4ms)
  Rendered /Users/arielpollack/.rvm/rubies/ruby-2.1.2/lib/ruby/gems/2.1.0/gems/web-console-2.3.0/lib/web_console/templates/error_page.js.erb within layouts/javascript (0.4ms)
  Rendered /Users/arielpollack/.rvm/rubies/ruby-2.1.2/lib/ruby/gems/2.1.0/gems/web-console-2.3.0/lib/web_console/templates/index.html.erb (29.3ms)


Started POST "/races" for 127.0.0.1 at 2016-04-25 08:35:47 +0300
Processing by RacesController#create as HTML
  Parameters: {"race"=>{"name"=>"Pekingese", "image"=>"http://www.dogbreedinfo.com/images25/PekingeseDogPurebredHersheyPekePeekAdultDogs.jpg", "about"=>"very cute dog"}}
  [1m[36mUser Load (0.2ms)[0m  [1mSELECT  "users".* FROM "users" WHERE "users"."token" = ? LIMIT 1[0m  [["token", "a60a93de6ca842388820812d456c37bf"]]
  [1m[35m (0.0ms)[0m  begin transaction
  [1m[36mSQL (1.0ms)[0m  [1mINSERT INTO "races" ("name", "image", "about", "created_at", "updated_at") VALUES (?, ?, ?, ?, ?)[0m  [["name", "Pekingese"], ["image", "http://www.dogbreedinfo.com/images25/PekingeseDogPurebredHersheyPekePeekAdultDogs.jpg"], ["about", "very cute dog"], ["created_at", "2016-04-25 05:35:47.262966"], ["updated_at", "2016-04-25 05:35:47.262966"]]
  [1m[35m (0.2ms)[0m  rollback transaction
Completed 500 Internal Server Error in 28ms (ActiveRecord: 2.3ms)

ActiveRecord::RecordNotUnique (SQLite3::ConstraintException: UNIQUE constraint failed: races.name: INSERT INTO "races" ("name", "image", "about", "created_at", "updated_at") VALUES (?, ?, ?, ?, ?)):
  app/controllers/races_controller.rb:16:in `create'


  Rendered /Users/arielpollack/.rvm/rubies/ruby-2.1.2/lib/ruby/gems/2.1.0/gems/actionpack-4.2.6/lib/action_dispatch/middleware/templates/rescues/_source.erb (6.1ms)
  Rendered /Users/arielpollack/.rvm/rubies/ruby-2.1.2/lib/ruby/gems/2.1.0/gems/actionpack-4.2.6/lib/action_dispatch/middleware/templates/rescues/_trace.html.erb (3.8ms)
  Rendered /Users/arielpollack/.rvm/rubies/ruby-2.1.2/lib/ruby/gems/2.1.0/gems/actionpack-4.2.6/lib/action_dispatch/middleware/templates/rescues/_request_and_response.html.erb (1.0ms)
  Rendered /Users/arielpollack/.rvm/rubies/ruby-2.1.2/lib/ruby/gems/2.1.0/gems/actionpack-4.2.6/lib/action_dispatch/middleware/templates/rescues/diagnostics.html.erb within rescues/layout (22.0ms)
  Rendered /Users/arielpollack/.rvm/rubies/ruby-2.1.2/lib/ruby/gems/2.1.0/gems/web-console-2.3.0/lib/web_console/templates/_markup.html.erb (0.5ms)
  Rendered /Users/arielpollack/.rvm/rubies/ruby-2.1.2/lib/ruby/gems/2.1.0/gems/web-console-2.3.0/lib/web_console/templates/_inner_console_markup.html.erb within layouts/inlined_string (0.4ms)
  Rendered /Users/arielpollack/.rvm/rubies/ruby-2.1.2/lib/ruby/gems/2.1.0/gems/web-console-2.3.0/lib/web_console/templates/_prompt_box_markup.html.erb within layouts/inlined_string (0.2ms)
  Rendered /Users/arielpollack/.rvm/rubies/ruby-2.1.2/lib/ruby/gems/2.1.0/gems/web-console-2.3.0/lib/web_console/templates/style.css.erb within layouts/inlined_string (0.3ms)
  Rendered /Users/arielpollack/.rvm/rubies/ruby-2.1.2/lib/ruby/gems/2.1.0/gems/web-console-2.3.0/lib/web_console/templates/console.js.erb within layouts/javascript (14.1ms)
  Rendered /Users/arielpollack/.rvm/rubies/ruby-2.1.2/lib/ruby/gems/2.1.0/gems/web-console-2.3.0/lib/web_console/templates/main.js.erb within layouts/javascript (0.3ms)
  Rendered /Users/arielpollack/.rvm/rubies/ruby-2.1.2/lib/ruby/gems/2.1.0/gems/web-console-2.3.0/lib/web_console/templates/error_page.js.erb within layouts/javascript (0.3ms)
  Rendered /Users/arielpollack/.rvm/rubies/ruby-2.1.2/lib/ruby/gems/2.1.0/gems/web-console-2.3.0/lib/web_console/templates/index.html.erb (29.8ms)


Started POST "/races" for 127.0.0.1 at 2016-04-25 08:35:56 +0300
Processing by RacesController#create as HTML
  Parameters: {"race"=>{"name"=>"Pekingese", "image"=>"http://www.dogbreedinfo.com/images25/PekingeseDogPurebredHersheyPekePeekAdultDogs.jpg", "about"=>"very cute dog"}}
  [1m[36mUser Load (0.2ms)[0m  [1mSELECT  "users".* FROM "users" WHERE "users"."token" = ? LIMIT 1[0m  [["token", "a60a93de6ca842388820812d456c37bf"]]
Completed 500 Internal Server Error in 26ms (ActiveRecord: 1.1ms)

ActionView::MissingTemplate (Missing template races/race with {:locale=>[:en], :formats=>[:json], :variants=>[], :handlers=>[:erb, :builder, :raw, :ruby, :jbuilder]}. Searched in:
  * "/Users/arielpollack/Desktop/Projects/Final Project/petsee/app/views"
):
  app/controllers/races_controller.rb:17:in `create'


  Rendered /Users/arielpollack/.rvm/rubies/ruby-2.1.2/lib/ruby/gems/2.1.0/gems/actionpack-4.2.6/lib/action_dispatch/middleware/templates/rescues/_source.erb (5.2ms)
  Rendered /Users/arielpollack/.rvm/rubies/ruby-2.1.2/lib/ruby/gems/2.1.0/gems/actionpack-4.2.6/lib/action_dispatch/middleware/templates/rescues/_trace.html.erb (2.4ms)
  Rendered /Users/arielpollack/.rvm/rubies/ruby-2.1.2/lib/ruby/gems/2.1.0/gems/actionpack-4.2.6/lib/action_dispatch/middleware/templates/rescues/_request_and_response.html.erb (1.2ms)
  Rendered /Users/arielpollack/.rvm/rubies/ruby-2.1.2/lib/ruby/gems/2.1.0/gems/actionpack-4.2.6/lib/action_dispatch/middleware/templates/rescues/missing_template.html.erb within rescues/layout (19.9ms)
  Rendered /Users/arielpollack/.rvm/rubies/ruby-2.1.2/lib/ruby/gems/2.1.0/gems/web-console-2.3.0/lib/web_console/templates/_markup.html.erb (0.3ms)
  Rendered /Users/arielpollack/.rvm/rubies/ruby-2.1.2/lib/ruby/gems/2.1.0/gems/web-console-2.3.0/lib/web_console/templates/_inner_console_markup.html.erb within layouts/inlined_string (0.3ms)
  Rendered /Users/arielpollack/.rvm/rubies/ruby-2.1.2/lib/ruby/gems/2.1.0/gems/web-console-2.3.0/lib/web_console/templates/_prompt_box_markup.html.erb within layouts/inlined_string (0.2ms)
  Rendered /Users/arielpollack/.rvm/rubies/ruby-2.1.2/lib/ruby/gems/2.1.0/gems/web-console-2.3.0/lib/web_console/templates/style.css.erb within layouts/inlined_string (0.3ms)
  Rendered /Users/arielpollack/.rvm/rubies/ruby-2.1.2/lib/ruby/gems/2.1.0/gems/web-console-2.3.0/lib/web_console/templates/console.js.erb within layouts/javascript (14.0ms)
  Rendered /Users/arielpollack/.rvm/rubies/ruby-2.1.2/lib/ruby/gems/2.1.0/gems/web-console-2.3.0/lib/web_console/templates/main.js.erb within layouts/javascript (0.3ms)
  Rendered /Users/arielpollack/.rvm/rubies/ruby-2.1.2/lib/ruby/gems/2.1.0/gems/web-console-2.3.0/lib/web_console/templates/error_page.js.erb within layouts/javascript (0.6ms)
  Rendered /Users/arielpollack/.rvm/rubies/ruby-2.1.2/lib/ruby/gems/2.1.0/gems/web-console-2.3.0/lib/web_console/templates/index.html.erb (29.0ms)


Started POST "/races" for 127.0.0.1 at 2016-04-25 08:38:52 +0300
Processing by RacesController#create as HTML
  Parameters: {"race"=>{"name"=>"Pekingese", "image"=>"http://www.dogbreedinfo.com/images25/PekingeseDogPurebredHersheyPekePeekAdultDogs.jpg", "about"=>"very cute dog"}}
  [1m[35mUser Load (0.2ms)[0m  SELECT  "users".* FROM "users" WHERE "users"."token" = ? LIMIT 1  [["token", "a60a93de6ca842388820812d456c37bf"]]
  Rendered races/_race.json.jbuilder (0.4ms)
Completed 200 OK in 36ms (Views: 4.3ms | ActiveRecord: 1.0ms)


Started POST "/races" for 127.0.0.1 at 2016-04-25 08:39:05 +0300
Processing by RacesController#create as HTML
  Parameters: {"race"=>{"name"=>"Pekingese", "image"=>"http://www.dogbreedinfo.com/images25/PekingeseDogPurebredHersheyPekePeekAdultDogs.jpg", "about"=>"very cute dog"}}
  [1m[36mUser Load (0.1ms)[0m  [1mSELECT  "users".* FROM "users" WHERE "users"."token" = ? LIMIT 1[0m  [["token", "a60a93de6ca842388820812d456c37bf"]]
  Rendered races/_race.json.jbuilder (9.1ms)
Completed 500 Internal Server Error in 35ms (ActiveRecord: 1.0ms)

ActionView::Template::Error (undefined local variable or method `race' for #<#<Class:0x007ff074284760>:0x007ff07427cfd8>):
    1: json.extract! race, :id, :name, :image, :about
  app/views/races/_race.json.jbuilder:1:in `_app_views_races__race_json_jbuilder__1177983654135301532_70335358809080'
  app/controllers/races_controller.rb:17:in `create'


  Rendered /Users/arielpollack/.rvm/rubies/ruby-2.1.2/lib/ruby/gems/2.1.0/gems/actionpack-4.2.6/lib/action_dispatch/middleware/templates/rescues/_source.erb (6.0ms)
  Rendered /Users/arielpollack/.rvm/rubies/ruby-2.1.2/lib/ruby/gems/2.1.0/gems/actionpack-4.2.6/lib/action_dispatch/middleware/templates/rescues/_trace.html.erb (2.6ms)
  Rendered /Users/arielpollack/.rvm/rubies/ruby-2.1.2/lib/ruby/gems/2.1.0/gems/actionpack-4.2.6/lib/action_dispatch/middleware/templates/rescues/_request_and_response.html.erb (1.2ms)
  Rendered /Users/arielpollack/.rvm/rubies/ruby-2.1.2/lib/ruby/gems/2.1.0/gems/actionpack-4.2.6/lib/action_dispatch/middleware/templates/rescues/template_error.html.erb within rescues/layout (20.5ms)
  Rendered /Users/arielpollack/.rvm/rubies/ruby-2.1.2/lib/ruby/gems/2.1.0/gems/web-console-2.3.0/lib/web_console/templates/_markup.html.erb (0.4ms)
  Rendered /Users/arielpollack/.rvm/rubies/ruby-2.1.2/lib/ruby/gems/2.1.0/gems/web-console-2.3.0/lib/web_console/templates/_inner_console_markup.html.erb within layouts/inlined_string (0.3ms)
  Rendered /Users/arielpollack/.rvm/rubies/ruby-2.1.2/lib/ruby/gems/2.1.0/gems/web-console-2.3.0/lib/web_console/templates/_prompt_box_markup.html.erb within layouts/inlined_string (0.3ms)
  Rendered /Users/arielpollack/.rvm/rubies/ruby-2.1.2/lib/ruby/gems/2.1.0/gems/web-console-2.3.0/lib/web_console/templates/style.css.erb within layouts/inlined_string (0.3ms)
  Rendered /Users/arielpollack/.rvm/rubies/ruby-2.1.2/lib/ruby/gems/2.1.0/gems/web-console-2.3.0/lib/web_console/templates/console.js.erb within layouts/javascript (14.0ms)
  Rendered /Users/arielpollack/.rvm/rubies/ruby-2.1.2/lib/ruby/gems/2.1.0/gems/web-console-2.3.0/lib/web_console/templates/main.js.erb within layouts/javascript (0.2ms)
  Rendered /Users/arielpollack/.rvm/rubies/ruby-2.1.2/lib/ruby/gems/2.1.0/gems/web-console-2.3.0/lib/web_console/templates/error_page.js.erb within layouts/javascript (0.4ms)
  Rendered /Users/arielpollack/.rvm/rubies/ruby-2.1.2/lib/ruby/gems/2.1.0/gems/web-console-2.3.0/lib/web_console/templates/index.html.erb (28.6ms)


Started POST "/races" for 127.0.0.1 at 2016-04-25 08:39:30 +0300
Processing by RacesController#create as HTML
  Parameters: {"race"=>{"name"=>"Pekingese", "image"=>"http://www.dogbreedinfo.com/images25/PekingeseDogPurebredHersheyPekePeekAdultDogs.jpg", "about"=>"very cute dog"}}
  [1m[35mUser Load (0.1ms)[0m  SELECT  "users".* FROM "users" WHERE "users"."token" = ? LIMIT 1  [["token", "a60a93de6ca842388820812d456c37bf"]]
  [1m[36m (0.0ms)[0m  [1mbegin transaction[0m
  [1m[35mSQL (1.0ms)[0m  INSERT INTO "races" ("name", "image", "about", "created_at", "updated_at") VALUES (?, ?, ?, ?, ?)  [["name", "Pekingese"], ["image", "http://www.dogbreedinfo.com/images25/PekingeseDogPurebredHersheyPekePeekAdultDogs.jpg"], ["about", "very cute dog"], ["created_at", "2016-04-25 05:39:30.767664"], ["updated_at", "2016-04-25 05:39:30.767664"]]
  [1m[36m (0.1ms)[0m  [1mrollback transaction[0m
Completed 500 Internal Server Error in 37ms (ActiveRecord: 2.3ms)

ActiveRecord::RecordNotUnique (SQLite3::ConstraintException: UNIQUE constraint failed: races.name: INSERT INTO "races" ("name", "image", "about", "created_at", "updated_at") VALUES (?, ?, ?, ?, ?)):
  app/controllers/races_controller.rb:16:in `create'


  Rendered /Users/arielpollack/.rvm/rubies/ruby-2.1.2/lib/ruby/gems/2.1.0/gems/actionpack-4.2.6/lib/action_dispatch/middleware/templates/rescues/_source.erb (6.6ms)
  Rendered /Users/arielpollack/.rvm/rubies/ruby-2.1.2/lib/ruby/gems/2.1.0/gems/actionpack-4.2.6/lib/action_dispatch/middleware/templates/rescues/_trace.html.erb (2.7ms)
  Rendered /Users/arielpollack/.rvm/rubies/ruby-2.1.2/lib/ruby/gems/2.1.0/gems/actionpack-4.2.6/lib/action_dispatch/middleware/templates/rescues/_request_and_response.html.erb (1.1ms)
  Rendered /Users/arielpollack/.rvm/rubies/ruby-2.1.2/lib/ruby/gems/2.1.0/gems/actionpack-4.2.6/lib/action_dispatch/middleware/templates/rescues/diagnostics.html.erb within rescues/layout (21.6ms)
  Rendered /Users/arielpollack/.rvm/rubies/ruby-2.1.2/lib/ruby/gems/2.1.0/gems/web-console-2.3.0/lib/web_console/templates/_markup.html.erb (0.4ms)
  Rendered /Users/arielpollack/.rvm/rubies/ruby-2.1.2/lib/ruby/gems/2.1.0/gems/web-console-2.3.0/lib/web_console/templates/_inner_console_markup.html.erb within layouts/inlined_string (0.3ms)
  Rendered /Users/arielpollack/.rvm/rubies/ruby-2.1.2/lib/ruby/gems/2.1.0/gems/web-console-2.3.0/lib/web_console/templates/_prompt_box_markup.html.erb within layouts/inlined_string (0.2ms)
  Rendered /Users/arielpollack/.rvm/rubies/ruby-2.1.2/lib/ruby/gems/2.1.0/gems/web-console-2.3.0/lib/web_console/templates/style.css.erb within layouts/inlined_string (0.3ms)
  Rendered /Users/arielpollack/.rvm/rubies/ruby-2.1.2/lib/ruby/gems/2.1.0/gems/web-console-2.3.0/lib/web_console/templates/console.js.erb within layouts/javascript (13.9ms)
  Rendered /Users/arielpollack/.rvm/rubies/ruby-2.1.2/lib/ruby/gems/2.1.0/gems/web-console-2.3.0/lib/web_console/templates/main.js.erb within layouts/javascript (0.2ms)
  Rendered /Users/arielpollack/.rvm/rubies/ruby-2.1.2/lib/ruby/gems/2.1.0/gems/web-console-2.3.0/lib/web_console/templates/error_page.js.erb within layouts/javascript (0.3ms)
  Rendered /Users/arielpollack/.rvm/rubies/ruby-2.1.2/lib/ruby/gems/2.1.0/gems/web-console-2.3.0/lib/web_console/templates/index.html.erb (28.7ms)


Started POST "/races" for 127.0.0.1 at 2016-04-25 08:40:44 +0300
Processing by RacesController#create as HTML
  Parameters: {"race"=>{"name"=>"Pekingese", "image"=>"http://www.dogbreedinfo.com/images25/PekingeseDogPurebredHersheyPekePeekAdultDogs.jpg", "about"=>"very cute dog"}}
  [1m[35mUser Load (0.1ms)[0m  SELECT  "users".* FROM "users" WHERE "users"."token" = ? LIMIT 1  [["token", "a60a93de6ca842388820812d456c37bf"]]
  [1m[36mRace Exists (0.2ms)[0m  [1mSELECT  1 AS one FROM "races" WHERE "races"."name" = 'Pekingese' LIMIT 1[0m
Completed 422 Unprocessable Entity in 45ms (Views: 0.3ms | ActiveRecord: 1.3ms)


Started POST "/races" for 127.0.0.1 at 2016-04-25 08:42:06 +0300
Processing by RacesController#create as HTML
  Parameters: {"race"=>{"name"=>"Rhodesian Ridgeback", "image"=>"http://www.pets4homes.co.uk/images/articles/2339/large/the-genetics-of-the-rhodesian-ridgeback-dogs-ridge-5476f97a0ce46.jpg", "about"=>"Lion Killer dog"}}
  [1m[35mUser Load (0.1ms)[0m  SELECT  "users".* FROM "users" WHERE "users"."token" = ? LIMIT 1  [["token", "a60a93de6ca842388820812d456c37bf"]]
  [1m[36mRace Exists (0.1ms)[0m  [1mSELECT  1 AS one FROM "races" WHERE "races"."name" = 'Rhodesian Ridgeback' LIMIT 1[0m
  [1m[35m (0.1ms)[0m  begin transaction
  [1m[36mCACHE (0.0ms)[0m  [1mSELECT  1 AS one FROM "races" WHERE "races"."name" = 'Rhodesian Ridgeback' LIMIT 1[0m
  [1m[35mSQL (0.3ms)[0m  INSERT INTO "races" ("name", "image", "about", "created_at", "updated_at") VALUES (?, ?, ?, ?, ?)  [["name", "Rhodesian Ridgeback"], ["image", "http://www.pets4homes.co.uk/images/articles/2339/large/the-genetics-of-the-rhodesian-ridgeback-dogs-ridge-5476f97a0ce46.jpg"], ["about", "Lion Killer dog"], ["created_at", "2016-04-25 05:42:06.146779"], ["updated_at", "2016-04-25 05:42:06.146779"]]
  [1m[36m (8.9ms)[0m  [1mcommit transaction[0m
  Rendered races/_race.json.jbuilder (0.3ms)
Completed 200 OK in 20ms (Views: 5.9ms | ActiveRecord: 9.6ms)


Started POST "/users/pets" for 127.0.0.1 at 2016-04-25 08:43:18 +0300
Processing by PetsController#create as HTML
  Parameters: {"pet"=>{"name"=>"Huey", "image"=>"http://www.pets4homes.co.uk/images/articles/2339/large/the-genetics-of-the-rhodesian-ridgeback-dogs-ridge-5476f97a0ce46.jpg", "about"=>"Lion Killer dog", "color"=>"brown", "is_trained"=>true, "race_id"=>4}}
  [1m[35mUser Load (0.1ms)[0m  SELECT  "users".* FROM "users" WHERE "users"."token" = ? LIMIT 1  [["token", "a60a93de6ca842388820812d456c37bf"]]
  [1m[36m (0.1ms)[0m  [1mbegin transaction[0m
  [1m[35mSQL (0.3ms)[0m  INSERT INTO "pets" ("name", "race_id", "color", "about", "is_trained", "image", "created_at", "updated_at") VALUES (?, ?, ?, ?, ?, ?, ?, ?)  [["name", "Huey"], ["race_id", 4], ["color", "brown"], ["about", "Lion Killer dog"], ["is_trained", "t"], ["image", "http://www.pets4homes.co.uk/images/articles/2339/large/the-genetics-of-the-rhodesian-ridgeback-dogs-ridge-5476f97a0ce46.jpg"], ["created_at", "2016-04-25 05:43:18.188283"], ["updated_at", "2016-04-25 05:43:18.188283"]]
  [1m[36m (8.2ms)[0m  [1mcommit transaction[0m
Completed 500 Internal Server Error in 24ms (ActiveRecord: 8.9ms)

ActionView::MissingTemplate (Missing template pets/pet with {:locale=>[:en], :formats=>[:json], :variants=>[], :handlers=>[:erb, :builder, :raw, :ruby, :jbuilder]}. Searched in:
  * "/Users/arielpollack/Desktop/Projects/Final Project/petsee/app/views"
):
  app/controllers/pets_controller.rb:12:in `create'


  Rendered /Users/arielpollack/.rvm/rubies/ruby-2.1.2/lib/ruby/gems/2.1.0/gems/actionpack-4.2.6/lib/action_dispatch/middleware/templates/rescues/_source.erb (5.1ms)
  Rendered /Users/arielpollack/.rvm/rubies/ruby-2.1.2/lib/ruby/gems/2.1.0/gems/actionpack-4.2.6/lib/action_dispatch/middleware/templates/rescues/_trace.html.erb (2.5ms)
  Rendered /Users/arielpollack/.rvm/rubies/ruby-2.1.2/lib/ruby/gems/2.1.0/gems/actionpack-4.2.6/lib/action_dispatch/middleware/templates/rescues/_request_and_response.html.erb (1.0ms)
  Rendered /Users/arielpollack/.rvm/rubies/ruby-2.1.2/lib/ruby/gems/2.1.0/gems/actionpack-4.2.6/lib/action_dispatch/middleware/templates/rescues/missing_template.html.erb within rescues/layout (19.1ms)
  Rendered /Users/arielpollack/.rvm/rubies/ruby-2.1.2/lib/ruby/gems/2.1.0/gems/web-console-2.3.0/lib/web_console/templates/_markup.html.erb (0.4ms)
  Rendered /Users/arielpollack/.rvm/rubies/ruby-2.1.2/lib/ruby/gems/2.1.0/gems/web-console-2.3.0/lib/web_console/templates/_inner_console_markup.html.erb within layouts/inlined_string (0.6ms)
  Rendered /Users/arielpollack/.rvm/rubies/ruby-2.1.2/lib/ruby/gems/2.1.0/gems/web-console-2.3.0/lib/web_console/templates/_prompt_box_markup.html.erb within layouts/inlined_string (0.2ms)
  Rendered /Users/arielpollack/.rvm/rubies/ruby-2.1.2/lib/ruby/gems/2.1.0/gems/web-console-2.3.0/lib/web_console/templates/style.css.erb within layouts/inlined_string (0.3ms)
  Rendered /Users/arielpollack/.rvm/rubies/ruby-2.1.2/lib/ruby/gems/2.1.0/gems/web-console-2.3.0/lib/web_console/templates/console.js.erb within layouts/javascript (14.1ms)
  Rendered /Users/arielpollack/.rvm/rubies/ruby-2.1.2/lib/ruby/gems/2.1.0/gems/web-console-2.3.0/lib/web_console/templates/main.js.erb within layouts/javascript (0.2ms)
  Rendered /Users/arielpollack/.rvm/rubies/ruby-2.1.2/lib/ruby/gems/2.1.0/gems/web-console-2.3.0/lib/web_console/templates/error_page.js.erb within layouts/javascript (0.6ms)
  Rendered /Users/arielpollack/.rvm/rubies/ruby-2.1.2/lib/ruby/gems/2.1.0/gems/web-console-2.3.0/lib/web_console/templates/index.html.erb (29.9ms)


Started POST "/users/pets" for 127.0.0.1 at 2016-04-25 08:43:50 +0300
Processing by PetsController#create as HTML
  Parameters: {"pet"=>{"name"=>"Huey", "image"=>"http://www.pets4homes.co.uk/images/articles/2339/large/the-genetics-of-the-rhodesian-ridgeback-dogs-ridge-5476f97a0ce46.jpg", "about"=>"Lion Killer dog", "color"=>"brown", "is_trained"=>true, "race_id"=>4}}
  [1m[35mUser Load (0.2ms)[0m  SELECT  "users".* FROM "users" WHERE "users"."token" = ? LIMIT 1  [["token", "a60a93de6ca842388820812d456c37bf"]]
  [1m[36m (0.1ms)[0m  [1mbegin transaction[0m
  [1m[35mSQL (0.4ms)[0m  INSERT INTO "pets" ("name", "race_id", "color", "about", "is_trained", "image", "created_at", "updated_at") VALUES (?, ?, ?, ?, ?, ?, ?, ?)  [["name", "Huey"], ["race_id", 4], ["color", "brown"], ["about", "Lion Killer dog"], ["is_trained", "t"], ["image", "http://www.pets4homes.co.uk/images/articles/2339/large/the-genetics-of-the-rhodesian-ridgeback-dogs-ridge-5476f97a0ce46.jpg"], ["created_at", "2016-04-25 05:43:50.339817"], ["updated_at", "2016-04-25 05:43:50.339817"]]
  [1m[36m (8.0ms)[0m  [1mcommit transaction[0m
  [1m[35mRace Load (0.4ms)[0m  SELECT  "races".* FROM "races" WHERE "races"."id" = ? LIMIT 1  [["id", 4]]
  Rendered pets/_pet.json.jbuilder (15.0ms)
Completed 200 OK in 67ms (Views: 19.9ms | ActiveRecord: 10.3ms)


Started GET "/users/pets" for 127.0.0.1 at 2016-04-25 08:44:33 +0300
Processing by PetsController#index as HTML
  Parameters: {"pet"=>{}}
  [1m[36mUser Load (0.1ms)[0m  [1mSELECT  "users".* FROM "users" WHERE "users"."token" = ? LIMIT 1[0m  [["token", "a60a93de6ca842388820812d456c37bf"]]
  [1m[35mPet Load (0.2ms)[0m  SELECT "pets".* FROM "pets" WHERE "pets"."owner_id" = ?  [["owner_id", 1]]
  [1m[36mRace Load (0.2ms)[0m  [1mSELECT "races".* FROM "races" WHERE "races"."id" IN (1)[0m
  Rendered pets/_pet.json.jbuilder (0.4ms)
  [1m[35m (0.1ms)[0m  SELECT COUNT(*) FROM "pets" WHERE "pets"."owner_id" = ?  [["owner_id", 1]]
  Rendered pets/index.json.jbuilder (8.8ms)
Completed 200 OK in 20ms (Views: 18.8ms | ActiveRecord: 0.6ms)


Started POST "/users/pets" for 127.0.0.1 at 2016-04-25 08:45:23 +0300
Processing by PetsController#create as HTML
  Parameters: {"pet"=>{"name"=>"Huey", "image"=>"http://www.pets4homes.co.uk/images/articles/2339/large/the-genetics-of-the-rhodesian-ridgeback-dogs-ridge-5476f97a0ce46.jpg", "about"=>"Lion Killer dog", "color"=>"brown", "is_trained"=>true, "race_id"=>4}}
  [1m[36mUser Load (0.1ms)[0m  [1mSELECT  "users".* FROM "users" WHERE "users"."token" = ? LIMIT 1[0m  [["token", "a60a93de6ca842388820812d456c37bf"]]
  [1m[35m (0.1ms)[0m  begin transaction
  [1m[36mSQL (0.4ms)[0m  [1mINSERT INTO "pets" ("name", "race_id", "color", "about", "is_trained", "image", "created_at", "updated_at") VALUES (?, ?, ?, ?, ?, ?, ?, ?)[0m  [["name", "Huey"], ["race_id", 4], ["color", "brown"], ["about", "Lion Killer dog"], ["is_trained", "t"], ["image", "http://www.pets4homes.co.uk/images/articles/2339/large/the-genetics-of-the-rhodesian-ridgeback-dogs-ridge-5476f97a0ce46.jpg"], ["created_at", "2016-04-25 05:45:23.949652"], ["updated_at", "2016-04-25 05:45:23.949652"]]
  [1m[35m (8.3ms)[0m  commit transaction
  [1m[36mRace Load (0.1ms)[0m  [1mSELECT  "races".* FROM "races" WHERE "races"."id" = ? LIMIT 1[0m  [["id", 4]]
  Rendered pets/_pet.json.jbuilder (7.6ms)
Completed 200 OK in 53ms (Views: 12.1ms | ActiveRecord: 10.2ms)


Started GET "/users/pets" for 127.0.0.1 at 2016-04-25 08:45:30 +0300
Processing by PetsController#index as HTML
  Parameters: {"pet"=>{}}
  [1m[35mUser Load (0.1ms)[0m  SELECT  "users".* FROM "users" WHERE "users"."token" = ? LIMIT 1  [["token", "a60a93de6ca842388820812d456c37bf"]]
  [1m[36mPet Load (0.2ms)[0m  [1mSELECT "pets".* FROM "pets" WHERE "pets"."owner_id" = ?[0m  [["owner_id", 1]]
  [1m[35mRace Load (0.1ms)[0m  SELECT "races".* FROM "races" WHERE "races"."id" IN (1)
  Rendered pets/_pet.json.jbuilder (0.1ms)
  [1m[36m (0.1ms)[0m  [1mSELECT COUNT(*) FROM "pets" WHERE "pets"."owner_id" = ?[0m  [["owner_id", 1]]
  Rendered pets/index.json.jbuilder (3.0ms)
Completed 200 OK in 6ms (Views: 4.2ms | ActiveRecord: 0.5ms)


Started POST "/users/pets" for 127.0.0.1 at 2016-04-25 08:45:49 +0300
Processing by PetsController#create as HTML
  Parameters: {"pet"=>{"name"=>"Huey", "image"=>"http://www.pets4homes.co.uk/images/articles/2339/large/the-genetics-of-the-rhodesian-ridgeback-dogs-ridge-5476f97a0ce46.jpg", "about"=>"Lion Killer dog", "color"=>"brown", "is_trained"=>true, "race_id"=>4}}
  [1m[35mUser Load (0.2ms)[0m  SELECT  "users".* FROM "users" WHERE "users"."token" = ? LIMIT 1  [["token", "a60a93de6ca842388820812d456c37bf"]]
  [1m[36m (0.0ms)[0m  [1mbegin transaction[0m
  [1m[35mSQL (0.4ms)[0m  INSERT INTO "pets" ("name", "race_id", "color", "about", "is_trained", "image", "owner_id", "created_at", "updated_at") VALUES (?, ?, ?, ?, ?, ?, ?, ?, ?)  [["name", "Huey"], ["race_id", 4], ["color", "brown"], ["about", "Lion Killer dog"], ["is_trained", "t"], ["image", "http://www.pets4homes.co.uk/images/articles/2339/large/the-genetics-of-the-rhodesian-ridgeback-dogs-ridge-5476f97a0ce46.jpg"], ["owner_id", 1], ["created_at", "2016-04-25 05:45:49.819633"], ["updated_at", "2016-04-25 05:45:49.819633"]]
  [1m[36m (9.1ms)[0m  [1mcommit transaction[0m
  [1m[35mRace Load (0.1ms)[0m  SELECT  "races".* FROM "races" WHERE "races"."id" = ? LIMIT 1  [["id", 4]]
  Rendered pets/_pet.json.jbuilder (7.3ms)
Completed 200 OK in 63ms (Views: 11.5ms | ActiveRecord: 11.1ms)


Started GET "/users/pets" for 127.0.0.1 at 2016-04-25 08:45:54 +0300
Processing by PetsController#index as HTML
  Parameters: {"pet"=>{}}
  [1m[36mUser Load (0.1ms)[0m  [1mSELECT  "users".* FROM "users" WHERE "users"."token" = ? LIMIT 1[0m  [["token", "a60a93de6ca842388820812d456c37bf"]]
  [1m[35mPet Load (0.2ms)[0m  SELECT "pets".* FROM "pets" WHERE "pets"."owner_id" = ?  [["owner_id", 1]]
  [1m[36mRace Load (0.2ms)[0m  [1mSELECT "races".* FROM "races" WHERE "races"."id" IN (1, 4)[0m
  Rendered pets/_pet.json.jbuilder (0.1ms)
  Rendered pets/_pet.json.jbuilder (0.1ms)
  [1m[35m (0.2ms)[0m  SELECT COUNT(*) FROM "pets" WHERE "pets"."owner_id" = ?  [["owner_id", 1]]
  Rendered pets/index.json.jbuilder (4.4ms)
Completed 200 OK in 8ms (Views: 5.5ms | ActiveRecord: 0.7ms)
